<?xml version="1.0" encoding="UTF-8"?>
<robot generator="Robot 7.3.2 (Python 3.11.0 on win32)" generated="2025-12-04T11:50:26.698999" rpa="false" schemaversion="5">
<suite id="s1" name="Tests" source="C:\Users\GENIUS\IdeaProjects\ExoRoboframework\tests">
<suite id="s1-s1" name="Api" source="C:\Users\GENIUS\IdeaProjects\ExoRoboframework\tests\api">
<suite id="s1-s1-s1" name="CreateCommande" source="C:\Users\GENIUS\IdeaProjects\ExoRoboframework\tests\api\CreateCommande.robot">
<test id="s1-s1-s1-t1" name="po" line="7">
<kw name="Créer le command" owner="keywords">
<kw name="Create Session" owner="RPA.HTTP">
<msg time="2025-12-04T11:50:27.302225" level="INFO">Creating Session using : alias=placejsonholder, url=https://api.restful-api.dev, headers={},                     cookies={}, auth=None, timeout=None, proxies=None, verify=False,                     debug=0 </msg>
<arg>placejsonholder</arg>
<arg>${navigateur}</arg>
<doc>Create Session: create a HTTP session to a server</doc>
<status status="PASS" start="2025-12-04T11:50:27.302225" elapsed="0.000000"/>
</kw>
<kw name="Create Dictionary" owner="BuiltIn">
<msg time="2025-12-04T11:50:27.302225" level="INFO">${addcommande} = {'name': 'Hp victus 15', 'year': '2020', 'price': '4098.34', 'CPU model': 'intel core i9'}</msg>
<var>${addcommande}</var>
<arg>name=Hp victus 15</arg>
<arg>year=2020</arg>
<arg>price=4098.34</arg>
<arg>CPU model=intel core i9</arg>
<doc>Creates and returns a dictionary based on the given ``items``.</doc>
<status status="PASS" start="2025-12-04T11:50:27.302225" elapsed="0.000000"/>
</kw>
<kw name="POST On Session" owner="RPA.HTTP">
<msg time="2025-12-04T11:50:27.566514" level="INFO">C:\Users\GENIUS\AppData\Roaming\Python\Python311\site-packages\urllib3\connectionpool.py:1097: InsecureRequestWarning: Unverified HTTPS request is being made to host 'api.restful-api.dev'. Adding certificate verification is strongly advised. See: https://urllib3.readthedocs.io/en/latest/advanced-usage.html#tls-warnings
  warnings.warn(</msg>
<msg time="2025-12-04T11:50:27.566514" level="INFO">${thecommande2} = &lt;Response [200]&gt;</msg>
<var>${thecommande2}</var>
<arg>placejsonholder</arg>
<arg>/objects</arg>
<arg>json=${addcommande}</arg>
<doc>Sends a POST request on a previously created HTTP Session.</doc>
<status status="PASS" start="2025-12-04T11:50:27.302225" elapsed="0.264289"/>
</kw>
<kw name="Status Should Be" owner="RPA.HTTP">
<arg>200</arg>
<doc>Fails if response status code is different than the expected.</doc>
<status status="PASS" start="2025-12-04T11:50:27.571792" elapsed="0.000000"/>
</kw>
<kw name="To Json" owner="RPA.HTTP">
<msg time="2025-12-04T11:50:27.571792" level="WARN">Keyword 'RPA.HTTP.To Json' is deprecated. Please use ${resp.json()} instead. Have a look at the improved HTML output as pretty printing replacement.</msg>
<msg time="2025-12-04T11:50:27.571792" level="INFO">To JSON using : content={"id":"ff8081819782e69e019ae8fc1ae17c2f","name":"Hp victus 15","createdAt":"2025-12-04T10:50:27.425+00:00","data":null} </msg>
<msg time="2025-12-04T11:50:27.571792" level="INFO">To JSON using : pretty_print=False </msg>
<msg time="2025-12-04T11:50:27.571792" level="INFO">${verify} = {'id': 'ff8081819782e69e019ae8fc1ae17c2f', 'name': 'Hp victus 15', 'createdAt': '2025-12-04T10:50:27.425+00:00', 'data': None}</msg>
<var>${verify}</var>
<arg>${thecommande2.content}</arg>
<doc>*DEPRECATED* Please use ${resp.json()} instead. Have a look at the improved HTML output as pretty printing replacement.</doc>
<status status="PASS" start="2025-12-04T11:50:27.571792" elapsed="0.000000"/>
</kw>
<kw name="Should Be Equal" owner="BuiltIn">
<arg>${verify['name']}</arg>
<arg>Hp victus 15</arg>
<doc>Fails if the given objects are unequal.</doc>
<status status="PASS" start="2025-12-04T11:50:27.571792" elapsed="0.002508"/>
</kw>
<kw name="Open Browser" owner="SeleniumLibrary">
<msg time="2025-12-04T11:50:27.574300" level="INFO">Opening browser 'firefox' to base url 'https://api.restful-api.dev/objects'.</msg>
<arg>https://api.restful-api.dev/objects</arg>
<arg>firefox</arg>
<doc>Opens a new browser instance to the optional ``url``.</doc>
<status status="PASS" start="2025-12-04T11:50:27.574300" elapsed="11.705674"/>
</kw>
<kw name="Page Should Contain" owner="SeleniumLibrary">
<msg time="2025-12-04T11:50:39.375029" level="INFO">Current page contains text 'Apple AirPods'.</msg>
<arg>${verifyvariable}</arg>
<doc>Verifies that current page contains ``text``.</doc>
<status status="PASS" start="2025-12-04T11:50:39.279974" elapsed="0.095055"/>
</kw>
<status status="PASS" start="2025-12-04T11:50:27.302225" elapsed="12.072804"/>
</kw>
<status status="PASS" start="2025-12-04T11:50:27.302225" elapsed="12.072804"/>
</test>
<status status="PASS" start="2025-12-04T11:50:26.718730" elapsed="12.661832"/>
</suite>
<status status="PASS" start="2025-12-04T11:50:26.715333" elapsed="12.684371"/>
</suite>
<suite id="s1-s2" name="Intermediaire" source="C:\Users\GENIUS\IdeaProjects\ExoRoboframework\tests\Intermediaire">
<suite id="s1-s2-s1" name="Exo" source="C:\Users\GENIUS\IdeaProjects\ExoRoboframework\tests\Intermediaire\exo.robot">
<test id="s1-s2-s1-t1" name="Call Api" line="33">
<kw name="Manipuler Les Api request">
<kw name="Create Session" owner="RequestsLibrary">
<msg time="2025-12-04T11:50:39.527967" level="INFO">Creating Session using : alias=manipuler, url=https://api.restful-api.dev, headers={},                     cookies={}, auth=None, timeout=None, proxies=None, verify=False,                     debug=0 </msg>
<arg>manipuler</arg>
<arg>https://api.restful-api.dev</arg>
<doc>Create Session: create a HTTP session to a server</doc>
<status status="PASS" start="2025-12-04T11:50:39.526968" elapsed="0.002000"/>
</kw>
<kw name="GET On Session" owner="RequestsLibrary">
<msg time="2025-12-04T11:50:39.798113" level="INFO">C:\Users\GENIUS\AppData\Roaming\Python\Python311\site-packages\urllib3\connectionpool.py:1097: InsecureRequestWarning: Unverified HTTPS request is being made to host 'api.restful-api.dev'. Adding certificate verification is strongly advised. See: https://urllib3.readthedocs.io/en/latest/advanced-usage.html#tls-warnings
  warnings.warn(</msg>
<msg time="2025-12-04T11:50:39.805771" level="INFO">${myrequest} = &lt;Response [200]&gt;</msg>
<var>${myrequest}</var>
<arg>manipuler</arg>
<arg>/objects</arg>
<doc>Sends a GET request on a previously created HTTP Session.</doc>
<status status="PASS" start="2025-12-04T11:50:39.529968" elapsed="0.275803"/>
</kw>
<kw name="Status Should Be" owner="RequestsLibrary">
<arg>200</arg>
<doc>Fails if response status code is different than the expected.</doc>
<status status="PASS" start="2025-12-04T11:50:39.805771" elapsed="0.000000"/>
</kw>
<kw name="To Json" owner="RequestsLibrary">
<msg time="2025-12-04T11:50:39.805771" level="WARN">Keyword 'RequestsLibrary.To Json' is deprecated. Please use ${resp.json()} instead. Have a look at the improved HTML output as pretty printing replacement.</msg>
<msg time="2025-12-04T11:50:39.820287" level="INFO">To JSON using : content=[{"id":"1","name":"Google Pixel 6 Pro","data":{"color":"Cloudy White","capacity":"128 GB"}},{"id":"2","name":"Apple iPhone 12 Mini, 256GB, Blue","data":null},{"id":"3","name":"Apple iPhone 12 Pro Max","data":{"color":"Cloudy White","capacity GB":512}},{"id":"4","name":"Apple iPhone 11, 64GB","data":{"price":389.99,"color":"Purple"}},{"id":"5","name":"Samsung Galaxy Z Fold2","data":{"price":689.99,"color":"Brown"}},{"id":"6","name":"Apple AirPods","data":{"generation":"3rd","price":120}},{"id":"7","name":"Apple MacBook Pro 16","data":{"year":2019,"price":1849.99,"CPU model":"Intel Core i9","Hard disk size":"1 TB"}},{"id":"8","name":"Apple Watch Series 8","data":{"Strap Colour":"Elderberry","Case Size":"41mm"}},{"id":"9","name":"Beats Studio3 Wireless","data":{"Color":"Red","Description":"High-performance wireless noise cancelling headphones"}},{"id":"10","name":"Apple iPad Mini 5th Gen","data":{"Capacity":"64 GB","Screen size":7.9}},{"id":"11","name":"Apple iPad Mini 5th Gen","data":{"Capacity":"254 GB","Screen size":7.9}},{"id":"12","name":"Apple iPad Air","data":{"Generation":"4th","Price":"419.99","Capacity":"64 GB"}},{"id":"13","name":"Apple iPad Air","data":{"Generation":"4th","Price":"519.99","Capacity":"256 GB"}}] </msg>
<msg time="2025-12-04T11:50:39.821275" level="INFO">To JSON using : pretty_print=False </msg>
<msg time="2025-12-04T11:50:39.821275" level="INFO">${nametest} = [{'id': '1', 'name': 'Google Pixel 6 Pro', 'data': {'color': 'Cloudy White', 'capacity': '128 GB'}}, {'id': '2', 'name': 'Apple iPhone 12 Mini, 256GB, Blue', 'data': None}, {'id': '3', 'name': 'Apple ...</msg>
<var>${nametest}</var>
<arg>${myrequest.content}</arg>
<doc>*DEPRECATED* Please use ${resp.json()} instead. Have a look at the improved HTML output as pretty printing replacement.</doc>
<status status="PASS" start="2025-12-04T11:50:39.805771" elapsed="0.015504"/>
</kw>
<kw name="Get From List" owner="Collections">
<msg time="2025-12-04T11:50:39.827954" level="INFO">${first} = {'id': '1', 'name': 'Google Pixel 6 Pro', 'data': {'color': 'Cloudy White', 'capacity': '128 GB'}}</msg>
<var>${first}</var>
<arg>${nametest}</arg>
<arg>0</arg>
<doc>Returns the value specified with an ``index`` from ``list``.</doc>
<status status="PASS" start="2025-12-04T11:50:39.827954" elapsed="0.000000"/>
</kw>
<kw name="Should Be Equal" owner="BuiltIn">
<arg>${first['name']}</arg>
<arg>Google Pixel 6 Pro</arg>
<doc>Fails if the given objects are unequal.</doc>
<status status="PASS" start="2025-12-04T11:50:39.828951" elapsed="0.002674"/>
</kw>
<status status="PASS" start="2025-12-04T11:50:39.526968" elapsed="0.304657"/>
</kw>
<status status="PASS" start="2025-12-04T11:50:39.525336" elapsed="0.315224"/>
</test>
<test id="s1-s2-s1-t2" name="call Csv" line="35">
<kw name="Manipuler Fichier csv">
<kw name="Read table from CSV" owner="RPA.Tables">
<msg time="2025-12-04T11:50:39.931876" level="INFO">${lirecsv} = Table(columns=['Index', 'Customer Id', 'First Name', 'Last Name', 'Company', 'City', 'Country', 'Phone 1', 'Phone 2', 'Email', 'Subscription Date', 'Website'], rows=100)</msg>
<var>${lirecsv}</var>
<arg>${readcsv}</arg>
<doc>Read a CSV file as a table.</doc>
<status status="PASS" start="2025-12-04T11:50:39.909927" elapsed="0.021949"/>
</kw>
<for flavor="IN">
<iter>
<if>
<branch type="IF" condition="'${element}[First Name]' == 'Sheryl' and '${element}[Last Name]' == 'Baxter'">
<kw name="Set Variable" owner="BuiltIn">
<msg time="2025-12-04T11:50:39.934010" level="INFO">${USERNAME} = Sheryl</msg>
<var>${USERNAME}</var>
<arg>${element}[First Name]</arg>
<doc>Returns the given values which can then be assigned to a variables.</doc>
<status status="PASS" start="2025-12-04T11:50:39.934010" elapsed="0.000000"/>
</kw>
<status status="PASS" start="2025-12-04T11:50:39.934010" elapsed="0.000000"/>
</branch>
<status status="PASS" start="2025-12-04T11:50:39.934010" elapsed="0.000000"/>
</if>
<var name="${element}">{'Index': '1', 'Customer Id': 'DD37Cf93aecA6Dc', 'First Name': 'Sheryl', 'Last Name': 'Baxter', 'Company': 'Rasmussen Group', 'City': 'East Leonard', 'Country': 'Chile', 'Phone 1': '229.077.5154', 'Ph...</var>
<status status="PASS" start="2025-12-04T11:50:39.932998" elapsed="0.001012"/>
</iter>
<iter>
<if>
<branch type="IF" condition="'${element}[First Name]' == 'Sheryl' and '${element}[Last Name]' == 'Baxter'">
<kw name="Set Variable" owner="BuiltIn">
<var>${USERNAME}</var>
<arg>${element}[First Name]</arg>
<doc>Returns the given values which can then be assigned to a variables.</doc>
<status status="NOT RUN" start="2025-12-04T11:50:39.940392" elapsed="0.000000"/>
</kw>
<status status="NOT RUN" start="2025-12-04T11:50:39.939524" elapsed="0.001389"/>
</branch>
<status status="PASS" start="2025-12-04T11:50:39.939524" elapsed="0.001389"/>
</if>
<var name="${element}">{'Index': '2', 'Customer Id': '1Ef7b82A4CAAD10', 'First Name': 'Preston', 'Last Name': 'Lozano', 'Company': 'Vega-Gentry', 'City': 'East Jimmychester', 'Country': 'Djibouti', 'Phone 1': '5153435776', ...</var>
<status status="PASS" start="2025-12-04T11:50:39.939524" elapsed="0.001389"/>
</iter>
<iter>
<if>
<branch type="IF" condition="'${element}[First Name]' == 'Sheryl' and '${element}[Last Name]' == 'Baxter'">
<kw name="Set Variable" owner="BuiltIn">
<var>${USERNAME}</var>
<arg>${element}[First Name]</arg>
<doc>Returns the given values which can then be assigned to a variables.</doc>
<status status="NOT RUN" start="2025-12-04T11:50:39.941919" elapsed="0.000000"/>
</kw>
<status status="NOT RUN" start="2025-12-04T11:50:39.941919" elapsed="0.001038"/>
</branch>
<status status="PASS" start="2025-12-04T11:50:39.941919" elapsed="0.001038"/>
</if>
<var name="${element}">{'Index': '3', 'Customer Id': '6F94879bDAfE5a6', 'First Name': 'Roy', 'Last Name': 'Berry', 'Company': 'Murillo-Perry', 'City': 'Isabelborough', 'Country': 'Antigua and Barbuda', 'Phone 1': '+1-539-40...</var>
<status status="PASS" start="2025-12-04T11:50:39.941919" elapsed="0.001038"/>
</iter>
<iter>
<if>
<branch type="IF" condition="'${element}[First Name]' == 'Sheryl' and '${element}[Last Name]' == 'Baxter'">
<kw name="Set Variable" owner="BuiltIn">
<var>${USERNAME}</var>
<arg>${element}[First Name]</arg>
<doc>Returns the given values which can then be assigned to a variables.</doc>
<status status="NOT RUN" start="2025-12-04T11:50:39.943592" elapsed="0.000000"/>
</kw>
<status status="NOT RUN" start="2025-12-04T11:50:39.942957" elapsed="0.000635"/>
</branch>
<status status="PASS" start="2025-12-04T11:50:39.942957" elapsed="0.000635"/>
</if>
<var name="${element}">{'Index': '4', 'Customer Id': '5Cef8BFA16c5e3c', 'First Name': 'Linda', 'Last Name': 'Olsen', 'Company': 'Dominguez, Mcmillan and Donovan', 'City': 'Bensonview', 'Country': 'Dominican Republic', 'Phon...</var>
<status status="PASS" start="2025-12-04T11:50:39.942957" elapsed="0.005010"/>
</iter>
<iter>
<if>
<branch type="IF" condition="'${element}[First Name]' == 'Sheryl' and '${element}[Last Name]' == 'Baxter'">
<kw name="Set Variable" owner="BuiltIn">
<var>${USERNAME}</var>
<arg>${element}[First Name]</arg>
<doc>Returns the given values which can then be assigned to a variables.</doc>
<status status="NOT RUN" start="2025-12-04T11:50:39.948989" elapsed="0.000000"/>
</kw>
<status status="NOT RUN" start="2025-12-04T11:50:39.948989" elapsed="0.000000"/>
</branch>
<status status="PASS" start="2025-12-04T11:50:39.948989" elapsed="0.000000"/>
</if>
<var name="${element}">{'Index': '5', 'Customer Id': '053d585Ab6b3159', 'First Name': 'Joanna', 'Last Name': 'Bender', 'Company': 'Martin, Lang and Andrade', 'City': 'West Priscilla', 'Country': 'Slovakia (Slovak Republic)'...</var>
<status status="PASS" start="2025-12-04T11:50:39.948989" elapsed="0.001002"/>
</iter>
<iter>
<if>
<branch type="IF" condition="'${element}[First Name]' == 'Sheryl' and '${element}[Last Name]' == 'Baxter'">
<kw name="Set Variable" owner="BuiltIn">
<var>${USERNAME}</var>
<arg>${element}[First Name]</arg>
<doc>Returns the given values which can then be assigned to a variables.</doc>
<status status="NOT RUN" start="2025-12-04T11:50:39.949991" elapsed="0.000000"/>
</kw>
<status status="NOT RUN" start="2025-12-04T11:50:39.949991" elapsed="0.000000"/>
</branch>
<status status="PASS" start="2025-12-04T11:50:39.949991" elapsed="0.000000"/>
</if>
<var name="${element}">{'Index': '6', 'Customer Id': '2d08FB17EE273F4', 'First Name': 'Aimee', 'Last Name': 'Downs', 'Company': 'Steele Group', 'City': 'Chavezborough', 'Country': 'Bosnia and Herzegovina', 'Phone 1': '(283)...</var>
<status status="PASS" start="2025-12-04T11:50:39.949991" elapsed="0.000000"/>
</iter>
<iter>
<if>
<branch type="IF" condition="'${element}[First Name]' == 'Sheryl' and '${element}[Last Name]' == 'Baxter'">
<kw name="Set Variable" owner="BuiltIn">
<var>${USERNAME}</var>
<arg>${element}[First Name]</arg>
<doc>Returns the given values which can then be assigned to a variables.</doc>
<status status="NOT RUN" start="2025-12-04T11:50:39.956485" elapsed="0.000000"/>
</kw>
<status status="NOT RUN" start="2025-12-04T11:50:39.950992" elapsed="0.005493"/>
</branch>
<status status="PASS" start="2025-12-04T11:50:39.950992" elapsed="0.005493"/>
</if>
<var name="${element}">{'Index': '7', 'Customer Id': 'EA4d384DfDbBf77', 'First Name': 'Darren', 'Last Name': 'Peck', 'Company': 'Lester, Woodard and Mitchell', 'City': 'Lake Ana', 'Country': 'Pitcairn Islands', 'Phone 1': '...</var>
<status status="PASS" start="2025-12-04T11:50:39.950992" elapsed="0.005493"/>
</iter>
<iter>
<if>
<branch type="IF" condition="'${element}[First Name]' == 'Sheryl' and '${element}[Last Name]' == 'Baxter'">
<kw name="Set Variable" owner="BuiltIn">
<var>${USERNAME}</var>
<arg>${element}[First Name]</arg>
<doc>Returns the given values which can then be assigned to a variables.</doc>
<status status="NOT RUN" start="2025-12-04T11:50:39.957509" elapsed="0.000000"/>
</kw>
<status status="NOT RUN" start="2025-12-04T11:50:39.957509" elapsed="0.000000"/>
</branch>
<status status="PASS" start="2025-12-04T11:50:39.957509" elapsed="0.000000"/>
</if>
<var name="${element}">{'Index': '8', 'Customer Id': '0e04AFde9f225dE', 'First Name': 'Brett', 'Last Name': 'Mullen', 'Company': 'Sanford, Davenport and Giles', 'City': 'Kimport', 'Country': 'Bulgaria', 'Phone 1': '001-583-...</var>
<status status="PASS" start="2025-12-04T11:50:39.956485" elapsed="0.001024"/>
</iter>
<iter>
<if>
<branch type="IF" condition="'${element}[First Name]' == 'Sheryl' and '${element}[Last Name]' == 'Baxter'">
<kw name="Set Variable" owner="BuiltIn">
<var>${USERNAME}</var>
<arg>${element}[First Name]</arg>
<doc>Returns the given values which can then be assigned to a variables.</doc>
<status status="NOT RUN" start="2025-12-04T11:50:39.965137" elapsed="0.000000"/>
</kw>
<status status="NOT RUN" start="2025-12-04T11:50:39.957509" elapsed="0.007628"/>
</branch>
<status status="PASS" start="2025-12-04T11:50:39.957509" elapsed="0.007628"/>
</if>
<var name="${element}">{'Index': '9', 'Customer Id': 'C2dE4dEEc489ae0', 'First Name': 'Sheryl', 'Last Name': 'Meyers', 'Company': 'Browning-Simon', 'City': 'Robersonstad', 'Country': 'Cyprus', 'Phone 1': '854-138-4911x5772'...</var>
<status status="PASS" start="2025-12-04T11:50:39.957509" elapsed="0.007628"/>
</iter>
<iter>
<if>
<branch type="IF" condition="'${element}[First Name]' == 'Sheryl' and '${element}[Last Name]' == 'Baxter'">
<kw name="Set Variable" owner="BuiltIn">
<var>${USERNAME}</var>
<arg>${element}[First Name]</arg>
<doc>Returns the given values which can then be assigned to a variables.</doc>
<status status="NOT RUN" start="2025-12-04T11:50:39.967066" elapsed="0.000000"/>
</kw>
<status status="NOT RUN" start="2025-12-04T11:50:39.966134" elapsed="0.000932"/>
</branch>
<status status="PASS" start="2025-12-04T11:50:39.966134" elapsed="0.000932"/>
</if>
<var name="${element}">{'Index': '10', 'Customer Id': '8C2811a503C7c5a', 'First Name': 'Michelle', 'Last Name': 'Gallagher', 'Company': 'Beck-Hendrix', 'City': 'Elaineberg', 'Country': 'Timor-Leste', 'Phone 1': '739.218.251...</var>
<status status="PASS" start="2025-12-04T11:50:39.966134" elapsed="0.000932"/>
</iter>
<iter>
<if>
<branch type="IF" condition="'${element}[First Name]' == 'Sheryl' and '${element}[Last Name]' == 'Baxter'">
<kw name="Set Variable" owner="BuiltIn">
<var>${USERNAME}</var>
<arg>${element}[First Name]</arg>
<doc>Returns the given values which can then be assigned to a variables.</doc>
<status status="NOT RUN" start="2025-12-04T11:50:39.968073" elapsed="0.000000"/>
</kw>
<status status="NOT RUN" start="2025-12-04T11:50:39.967066" elapsed="0.001007"/>
</branch>
<status status="PASS" start="2025-12-04T11:50:39.967066" elapsed="0.001007"/>
</if>
<var name="${element}">{'Index': '11', 'Customer Id': '216E205d6eBb815', 'First Name': 'Carl', 'Last Name': 'Schroeder', 'Company': 'Oconnell, Meza and Everett', 'City': 'Shannonville', 'Country': 'Guernsey', 'Phone 1': '63...</var>
<status status="PASS" start="2025-12-04T11:50:39.967066" elapsed="0.001007"/>
</iter>
<iter>
<if>
<branch type="IF" condition="'${element}[First Name]' == 'Sheryl' and '${element}[Last Name]' == 'Baxter'">
<kw name="Set Variable" owner="BuiltIn">
<var>${USERNAME}</var>
<arg>${element}[First Name]</arg>
<doc>Returns the given values which can then be assigned to a variables.</doc>
<status status="NOT RUN" start="2025-12-04T11:50:39.969313" elapsed="0.000000"/>
</kw>
<status status="NOT RUN" start="2025-12-04T11:50:39.969313" elapsed="0.000000"/>
</branch>
<status status="PASS" start="2025-12-04T11:50:39.969313" elapsed="0.000000"/>
</if>
<var name="${element}">{'Index': '12', 'Customer Id': 'CEDec94deE6d69B', 'First Name': 'Jenna', 'Last Name': 'Dodson', 'Company': 'Hoffman, Reed and Mcclain', 'City': 'East Andrea', 'Country': 'Vietnam', 'Phone 1': '(041)73...</var>
<status status="PASS" start="2025-12-04T11:50:39.969313" elapsed="0.000000"/>
</iter>
<iter>
<if>
<branch type="IF" condition="'${element}[First Name]' == 'Sheryl' and '${element}[Last Name]' == 'Baxter'">
<kw name="Set Variable" owner="BuiltIn">
<var>${USERNAME}</var>
<arg>${element}[First Name]</arg>
<doc>Returns the given values which can then be assigned to a variables.</doc>
<status status="NOT RUN" start="2025-12-04T11:50:39.970338" elapsed="0.000000"/>
</kw>
<status status="NOT RUN" start="2025-12-04T11:50:39.970338" elapsed="0.000000"/>
</branch>
<status status="PASS" start="2025-12-04T11:50:39.970338" elapsed="0.000000"/>
</if>
<var name="${element}">{'Index': '13', 'Customer Id': 'e35426EbDEceaFF', 'First Name': 'Tracey', 'Last Name': 'Mata', 'Company': 'Graham-Francis', 'City': 'South Joannamouth', 'Country': 'Togo', 'Phone 1': '001-949-844-8787...</var>
<status status="PASS" start="2025-12-04T11:50:39.969313" elapsed="0.001025"/>
</iter>
<iter>
<if>
<branch type="IF" condition="'${element}[First Name]' == 'Sheryl' and '${element}[Last Name]' == 'Baxter'">
<kw name="Set Variable" owner="BuiltIn">
<var>${USERNAME}</var>
<arg>${element}[First Name]</arg>
<doc>Returns the given values which can then be assigned to a variables.</doc>
<status status="NOT RUN" start="2025-12-04T11:50:39.977050" elapsed="0.000000"/>
</kw>
<status status="NOT RUN" start="2025-12-04T11:50:39.977050" elapsed="0.000000"/>
</branch>
<status status="PASS" start="2025-12-04T11:50:39.970338" elapsed="0.007778"/>
</if>
<var name="${element}">{'Index': '14', 'Customer Id': 'A08A8aF8BE9FaD4', 'First Name': 'Kristine', 'Last Name': 'Cox', 'Company': 'Carpenter-Cook', 'City': 'Jodyberg', 'Country': 'Sri Lanka', 'Phone 1': '786-284-3358x62152'...</var>
<status status="PASS" start="2025-12-04T11:50:39.970338" elapsed="0.007778"/>
</iter>
<iter>
<if>
<branch type="IF" condition="'${element}[First Name]' == 'Sheryl' and '${element}[Last Name]' == 'Baxter'">
<kw name="Set Variable" owner="BuiltIn">
<var>${USERNAME}</var>
<arg>${element}[First Name]</arg>
<doc>Returns the given values which can then be assigned to a variables.</doc>
<status status="NOT RUN" start="2025-12-04T11:50:39.986466" elapsed="0.000000"/>
</kw>
<status status="NOT RUN" start="2025-12-04T11:50:39.978116" elapsed="0.008350"/>
</branch>
<status status="PASS" start="2025-12-04T11:50:39.978116" elapsed="0.009428"/>
</if>
<var name="${element}">{'Index': '15', 'Customer Id': '6fEaA1b7cab7B6C', 'First Name': 'Faith', 'Last Name': 'Lutz', 'Company': 'Carter-Hancock', 'City': 'Burchbury', 'Country': 'Singapore', 'Phone 1': '(781)861-7180x8306',...</var>
<status status="PASS" start="2025-12-04T11:50:39.978116" elapsed="0.009428"/>
</iter>
<iter>
<if>
<branch type="IF" condition="'${element}[First Name]' == 'Sheryl' and '${element}[Last Name]' == 'Baxter'">
<kw name="Set Variable" owner="BuiltIn">
<var>${USERNAME}</var>
<arg>${element}[First Name]</arg>
<doc>Returns the given values which can then be assigned to a variables.</doc>
<status status="NOT RUN" start="2025-12-04T11:50:39.994817" elapsed="0.000000"/>
</kw>
<status status="NOT RUN" start="2025-12-04T11:50:39.987544" elapsed="0.007273"/>
</branch>
<status status="PASS" start="2025-12-04T11:50:39.987544" elapsed="0.007273"/>
</if>
<var name="${element}">{'Index': '16', 'Customer Id': '8cad0b4CBceaeec', 'First Name': 'Miranda', 'Last Name': 'Beasley', 'Company': 'Singleton and Sons', 'City': 'Desireeshire', 'Country': 'Oman', 'Phone 1': '540.085.3135x...</var>
<status status="PASS" start="2025-12-04T11:50:39.987544" elapsed="0.008199"/>
</iter>
<iter>
<if>
<branch type="IF" condition="'${element}[First Name]' == 'Sheryl' and '${element}[Last Name]' == 'Baxter'">
<kw name="Set Variable" owner="BuiltIn">
<var>${USERNAME}</var>
<arg>${element}[First Name]</arg>
<doc>Returns the given values which can then be assigned to a variables.</doc>
<status status="NOT RUN" start="2025-12-04T11:50:39.995743" elapsed="0.000000"/>
</kw>
<status status="NOT RUN" start="2025-12-04T11:50:39.995743" elapsed="0.000000"/>
</branch>
<status status="PASS" start="2025-12-04T11:50:39.995743" elapsed="0.000000"/>
</if>
<var name="${element}">{'Index': '17', 'Customer Id': 'a5DC21AE3a21eaA', 'First Name': 'Caroline', 'Last Name': 'Foley', 'Company': 'Winters-Mendoza', 'City': 'West Adriennestad', 'Country': 'Western Sahara', 'Phone 1': '93...</var>
<status status="PASS" start="2025-12-04T11:50:39.995743" elapsed="0.000000"/>
</iter>
<iter>
<if>
<branch type="IF" condition="'${element}[First Name]' == 'Sheryl' and '${element}[Last Name]' == 'Baxter'">
<kw name="Set Variable" owner="BuiltIn">
<var>${USERNAME}</var>
<arg>${element}[First Name]</arg>
<doc>Returns the given values which can then be assigned to a variables.</doc>
<status status="NOT RUN" start="2025-12-04T11:50:40.005429" elapsed="0.000000"/>
</kw>
<status status="NOT RUN" start="2025-12-04T11:50:39.996796" elapsed="0.008633"/>
</branch>
<status status="PASS" start="2025-12-04T11:50:39.996796" elapsed="0.008633"/>
</if>
<var name="${element}">{'Index': '18', 'Customer Id': 'F8Aa9d6DfcBeeF8', 'First Name': 'Greg', 'Last Name': 'Mata', 'Company': 'Valentine LLC', 'City': 'Lake Leslie', 'Country': 'Mozambique', 'Phone 1': '(701)087-2415', 'Ph...</var>
<status status="PASS" start="2025-12-04T11:50:39.995743" elapsed="0.009686"/>
</iter>
<iter>
<if>
<branch type="IF" condition="'${element}[First Name]' == 'Sheryl' and '${element}[Last Name]' == 'Baxter'">
<kw name="Set Variable" owner="BuiltIn">
<var>${USERNAME}</var>
<arg>${element}[First Name]</arg>
<doc>Returns the given values which can then be assigned to a variables.</doc>
<status status="NOT RUN" start="2025-12-04T11:50:40.006445" elapsed="0.000000"/>
</kw>
<status status="NOT RUN" start="2025-12-04T11:50:40.006445" elapsed="0.000000"/>
</branch>
<status status="PASS" start="2025-12-04T11:50:40.006445" elapsed="0.000000"/>
</if>
<var name="${element}">{'Index': '19', 'Customer Id': 'F160f5Db3EfE973', 'First Name': 'Clifford', 'Last Name': 'Jacobson', 'Company': 'Simon LLC', 'City': 'Harmonview', 'Country': 'South Georgia and the South Sandwich Isla...</var>
<status status="PASS" start="2025-12-04T11:50:40.005429" elapsed="0.002032"/>
</iter>
<iter>
<if>
<branch type="IF" condition="'${element}[First Name]' == 'Sheryl' and '${element}[Last Name]' == 'Baxter'">
<kw name="Set Variable" owner="BuiltIn">
<var>${USERNAME}</var>
<arg>${element}[First Name]</arg>
<doc>Returns the given values which can then be assigned to a variables.</doc>
<status status="NOT RUN" start="2025-12-04T11:50:40.016172" elapsed="0.000000"/>
</kw>
<status status="NOT RUN" start="2025-12-04T11:50:40.015176" elapsed="0.000996"/>
</branch>
<status status="PASS" start="2025-12-04T11:50:40.015176" elapsed="0.000996"/>
</if>
<var name="${element}">{'Index': '20', 'Customer Id': '0F60FF3DdCd7aB0', 'First Name': 'Joanna', 'Last Name': 'Kirk', 'Company': 'Mays-Mccormick', 'City': 'Jamesshire', 'Country': 'French Polynesia', 'Phone 1': '(266)131-70...</var>
<status status="PASS" start="2025-12-04T11:50:40.015176" elapsed="0.000996"/>
</iter>
<iter>
<if>
<branch type="IF" condition="'${element}[First Name]' == 'Sheryl' and '${element}[Last Name]' == 'Baxter'">
<kw name="Set Variable" owner="BuiltIn">
<var>${USERNAME}</var>
<arg>${element}[First Name]</arg>
<doc>Returns the given values which can then be assigned to a variables.</doc>
<status status="NOT RUN" start="2025-12-04T11:50:40.017165" elapsed="0.000000"/>
</kw>
<status status="NOT RUN" start="2025-12-04T11:50:40.017165" elapsed="0.000000"/>
</branch>
<status status="PASS" start="2025-12-04T11:50:40.017165" elapsed="0.000000"/>
</if>
<var name="${element}">{'Index': '21', 'Customer Id': '9F9AdB7B8A6f7F2', 'First Name': 'Maxwell', 'Last Name': 'Frye', 'Company': 'Patterson Inc', 'City': 'East Carly', 'Country': 'Malta', 'Phone 1': '423.262.3059', 'Phone ...</var>
<status status="PASS" start="2025-12-04T11:50:40.017165" elapsed="0.000000"/>
</iter>
<iter>
<if>
<branch type="IF" condition="'${element}[First Name]' == 'Sheryl' and '${element}[Last Name]' == 'Baxter'">
<kw name="Set Variable" owner="BuiltIn">
<var>${USERNAME}</var>
<arg>${element}[First Name]</arg>
<doc>Returns the given values which can then be assigned to a variables.</doc>
<status status="NOT RUN" start="2025-12-04T11:50:40.018353" elapsed="0.000000"/>
</kw>
<status status="NOT RUN" start="2025-12-04T11:50:40.017165" elapsed="0.001188"/>
</branch>
<status status="PASS" start="2025-12-04T11:50:40.017165" elapsed="0.001188"/>
</if>
<var name="${element}">{'Index': '22', 'Customer Id': 'FBd0Ded4F02a742', 'First Name': 'Kiara', 'Last Name': 'Houston', 'Company': 'Manning, Hester and Arroyo', 'City': 'South Alvin', 'Country': 'Netherlands', 'Phone 1': '0...</var>
<status status="PASS" start="2025-12-04T11:50:40.017165" elapsed="0.001188"/>
</iter>
<iter>
<if>
<branch type="IF" condition="'${element}[First Name]' == 'Sheryl' and '${element}[Last Name]' == 'Baxter'">
<kw name="Set Variable" owner="BuiltIn">
<var>${USERNAME}</var>
<arg>${element}[First Name]</arg>
<doc>Returns the given values which can then be assigned to a variables.</doc>
<status status="NOT RUN" start="2025-12-04T11:50:40.026105" elapsed="0.000000"/>
</kw>
<status status="NOT RUN" start="2025-12-04T11:50:40.025103" elapsed="0.001002"/>
</branch>
<status status="PASS" start="2025-12-04T11:50:40.025103" elapsed="0.001002"/>
</if>
<var name="${element}">{'Index': '23', 'Customer Id': '2FB0FAA1d429421', 'First Name': 'Colleen', 'Last Name': 'Howard', 'Company': 'Greer and Sons', 'City': 'Brittanyview', 'Country': 'Paraguay', 'Phone 1': '1935085151', '...</var>
<status status="PASS" start="2025-12-04T11:50:40.025103" elapsed="0.001002"/>
</iter>
<iter>
<if>
<branch type="IF" condition="'${element}[First Name]' == 'Sheryl' and '${element}[Last Name]' == 'Baxter'">
<kw name="Set Variable" owner="BuiltIn">
<var>${USERNAME}</var>
<arg>${element}[First Name]</arg>
<doc>Returns the given values which can then be assigned to a variables.</doc>
<status status="NOT RUN" start="2025-12-04T11:50:40.026105" elapsed="0.000000"/>
</kw>
<status status="NOT RUN" start="2025-12-04T11:50:40.026105" elapsed="0.008015"/>
</branch>
<status status="PASS" start="2025-12-04T11:50:40.026105" elapsed="0.009592"/>
</if>
<var name="${element}">{'Index': '24', 'Customer Id': '010468dAA11382c', 'First Name': 'Janet', 'Last Name': 'Valenzuela', 'Company': 'Watts-Donaldson', 'City': 'Veronicamouth', 'Country': "Lao People's Democratic Republic"...</var>
<status status="PASS" start="2025-12-04T11:50:40.026105" elapsed="0.009592"/>
</iter>
<iter>
<if>
<branch type="IF" condition="'${element}[First Name]' == 'Sheryl' and '${element}[Last Name]' == 'Baxter'">
<kw name="Set Variable" owner="BuiltIn">
<var>${USERNAME}</var>
<arg>${element}[First Name]</arg>
<doc>Returns the given values which can then be assigned to a variables.</doc>
<status status="NOT RUN" start="2025-12-04T11:50:40.036719" elapsed="0.000000"/>
</kw>
<status status="NOT RUN" start="2025-12-04T11:50:40.035697" elapsed="0.001022"/>
</branch>
<status status="PASS" start="2025-12-04T11:50:40.035697" elapsed="0.001022"/>
</if>
<var name="${element}">{'Index': '25', 'Customer Id': 'eC1927Ca84E033e', 'First Name': 'Shane', 'Last Name': 'Wilcox', 'Company': 'Tucker LLC', 'City': 'Bryanville', 'Country': 'Albania', 'Phone 1': '(429)005-9030x11004', '...</var>
<status status="PASS" start="2025-12-04T11:50:40.035697" elapsed="0.001022"/>
</iter>
<iter>
<if>
<branch type="IF" condition="'${element}[First Name]' == 'Sheryl' and '${element}[Last Name]' == 'Baxter'">
<kw name="Set Variable" owner="BuiltIn">
<var>${USERNAME}</var>
<arg>${element}[First Name]</arg>
<doc>Returns the given values which can then be assigned to a variables.</doc>
<status status="NOT RUN" start="2025-12-04T11:50:40.041576" elapsed="0.000000"/>
</kw>
<status status="NOT RUN" start="2025-12-04T11:50:40.036719" elapsed="0.004857"/>
</branch>
<status status="PASS" start="2025-12-04T11:50:40.036719" elapsed="0.004857"/>
</if>
<var name="${element}">{'Index': '26', 'Customer Id': '09D7D7C8Fe09aea', 'First Name': 'Marcus', 'Last Name': 'Moody', 'Company': 'Giles Ltd', 'City': 'Kaitlyntown', 'Country': 'Panama', 'Phone 1': '674-677-8623', 'Phone 2'...</var>
<status status="PASS" start="2025-12-04T11:50:40.036719" elapsed="0.004857"/>
</iter>
<iter>
<if>
<branch type="IF" condition="'${element}[First Name]' == 'Sheryl' and '${element}[Last Name]' == 'Baxter'">
<kw name="Set Variable" owner="BuiltIn">
<var>${USERNAME}</var>
<arg>${element}[First Name]</arg>
<doc>Returns the given values which can then be assigned to a variables.</doc>
<status status="NOT RUN" start="2025-12-04T11:50:40.043086" elapsed="0.000000"/>
</kw>
<status status="NOT RUN" start="2025-12-04T11:50:40.041576" elapsed="0.001510"/>
</branch>
<status status="PASS" start="2025-12-04T11:50:40.041576" elapsed="0.001510"/>
</if>
<var name="${element}">{'Index': '27', 'Customer Id': 'aBdfcF2c50b0bfD', 'First Name': 'Dakota', 'Last Name': 'Poole', 'Company': 'Simmons Group', 'City': 'Michealshire', 'Country': 'Belarus', 'Phone 1': '(371)987-8576x4720...</var>
<status status="PASS" start="2025-12-04T11:50:40.041576" elapsed="0.001510"/>
</iter>
<iter>
<if>
<branch type="IF" condition="'${element}[First Name]' == 'Sheryl' and '${element}[Last Name]' == 'Baxter'">
<kw name="Set Variable" owner="BuiltIn">
<var>${USERNAME}</var>
<arg>${element}[First Name]</arg>
<doc>Returns the given values which can then be assigned to a variables.</doc>
<status status="NOT RUN" start="2025-12-04T11:50:40.043626" elapsed="0.002503"/>
</kw>
<status status="NOT RUN" start="2025-12-04T11:50:40.043626" elapsed="0.002503"/>
</branch>
<status status="PASS" start="2025-12-04T11:50:40.043626" elapsed="0.002930"/>
</if>
<var name="${element}">{'Index': '28', 'Customer Id': 'b92EBfdF8a3f0E6', 'First Name': 'Frederick', 'Last Name': 'Harper', 'Company': 'Hinton, Chaney and Stokes', 'City': 'South Marissatown', 'Country': 'Switzerland', 'Phon...</var>
<status status="PASS" start="2025-12-04T11:50:40.043626" elapsed="0.002930"/>
</iter>
<iter>
<if>
<branch type="IF" condition="'${element}[First Name]' == 'Sheryl' and '${element}[Last Name]' == 'Baxter'">
<kw name="Set Variable" owner="BuiltIn">
<var>${USERNAME}</var>
<arg>${element}[First Name]</arg>
<doc>Returns the given values which can then be assigned to a variables.</doc>
<status status="NOT RUN" start="2025-12-04T11:50:40.046556" elapsed="0.000000"/>
</kw>
<status status="NOT RUN" start="2025-12-04T11:50:40.046556" elapsed="0.000000"/>
</branch>
<status status="PASS" start="2025-12-04T11:50:40.046556" elapsed="0.000000"/>
</if>
<var name="${element}">{'Index': '29', 'Customer Id': '3B5dAAFA41AFa22', 'First Name': 'Stefanie', 'Last Name': 'Fitzpatrick', 'Company': 'Santana-Duran', 'City': 'Acevedoville', 'Country': 'Saint Vincent and the Grenadines...</var>
<status status="PASS" start="2025-12-04T11:50:40.046556" elapsed="0.000000"/>
</iter>
<iter>
<if>
<branch type="IF" condition="'${element}[First Name]' == 'Sheryl' and '${element}[Last Name]' == 'Baxter'">
<kw name="Set Variable" owner="BuiltIn">
<var>${USERNAME}</var>
<arg>${element}[First Name]</arg>
<doc>Returns the given values which can then be assigned to a variables.</doc>
<status status="NOT RUN" start="2025-12-04T11:50:40.047694" elapsed="0.000000"/>
</kw>
<status status="NOT RUN" start="2025-12-04T11:50:40.047694" elapsed="0.000000"/>
</branch>
<status status="PASS" start="2025-12-04T11:50:40.047694" elapsed="0.000000"/>
</if>
<var name="${element}">{'Index': '30', 'Customer Id': 'EDA69ca7a6e96a2', 'First Name': 'Kent', 'Last Name': 'Bradshaw', 'Company': 'Sawyer PLC', 'City': 'North Harold', 'Country': 'Tanzania', 'Phone 1': '+1-472-143-5037x884...</var>
<status status="PASS" start="2025-12-04T11:50:40.046556" elapsed="0.005813"/>
</iter>
<iter>
<if>
<branch type="IF" condition="'${element}[First Name]' == 'Sheryl' and '${element}[Last Name]' == 'Baxter'">
<kw name="Set Variable" owner="BuiltIn">
<var>${USERNAME}</var>
<arg>${element}[First Name]</arg>
<doc>Returns the given values which can then be assigned to a variables.</doc>
<status status="NOT RUN" start="2025-12-04T11:50:40.053895" elapsed="0.000000"/>
</kw>
<status status="NOT RUN" start="2025-12-04T11:50:40.052888" elapsed="0.001007"/>
</branch>
<status status="PASS" start="2025-12-04T11:50:40.052888" elapsed="0.001007"/>
</if>
<var name="${element}">{'Index': '31', 'Customer Id': '64DCcDFaB9DFd4e', 'First Name': 'Jack', 'Last Name': 'Tate', 'Company': 'Acosta, Petersen and Morrow', 'City': 'West Samuel', 'Country': 'Zimbabwe', 'Phone 1': '965-108...</var>
<status status="PASS" start="2025-12-04T11:50:40.052888" elapsed="0.001007"/>
</iter>
<iter>
<if>
<branch type="IF" condition="'${element}[First Name]' == 'Sheryl' and '${element}[Last Name]' == 'Baxter'">
<kw name="Set Variable" owner="BuiltIn">
<var>${USERNAME}</var>
<arg>${element}[First Name]</arg>
<doc>Returns the given values which can then be assigned to a variables.</doc>
<status status="NOT RUN" start="2025-12-04T11:50:40.054973" elapsed="0.000000"/>
</kw>
<status status="NOT RUN" start="2025-12-04T11:50:40.053895" elapsed="0.001078"/>
</branch>
<status status="PASS" start="2025-12-04T11:50:40.053895" elapsed="0.001078"/>
</if>
<var name="${element}">{'Index': '32', 'Customer Id': '679c6c83DD872d6', 'First Name': 'Tom', 'Last Name': 'Trujillo', 'Company': 'Mcgee Group', 'City': 'Cunninghamborough', 'Country': 'Denmark', 'Phone 1': '416-338-3758', ...</var>
<status status="PASS" start="2025-12-04T11:50:40.053895" elapsed="0.001078"/>
</iter>
<iter>
<if>
<branch type="IF" condition="'${element}[First Name]' == 'Sheryl' and '${element}[Last Name]' == 'Baxter'">
<kw name="Set Variable" owner="BuiltIn">
<var>${USERNAME}</var>
<arg>${element}[First Name]</arg>
<doc>Returns the given values which can then be assigned to a variables.</doc>
<status status="NOT RUN" start="2025-12-04T11:50:40.060590" elapsed="0.000000"/>
</kw>
<status status="NOT RUN" start="2025-12-04T11:50:40.054973" elapsed="0.005617"/>
</branch>
<status status="PASS" start="2025-12-04T11:50:40.054973" elapsed="0.005617"/>
</if>
<var name="${element}">{'Index': '33', 'Customer Id': '7Ce381e4Afa4ba9', 'First Name': 'Gabriel', 'Last Name': 'Mejia', 'Company': 'Adkins-Salinas', 'City': 'Port Annatown', 'Country': 'Liechtenstein', 'Phone 1': '407724542...</var>
<status status="PASS" start="2025-12-04T11:50:40.054973" elapsed="0.005617"/>
</iter>
<iter>
<if>
<branch type="IF" condition="'${element}[First Name]' == 'Sheryl' and '${element}[Last Name]' == 'Baxter'">
<kw name="Set Variable" owner="BuiltIn">
<var>${USERNAME}</var>
<arg>${element}[First Name]</arg>
<doc>Returns the given values which can then be assigned to a variables.</doc>
<status status="NOT RUN" start="2025-12-04T11:50:40.061664" elapsed="0.000000"/>
</kw>
<status status="NOT RUN" start="2025-12-04T11:50:40.060590" elapsed="0.001074"/>
</branch>
<status status="PASS" start="2025-12-04T11:50:40.060590" elapsed="0.001074"/>
</if>
<var name="${element}">{'Index': '34', 'Customer Id': 'A09AEc6E3bF70eE', 'First Name': 'Kaitlyn', 'Last Name': 'Santana', 'Company': 'Herrera Group', 'City': 'New Kaitlyn', 'Country': 'United States of America', 'Phone 1': ...</var>
<status status="PASS" start="2025-12-04T11:50:40.060590" elapsed="0.001074"/>
</iter>
<iter>
<if>
<branch type="IF" condition="'${element}[First Name]' == 'Sheryl' and '${element}[Last Name]' == 'Baxter'">
<kw name="Set Variable" owner="BuiltIn">
<var>${USERNAME}</var>
<arg>${element}[First Name]</arg>
<doc>Returns the given values which can then be assigned to a variables.</doc>
<status status="NOT RUN" start="2025-12-04T11:50:40.061664" elapsed="0.000000"/>
</kw>
<status status="NOT RUN" start="2025-12-04T11:50:40.061664" elapsed="0.000000"/>
</branch>
<status status="PASS" start="2025-12-04T11:50:40.061664" elapsed="0.000000"/>
</if>
<var name="${element}">{'Index': '35', 'Customer Id': 'aA9BAFfBc3710fe', 'First Name': 'Faith', 'Last Name': 'Moon', 'Company': 'Waters, Chase and Aguilar', 'City': 'West Marthaburgh', 'Country': 'Bahamas', 'Phone 1': '+1-5...</var>
<status status="PASS" start="2025-12-04T11:50:40.061664" elapsed="0.000000"/>
</iter>
<iter>
<if>
<branch type="IF" condition="'${element}[First Name]' == 'Sheryl' and '${element}[Last Name]' == 'Baxter'">
<kw name="Set Variable" owner="BuiltIn">
<var>${USERNAME}</var>
<arg>${element}[First Name]</arg>
<doc>Returns the given values which can then be assigned to a variables.</doc>
<status status="NOT RUN" start="2025-12-04T11:50:40.063246" elapsed="0.000000"/>
</kw>
<status status="NOT RUN" start="2025-12-04T11:50:40.062659" elapsed="0.003667"/>
</branch>
<status status="PASS" start="2025-12-04T11:50:40.062659" elapsed="0.003667"/>
</if>
<var name="${element}">{'Index': '36', 'Customer Id': 'E11dfb2DB8C9f72', 'First Name': 'Tammie', 'Last Name': 'Haley', 'Company': 'Palmer, Barnes and Houston', 'City': 'East Teresa', 'Country': 'Belize', 'Phone 1': '001-276...</var>
<status status="PASS" start="2025-12-04T11:50:40.062659" elapsed="0.003667"/>
</iter>
<iter>
<if>
<branch type="IF" condition="'${element}[First Name]' == 'Sheryl' and '${element}[Last Name]' == 'Baxter'">
<kw name="Set Variable" owner="BuiltIn">
<var>${USERNAME}</var>
<arg>${element}[First Name]</arg>
<doc>Returns the given values which can then be assigned to a variables.</doc>
<status status="NOT RUN" start="2025-12-04T11:50:40.068600" elapsed="0.000000"/>
</kw>
<status status="NOT RUN" start="2025-12-04T11:50:40.067250" elapsed="0.001350"/>
</branch>
<status status="PASS" start="2025-12-04T11:50:40.067250" elapsed="0.001350"/>
</if>
<var name="${element}">{'Index': '37', 'Customer Id': '889eCf90f68c5Da', 'First Name': 'Nicholas', 'Last Name': 'Sosa', 'Company': 'Jordan Ltd', 'City': 'South Hunter', 'Country': 'Uruguay', 'Phone 1': '(661)425-6042', 'Pho...</var>
<status status="PASS" start="2025-12-04T11:50:40.067250" elapsed="0.001350"/>
</iter>
<iter>
<if>
<branch type="IF" condition="'${element}[First Name]' == 'Sheryl' and '${element}[Last Name]' == 'Baxter'">
<kw name="Set Variable" owner="BuiltIn">
<var>${USERNAME}</var>
<arg>${element}[First Name]</arg>
<doc>Returns the given values which can then be assigned to a variables.</doc>
<status status="NOT RUN" start="2025-12-04T11:50:40.069664" elapsed="0.000000"/>
</kw>
<status status="NOT RUN" start="2025-12-04T11:50:40.069664" elapsed="0.000000"/>
</branch>
<status status="PASS" start="2025-12-04T11:50:40.069664" elapsed="0.000000"/>
</if>
<var name="${element}">{'Index': '38', 'Customer Id': '7a1Ee69F4fF4B4D', 'First Name': 'Jordan', 'Last Name': 'Gay', 'Company': 'Glover and Sons', 'City': 'South Walter', 'Country': 'Solomon Islands', 'Phone 1': '7208417020...</var>
<status status="PASS" start="2025-12-04T11:50:40.069664" elapsed="0.000000"/>
</iter>
<iter>
<if>
<branch type="IF" condition="'${element}[First Name]' == 'Sheryl' and '${element}[Last Name]' == 'Baxter'">
<kw name="Set Variable" owner="BuiltIn">
<var>${USERNAME}</var>
<arg>${element}[First Name]</arg>
<doc>Returns the given values which can then be assigned to a variables.</doc>
<status status="NOT RUN" start="2025-12-04T11:50:40.075889" elapsed="0.000000"/>
</kw>
<status status="NOT RUN" start="2025-12-04T11:50:40.069664" elapsed="0.006225"/>
</branch>
<status status="PASS" start="2025-12-04T11:50:40.069664" elapsed="0.006225"/>
</if>
<var name="${element}">{'Index': '39', 'Customer Id': 'dca4f1D0A0fc5c9', 'First Name': 'Bruce', 'Last Name': 'Esparza', 'Company': 'Huerta-Mclean', 'City': 'Poolefurt', 'Country': 'Montenegro', 'Phone 1': '559-529-4424', 'P...</var>
<status status="PASS" start="2025-12-04T11:50:40.069664" elapsed="0.006225"/>
</iter>
<iter>
<if>
<branch type="IF" condition="'${element}[First Name]' == 'Sheryl' and '${element}[Last Name]' == 'Baxter'">
<kw name="Set Variable" owner="BuiltIn">
<var>${USERNAME}</var>
<arg>${element}[First Name]</arg>
<doc>Returns the given values which can then be assigned to a variables.</doc>
<status status="NOT RUN" start="2025-12-04T11:50:40.075889" elapsed="0.000000"/>
</kw>
<status status="NOT RUN" start="2025-12-04T11:50:40.075889" elapsed="0.000000"/>
</branch>
<status status="PASS" start="2025-12-04T11:50:40.075889" elapsed="0.000000"/>
</if>
<var name="${element}">{'Index': '40', 'Customer Id': '17aD8e2dB3df03D', 'First Name': 'Sherry', 'Last Name': 'Garza', 'Company': 'Anderson Ltd', 'City': 'West John', 'Country': 'Poland', 'Phone 1': '001-067-713-6440x158', ...</var>
<status status="PASS" start="2025-12-04T11:50:40.075889" elapsed="0.000000"/>
</iter>
<iter>
<if>
<branch type="IF" condition="'${element}[First Name]' == 'Sheryl' and '${element}[Last Name]' == 'Baxter'">
<kw name="Set Variable" owner="BuiltIn">
<var>${USERNAME}</var>
<arg>${element}[First Name]</arg>
<doc>Returns the given values which can then be assigned to a variables.</doc>
<status status="NOT RUN" start="2025-12-04T11:50:40.083786" elapsed="0.000000"/>
</kw>
<status status="NOT RUN" start="2025-12-04T11:50:40.075889" elapsed="0.007897"/>
</branch>
<status status="PASS" start="2025-12-04T11:50:40.075889" elapsed="0.007897"/>
</if>
<var name="${element}">{'Index': '41', 'Customer Id': '2f79Cd309624Abb', 'First Name': 'Natalie', 'Last Name': 'Gentry', 'Company': 'Monroe PLC', 'City': 'West Darius', 'Country': 'Dominican Republic', 'Phone 1': '830.996.8...</var>
<status status="PASS" start="2025-12-04T11:50:40.075889" elapsed="0.007897"/>
</iter>
<iter>
<if>
<branch type="IF" condition="'${element}[First Name]' == 'Sheryl' and '${element}[Last Name]' == 'Baxter'">
<kw name="Set Variable" owner="BuiltIn">
<var>${USERNAME}</var>
<arg>${element}[First Name]</arg>
<doc>Returns the given values which can then be assigned to a variables.</doc>
<status status="NOT RUN" start="2025-12-04T11:50:40.093149" elapsed="0.000000"/>
</kw>
<status status="NOT RUN" start="2025-12-04T11:50:40.083786" elapsed="0.009363"/>
</branch>
<status status="PASS" start="2025-12-04T11:50:40.083786" elapsed="0.009363"/>
</if>
<var name="${element}">{'Index': '42', 'Customer Id': '6e5ad5a5e2bB5Ca', 'First Name': 'Bryan', 'Last Name': 'Dunn', 'Company': 'Kaufman and Sons', 'City': 'North Jimstad', 'Country': 'Burkina Faso', 'Phone 1': '001-710-802...</var>
<status status="PASS" start="2025-12-04T11:50:40.083786" elapsed="0.009363"/>
</iter>
<iter>
<if>
<branch type="IF" condition="'${element}[First Name]' == 'Sheryl' and '${element}[Last Name]' == 'Baxter'">
<kw name="Set Variable" owner="BuiltIn">
<var>${USERNAME}</var>
<arg>${element}[First Name]</arg>
<doc>Returns the given values which can then be assigned to a variables.</doc>
<status status="NOT RUN" start="2025-12-04T11:50:40.094964" elapsed="0.000000"/>
</kw>
<status status="NOT RUN" start="2025-12-04T11:50:40.094964" elapsed="0.000000"/>
</branch>
<status status="PASS" start="2025-12-04T11:50:40.094964" elapsed="0.000000"/>
</if>
<var name="${element}">{'Index': '43', 'Customer Id': '7E441b6B228DBcA', 'First Name': 'Wayne', 'Last Name': 'Simpson', 'Company': 'Perkins-Trevino', 'City': 'East Rebekahborough', 'Country': 'Bolivia', 'Phone 1': '(344)156...</var>
<status status="PASS" start="2025-12-04T11:50:40.094964" elapsed="0.000000"/>
</iter>
<iter>
<if>
<branch type="IF" condition="'${element}[First Name]' == 'Sheryl' and '${element}[Last Name]' == 'Baxter'">
<kw name="Set Variable" owner="BuiltIn">
<var>${USERNAME}</var>
<arg>${element}[First Name]</arg>
<doc>Returns the given values which can then be assigned to a variables.</doc>
<status status="NOT RUN" start="2025-12-04T11:50:40.103414" elapsed="0.000000"/>
</kw>
<status status="NOT RUN" start="2025-12-04T11:50:40.096051" elapsed="0.007363"/>
</branch>
<status status="PASS" start="2025-12-04T11:50:40.096051" elapsed="0.007363"/>
</if>
<var name="${element}">{'Index': '44', 'Customer Id': 'D3fC11A9C235Dc6', 'First Name': 'Luis', 'Last Name': 'Greer', 'Company': 'Cross PLC', 'City': 'North Drew', 'Country': 'Bulgaria', 'Phone 1': '001-336-025-6849x701', 'P...</var>
<status status="PASS" start="2025-12-04T11:50:40.096051" elapsed="0.007363"/>
</iter>
<iter>
<if>
<branch type="IF" condition="'${element}[First Name]' == 'Sheryl' and '${element}[Last Name]' == 'Baxter'">
<kw name="Set Variable" owner="BuiltIn">
<var>${USERNAME}</var>
<arg>${element}[First Name]</arg>
<doc>Returns the given values which can then be assigned to a variables.</doc>
<status status="NOT RUN" start="2025-12-04T11:50:40.104562" elapsed="0.000000"/>
</kw>
<status status="NOT RUN" start="2025-12-04T11:50:40.104562" elapsed="0.000000"/>
</branch>
<status status="PASS" start="2025-12-04T11:50:40.104562" elapsed="0.000000"/>
</if>
<var name="${element}">{'Index': '45', 'Customer Id': '30Dfa48fe5Ede78', 'First Name': 'Rhonda', 'Last Name': 'Frost', 'Company': 'Herrera, Shepherd and Underwood', 'City': 'Lake Lindaburgh', 'Country': 'Monaco', 'Phone 1':...</var>
<status status="PASS" start="2025-12-04T11:50:40.104562" elapsed="0.000000"/>
</iter>
<iter>
<if>
<branch type="IF" condition="'${element}[First Name]' == 'Sheryl' and '${element}[Last Name]' == 'Baxter'">
<kw name="Set Variable" owner="BuiltIn">
<var>${USERNAME}</var>
<arg>${element}[First Name]</arg>
<doc>Returns the given values which can then be assigned to a variables.</doc>
<status status="NOT RUN" start="2025-12-04T11:50:40.105515" elapsed="0.000000"/>
</kw>
<status status="NOT RUN" start="2025-12-04T11:50:40.105515" elapsed="0.000000"/>
</branch>
<status status="PASS" start="2025-12-04T11:50:40.105515" elapsed="0.000000"/>
</if>
<var name="${element}">{'Index': '46', 'Customer Id': 'fD780ED8dbEae7B', 'First Name': 'Joanne', 'Last Name': 'Montes', 'Company': 'Price, Sexton and Mcdaniel', 'City': 'Gwendolynview', 'Country': 'Palau', 'Phone 1': '(897)...</var>
<status status="PASS" start="2025-12-04T11:50:40.105515" elapsed="0.000000"/>
</iter>
<iter>
<if>
<branch type="IF" condition="'${element}[First Name]' == 'Sheryl' and '${element}[Last Name]' == 'Baxter'">
<kw name="Set Variable" owner="BuiltIn">
<var>${USERNAME}</var>
<arg>${element}[First Name]</arg>
<doc>Returns the given values which can then be assigned to a variables.</doc>
<status status="NOT RUN" start="2025-12-04T11:50:40.106506" elapsed="0.000000"/>
</kw>
<status status="NOT RUN" start="2025-12-04T11:50:40.106506" elapsed="0.000000"/>
</branch>
<status status="PASS" start="2025-12-04T11:50:40.106506" elapsed="0.006423"/>
</if>
<var name="${element}">{'Index': '47', 'Customer Id': '300A40d3ce24bBA', 'First Name': 'Geoffrey', 'Last Name': 'Guzman', 'Company': 'Short-Wiggins', 'City': 'Zimmermanland', 'Country': 'Uzbekistan', 'Phone 1': '975.235.892...</var>
<status status="PASS" start="2025-12-04T11:50:40.106506" elapsed="0.009004"/>
</iter>
<iter>
<if>
<branch type="IF" condition="'${element}[First Name]' == 'Sheryl' and '${element}[Last Name]' == 'Baxter'">
<kw name="Set Variable" owner="BuiltIn">
<var>${USERNAME}</var>
<arg>${element}[First Name]</arg>
<doc>Returns the given values which can then be assigned to a variables.</doc>
<status status="NOT RUN" start="2025-12-04T11:50:40.115510" elapsed="0.000000"/>
</kw>
<status status="NOT RUN" start="2025-12-04T11:50:40.115510" elapsed="0.000000"/>
</branch>
<status status="PASS" start="2025-12-04T11:50:40.115510" elapsed="0.000000"/>
</if>
<var name="${element}">{'Index': '48', 'Customer Id': '283DFCD0Dba40aF', 'First Name': 'Gloria', 'Last Name': 'Mccall', 'Company': 'Brennan, Acosta and Ramos', 'City': 'North Kerriton', 'Country': 'Ghana', 'Phone 1': '445-6...</var>
<status status="PASS" start="2025-12-04T11:50:40.115510" elapsed="0.000000"/>
</iter>
<iter>
<if>
<branch type="IF" condition="'${element}[First Name]' == 'Sheryl' and '${element}[Last Name]' == 'Baxter'">
<kw name="Set Variable" owner="BuiltIn">
<var>${USERNAME}</var>
<arg>${element}[First Name]</arg>
<doc>Returns the given values which can then be assigned to a variables.</doc>
<status status="NOT RUN" start="2025-12-04T11:50:40.122915" elapsed="0.000000"/>
</kw>
<status status="NOT RUN" start="2025-12-04T11:50:40.115510" elapsed="0.007405"/>
</branch>
<status status="PASS" start="2025-12-04T11:50:40.115510" elapsed="0.007405"/>
</if>
<var name="${element}">{'Index': '49', 'Customer Id': 'F4Fc91fEAEad286', 'First Name': 'Brady', 'Last Name': 'Cohen', 'Company': 'Osborne-Erickson', 'City': 'North Eileenville', 'Country': 'United Arab Emirates', 'Phone 1':...</var>
<status status="PASS" start="2025-12-04T11:50:40.115510" elapsed="0.007405"/>
</iter>
<iter>
<if>
<branch type="IF" condition="'${element}[First Name]' == 'Sheryl' and '${element}[Last Name]' == 'Baxter'">
<kw name="Set Variable" owner="BuiltIn">
<var>${USERNAME}</var>
<arg>${element}[First Name]</arg>
<doc>Returns the given values which can then be assigned to a variables.</doc>
<status status="NOT RUN" start="2025-12-04T11:50:40.124045" elapsed="0.000000"/>
</kw>
<status status="NOT RUN" start="2025-12-04T11:50:40.124045" elapsed="0.000000"/>
</branch>
<status status="PASS" start="2025-12-04T11:50:40.124045" elapsed="0.000000"/>
</if>
<var name="${element}">{'Index': '50', 'Customer Id': '80F33Fd2AcebF05', 'First Name': 'Latoya', 'Last Name': 'Mccann', 'Company': 'Hobbs, Garrett and Sanford', 'City': 'Port Sergiofort', 'Country': 'Belarus', 'Phone 1': '(...</var>
<status status="PASS" start="2025-12-04T11:50:40.122915" elapsed="0.001130"/>
</iter>
<iter>
<if>
<branch type="IF" condition="'${element}[First Name]' == 'Sheryl' and '${element}[Last Name]' == 'Baxter'">
<kw name="Set Variable" owner="BuiltIn">
<var>${USERNAME}</var>
<arg>${element}[First Name]</arg>
<doc>Returns the given values which can then be assigned to a variables.</doc>
<status status="NOT RUN" start="2025-12-04T11:50:40.124045" elapsed="0.000000"/>
</kw>
<status status="NOT RUN" start="2025-12-04T11:50:40.124045" elapsed="0.000000"/>
</branch>
<status status="PASS" start="2025-12-04T11:50:40.124045" elapsed="0.000000"/>
</if>
<var name="${element}">{'Index': '51', 'Customer Id': 'Aa20BDe68eAb0e9', 'First Name': 'Gerald', 'Last Name': 'Hawkins', 'Company': 'Phelps, Forbes and Koch', 'City': 'New Alberttown', 'Country': 'Canada', 'Phone 1': '+1-32...</var>
<status status="PASS" start="2025-12-04T11:50:40.124045" elapsed="0.000000"/>
</iter>
<iter>
<if>
<branch type="IF" condition="'${element}[First Name]' == 'Sheryl' and '${element}[Last Name]' == 'Baxter'">
<kw name="Set Variable" owner="BuiltIn">
<var>${USERNAME}</var>
<arg>${element}[First Name]</arg>
<doc>Returns the given values which can then be assigned to a variables.</doc>
<status status="NOT RUN" start="2025-12-04T11:50:40.129851" elapsed="0.000000"/>
</kw>
<status status="NOT RUN" start="2025-12-04T11:50:40.129851" elapsed="0.000000"/>
</branch>
<status status="PASS" start="2025-12-04T11:50:40.125648" elapsed="0.004203"/>
</if>
<var name="${element}">{'Index': '52', 'Customer Id': 'e898eEB1B9FE22b', 'First Name': 'Samuel', 'Last Name': 'Crawford', 'Company': 'May, Goodwin and Martin', 'City': 'South Jasmine', 'Country': 'Algeria', 'Phone 1': '802-...</var>
<status status="PASS" start="2025-12-04T11:50:40.124045" elapsed="0.005806"/>
</iter>
<iter>
<if>
<branch type="IF" condition="'${element}[First Name]' == 'Sheryl' and '${element}[Last Name]' == 'Baxter'">
<kw name="Set Variable" owner="BuiltIn">
<var>${USERNAME}</var>
<arg>${element}[First Name]</arg>
<doc>Returns the given values which can then be assigned to a variables.</doc>
<status status="NOT RUN" start="2025-12-04T11:50:40.131466" elapsed="0.000000"/>
</kw>
<status status="NOT RUN" start="2025-12-04T11:50:40.129851" elapsed="0.001615"/>
</branch>
<status status="PASS" start="2025-12-04T11:50:40.129851" elapsed="0.001615"/>
</if>
<var name="${element}">{'Index': '53', 'Customer Id': 'faCEF517ae7D8eB', 'First Name': 'Patricia', 'Last Name': 'Goodwin', 'Company': 'Christian, Winters and Ellis', 'City': 'Cowanfort', 'Country': 'Swaziland', 'Phone 1': '...</var>
<status status="PASS" start="2025-12-04T11:50:40.129851" elapsed="0.001615"/>
</iter>
<iter>
<if>
<branch type="IF" condition="'${element}[First Name]' == 'Sheryl' and '${element}[Last Name]' == 'Baxter'">
<kw name="Set Variable" owner="BuiltIn">
<var>${USERNAME}</var>
<arg>${element}[First Name]</arg>
<doc>Returns the given values which can then be assigned to a variables.</doc>
<status status="NOT RUN" start="2025-12-04T11:50:40.131466" elapsed="0.000000"/>
</kw>
<status status="NOT RUN" start="2025-12-04T11:50:40.131466" elapsed="0.000000"/>
</branch>
<status status="PASS" start="2025-12-04T11:50:40.131466" elapsed="0.000000"/>
</if>
<var name="${element}">{'Index': '54', 'Customer Id': 'c09952De6Cda8aA', 'First Name': 'Stacie', 'Last Name': 'Richard', 'Company': 'Byrd Inc', 'City': 'New Deborah', 'Country': 'Madagascar', 'Phone 1': '001-622-948-3641x24...</var>
<status status="PASS" start="2025-12-04T11:50:40.131466" elapsed="0.000000"/>
</iter>
<iter>
<if>
<branch type="IF" condition="'${element}[First Name]' == 'Sheryl' and '${element}[Last Name]' == 'Baxter'">
<kw name="Set Variable" owner="BuiltIn">
<var>${USERNAME}</var>
<arg>${element}[First Name]</arg>
<doc>Returns the given values which can then be assigned to a variables.</doc>
<status status="NOT RUN" start="2025-12-04T11:50:40.138520" elapsed="0.000000"/>
</kw>
<status status="NOT RUN" start="2025-12-04T11:50:40.133063" elapsed="0.005457"/>
</branch>
<status status="PASS" start="2025-12-04T11:50:40.131466" elapsed="0.007054"/>
</if>
<var name="${element}">{'Index': '55', 'Customer Id': 'f3BEf3Be028166f', 'First Name': 'Robin', 'Last Name': 'West', 'Company': 'Nixon, Blackwell and Sosa', 'City': 'Wallstown', 'Country': 'Ecuador', 'Phone 1': '698.303.426...</var>
<status status="PASS" start="2025-12-04T11:50:40.131466" elapsed="0.007054"/>
</iter>
<iter>
<if>
<branch type="IF" condition="'${element}[First Name]' == 'Sheryl' and '${element}[Last Name]' == 'Baxter'">
<kw name="Set Variable" owner="BuiltIn">
<var>${USERNAME}</var>
<arg>${element}[First Name]</arg>
<doc>Returns the given values which can then be assigned to a variables.</doc>
<status status="NOT RUN" start="2025-12-04T11:50:40.138520" elapsed="0.000000"/>
</kw>
<status status="NOT RUN" start="2025-12-04T11:50:40.138520" elapsed="0.000000"/>
</branch>
<status status="PASS" start="2025-12-04T11:50:40.138520" elapsed="0.000000"/>
</if>
<var name="${element}">{'Index': '56', 'Customer Id': 'C6F2Fc6a7948a4e', 'First Name': 'Ralph', 'Last Name': 'Haas', 'Company': 'Montes PLC', 'City': 'Lake Ellenchester', 'Country': 'Palestinian Territory', 'Phone 1': '2239...</var>
<status status="PASS" start="2025-12-04T11:50:40.138520" elapsed="0.001586"/>
</iter>
<iter>
<if>
<branch type="IF" condition="'${element}[First Name]' == 'Sheryl' and '${element}[Last Name]' == 'Baxter'">
<kw name="Set Variable" owner="BuiltIn">
<var>${USERNAME}</var>
<arg>${element}[First Name]</arg>
<doc>Returns the given values which can then be assigned to a variables.</doc>
<status status="NOT RUN" start="2025-12-04T11:50:40.147736" elapsed="0.000000"/>
</kw>
<status status="NOT RUN" start="2025-12-04T11:50:40.140106" elapsed="0.007630"/>
</branch>
<status status="PASS" start="2025-12-04T11:50:40.140106" elapsed="0.007630"/>
</if>
<var name="${element}">{'Index': '57', 'Customer Id': 'c8FE57cBBdCDcb2', 'First Name': 'Phyllis', 'Last Name': 'Maldonado', 'Company': 'Costa PLC', 'City': 'Lake Whitney', 'Country': 'Saint Barthelemy', 'Phone 1': '45003707...</var>
<status status="PASS" start="2025-12-04T11:50:40.140106" elapsed="0.007630"/>
</iter>
<iter>
<if>
<branch type="IF" condition="'${element}[First Name]' == 'Sheryl' and '${element}[Last Name]' == 'Baxter'">
<kw name="Set Variable" owner="BuiltIn">
<var>${USERNAME}</var>
<arg>${element}[First Name]</arg>
<doc>Returns the given values which can then be assigned to a variables.</doc>
<status status="NOT RUN" start="2025-12-04T11:50:40.147736" elapsed="0.000000"/>
</kw>
<status status="NOT RUN" start="2025-12-04T11:50:40.147736" elapsed="0.000000"/>
</branch>
<status status="PASS" start="2025-12-04T11:50:40.147736" elapsed="0.000000"/>
</if>
<var name="${element}">{'Index': '58', 'Customer Id': 'B5acdFC982124F2', 'First Name': 'Danny', 'Last Name': 'Parrish', 'Company': 'Novak LLC', 'City': 'East Jaredbury', 'Country': 'United Arab Emirates', 'Phone 1': '(669)3...</var>
<status status="PASS" start="2025-12-04T11:50:40.147736" elapsed="0.000000"/>
</iter>
<iter>
<if>
<branch type="IF" condition="'${element}[First Name]' == 'Sheryl' and '${element}[Last Name]' == 'Baxter'">
<kw name="Set Variable" owner="BuiltIn">
<var>${USERNAME}</var>
<arg>${element}[First Name]</arg>
<doc>Returns the given values which can then be assigned to a variables.</doc>
<status status="NOT RUN" start="2025-12-04T11:50:40.155918" elapsed="0.000000"/>
</kw>
<status status="NOT RUN" start="2025-12-04T11:50:40.153223" elapsed="0.002695"/>
</branch>
<status status="PASS" start="2025-12-04T11:50:40.153223" elapsed="0.002695"/>
</if>
<var name="${element}">{'Index': '59', 'Customer Id': '8c7DdF10798bCC3', 'First Name': 'Kathy', 'Last Name': 'Hill', 'Company': 'Moore, Mccoy and Glass', 'City': 'Selenabury', 'Country': 'South Georgia and the South Sandwic...</var>
<status status="PASS" start="2025-12-04T11:50:40.153223" elapsed="0.002695"/>
</iter>
<iter>
<if>
<branch type="IF" condition="'${element}[First Name]' == 'Sheryl' and '${element}[Last Name]' == 'Baxter'">
<kw name="Set Variable" owner="BuiltIn">
<var>${USERNAME}</var>
<arg>${element}[First Name]</arg>
<doc>Returns the given values which can then be assigned to a variables.</doc>
<status status="NOT RUN" start="2025-12-04T11:50:40.155918" elapsed="0.000000"/>
</kw>
<status status="NOT RUN" start="2025-12-04T11:50:40.155918" elapsed="0.000000"/>
</branch>
<status status="PASS" start="2025-12-04T11:50:40.155918" elapsed="0.000000"/>
</if>
<var name="${element}">{'Index': '60', 'Customer Id': 'C681dDd0cc422f7', 'First Name': 'Kelli', 'Last Name': 'Hardy', 'Company': 'Petty Ltd', 'City': 'Huangfort', 'Country': 'Sao Tome and Principe', 'Phone 1': '020.324.2191...</var>
<status status="PASS" start="2025-12-04T11:50:40.155918" elapsed="0.000000"/>
</iter>
<iter>
<if>
<branch type="IF" condition="'${element}[First Name]' == 'Sheryl' and '${element}[Last Name]' == 'Baxter'">
<kw name="Set Variable" owner="BuiltIn">
<var>${USERNAME}</var>
<arg>${element}[First Name]</arg>
<doc>Returns the given values which can then be assigned to a variables.</doc>
<status status="NOT RUN" start="2025-12-04T11:50:40.164899" elapsed="0.000000"/>
</kw>
<status status="NOT RUN" start="2025-12-04T11:50:40.155918" elapsed="0.008981"/>
</branch>
<status status="PASS" start="2025-12-04T11:50:40.155918" elapsed="0.008981"/>
</if>
<var name="${element}">{'Index': '61', 'Customer Id': 'a940cE42e035F28', 'First Name': 'Lynn', 'Last Name': 'Pham', 'Company': 'Brennan, Camacho and Tapia', 'City': 'East Pennyshire', 'Country': 'Portugal', 'Phone 1': '846....</var>
<status status="PASS" start="2025-12-04T11:50:40.155918" elapsed="0.008981"/>
</iter>
<iter>
<if>
<branch type="IF" condition="'${element}[First Name]' == 'Sheryl' and '${element}[Last Name]' == 'Baxter'">
<kw name="Set Variable" owner="BuiltIn">
<var>${USERNAME}</var>
<arg>${element}[First Name]</arg>
<doc>Returns the given values which can then be assigned to a variables.</doc>
<status status="NOT RUN" start="2025-12-04T11:50:40.166107" elapsed="0.000000"/>
</kw>
<status status="NOT RUN" start="2025-12-04T11:50:40.164899" elapsed="0.001208"/>
</branch>
<status status="PASS" start="2025-12-04T11:50:40.164899" elapsed="0.001208"/>
</if>
<var name="${element}">{'Index': '62', 'Customer Id': '9Cf5E6AFE0aeBfd', 'First Name': 'Shelley', 'Last Name': 'Harris', 'Company': 'Prince, Malone and Pugh', 'City': 'Port Jasminborough', 'Country': 'Togo', 'Phone 1': '423...</var>
<status status="PASS" start="2025-12-04T11:50:40.164899" elapsed="0.001208"/>
</iter>
<iter>
<if>
<branch type="IF" condition="'${element}[First Name]' == 'Sheryl' and '${element}[Last Name]' == 'Baxter'">
<kw name="Set Variable" owner="BuiltIn">
<var>${USERNAME}</var>
<arg>${element}[First Name]</arg>
<doc>Returns the given values which can then be assigned to a variables.</doc>
<status status="NOT RUN" start="2025-12-04T11:50:40.166107" elapsed="0.000996"/>
</kw>
<status status="NOT RUN" start="2025-12-04T11:50:40.166107" elapsed="0.000996"/>
</branch>
<status status="PASS" start="2025-12-04T11:50:40.166107" elapsed="0.000996"/>
</if>
<var name="${element}">{'Index': '63', 'Customer Id': 'aEcbe5365BbC67D', 'First Name': 'Eddie', 'Last Name': 'Jimenez', 'Company': 'Caldwell Group', 'City': 'West Kristine', 'Country': 'Ethiopia', 'Phone 1': '+1-235-657-107...</var>
<status status="PASS" start="2025-12-04T11:50:40.166107" elapsed="0.000996"/>
</iter>
<iter>
<if>
<branch type="IF" condition="'${element}[First Name]' == 'Sheryl' and '${element}[Last Name]' == 'Baxter'">
<kw name="Set Variable" owner="BuiltIn">
<var>${USERNAME}</var>
<arg>${element}[First Name]</arg>
<doc>Returns the given values which can then be assigned to a variables.</doc>
<status status="NOT RUN" start="2025-12-04T11:50:40.173467" elapsed="0.000000"/>
</kw>
<status status="NOT RUN" start="2025-12-04T11:50:40.167103" elapsed="0.006364"/>
</branch>
<status status="PASS" start="2025-12-04T11:50:40.167103" elapsed="0.006364"/>
</if>
<var name="${element}">{'Index': '64', 'Customer Id': 'FCBdfCEAe20A8Dc', 'First Name': 'Chloe', 'Last Name': 'Hutchinson', 'Company': 'Simon LLC', 'City': 'South Julia', 'Country': 'Netherlands', 'Phone 1': '981-544-9452', ...</var>
<status status="PASS" start="2025-12-04T11:50:40.167103" elapsed="0.006364"/>
</iter>
<iter>
<if>
<branch type="IF" condition="'${element}[First Name]' == 'Sheryl' and '${element}[Last Name]' == 'Baxter'">
<kw name="Set Variable" owner="BuiltIn">
<var>${USERNAME}</var>
<arg>${element}[First Name]</arg>
<doc>Returns the given values which can then be assigned to a variables.</doc>
<status status="NOT RUN" start="2025-12-04T11:50:40.173467" elapsed="0.000000"/>
</kw>
<status status="NOT RUN" start="2025-12-04T11:50:40.173467" elapsed="0.000000"/>
</branch>
<status status="PASS" start="2025-12-04T11:50:40.173467" elapsed="0.000000"/>
</if>
<var name="${element}">{'Index': '65', 'Customer Id': '636cBF0835E10ff', 'First Name': 'Eileen', 'Last Name': 'Lynch', 'Company': 'Knight, Abbott and Hubbard', 'City': 'Helenborough', 'Country': 'Liberia', 'Phone 1': '+1-15...</var>
<status status="PASS" start="2025-12-04T11:50:40.173467" elapsed="0.000000"/>
</iter>
<iter>
<if>
<branch type="IF" condition="'${element}[First Name]' == 'Sheryl' and '${element}[Last Name]' == 'Baxter'">
<kw name="Set Variable" owner="BuiltIn">
<var>${USERNAME}</var>
<arg>${element}[First Name]</arg>
<doc>Returns the given values which can then be assigned to a variables.</doc>
<status status="NOT RUN" start="2025-12-04T11:50:40.183974" elapsed="0.000000"/>
</kw>
<status status="NOT RUN" start="2025-12-04T11:50:40.173467" elapsed="0.010507"/>
</branch>
<status status="PASS" start="2025-12-04T11:50:40.173467" elapsed="0.010507"/>
</if>
<var name="${element}">{'Index': '66', 'Customer Id': 'fF1b6c9E8Fbf1ff', 'First Name': 'Fernando', 'Last Name': 'Lambert', 'Company': 'Church-Banks', 'City': 'Lake Nancy', 'Country': 'Lithuania', 'Phone 1': '497.829.9038', ...</var>
<status status="PASS" start="2025-12-04T11:50:40.173467" elapsed="0.010507"/>
</iter>
<iter>
<if>
<branch type="IF" condition="'${element}[First Name]' == 'Sheryl' and '${element}[Last Name]' == 'Baxter'">
<kw name="Set Variable" owner="BuiltIn">
<var>${USERNAME}</var>
<arg>${element}[First Name]</arg>
<doc>Returns the given values which can then be assigned to a variables.</doc>
<status status="NOT RUN" start="2025-12-04T11:50:40.183974" elapsed="0.000000"/>
</kw>
<status status="NOT RUN" start="2025-12-04T11:50:40.183974" elapsed="0.000000"/>
</branch>
<status status="PASS" start="2025-12-04T11:50:40.183974" elapsed="0.000000"/>
</if>
<var name="${element}">{'Index': '67', 'Customer Id': '2A13F74EAa7DA6c', 'First Name': 'Makayla', 'Last Name': 'Cannon', 'Company': 'Henderson Inc', 'City': 'Georgeport', 'Country': 'New Caledonia', 'Phone 1': '001-215-801-...</var>
<status status="PASS" start="2025-12-04T11:50:40.183974" elapsed="0.000000"/>
</iter>
<iter>
<if>
<branch type="IF" condition="'${element}[First Name]' == 'Sheryl' and '${element}[Last Name]' == 'Baxter'">
<kw name="Set Variable" owner="BuiltIn">
<var>${USERNAME}</var>
<arg>${element}[First Name]</arg>
<doc>Returns the given values which can then be assigned to a variables.</doc>
<status status="NOT RUN" start="2025-12-04T11:50:40.183974" elapsed="0.000000"/>
</kw>
<status status="NOT RUN" start="2025-12-04T11:50:40.183974" elapsed="0.000000"/>
</branch>
<status status="PASS" start="2025-12-04T11:50:40.183974" elapsed="0.000000"/>
</if>
<var name="${element}">{'Index': '68', 'Customer Id': 'a014Ec1b9FccC1E', 'First Name': 'Tom', 'Last Name': 'Alvarado', 'Company': 'Donaldson-Dougherty', 'City': 'South Sophiaberg', 'Country': 'Kiribati', 'Phone 1': '(585)60...</var>
<status status="PASS" start="2025-12-04T11:50:40.183974" elapsed="0.000000"/>
</iter>
<iter>
<if>
<branch type="IF" condition="'${element}[First Name]' == 'Sheryl' and '${element}[Last Name]' == 'Baxter'">
<kw name="Set Variable" owner="BuiltIn">
<var>${USERNAME}</var>
<arg>${element}[First Name]</arg>
<doc>Returns the given values which can then be assigned to a variables.</doc>
<status status="NOT RUN" start="2025-12-04T11:50:40.192936" elapsed="0.000000"/>
</kw>
<status status="NOT RUN" start="2025-12-04T11:50:40.192331" elapsed="0.000605"/>
</branch>
<status status="PASS" start="2025-12-04T11:50:40.192331" elapsed="0.000605"/>
</if>
<var name="${element}">{'Index': '69', 'Customer Id': '421a109cABDf5fa', 'First Name': 'Virginia', 'Last Name': 'Dudley', 'Company': 'Warren Ltd', 'City': 'Hartbury', 'Country': 'French Southern Territories', 'Phone 1': '02...</var>
<status status="PASS" start="2025-12-04T11:50:40.192331" elapsed="0.000605"/>
</iter>
<iter>
<if>
<branch type="IF" condition="'${element}[First Name]' == 'Sheryl' and '${element}[Last Name]' == 'Baxter'">
<kw name="Set Variable" owner="BuiltIn">
<var>${USERNAME}</var>
<arg>${element}[First Name]</arg>
<doc>Returns the given values which can then be assigned to a variables.</doc>
<status status="NOT RUN" start="2025-12-04T11:50:40.198649" elapsed="0.000000"/>
</kw>
<status status="NOT RUN" start="2025-12-04T11:50:40.192936" elapsed="0.005713"/>
</branch>
<status status="PASS" start="2025-12-04T11:50:40.192936" elapsed="0.005713"/>
</if>
<var name="${element}">{'Index': '70', 'Customer Id': 'CC68FD1D3Bbbf22', 'First Name': 'Riley', 'Last Name': 'Good', 'Company': 'Wade PLC', 'City': 'Erikaville', 'Country': 'Canada', 'Phone 1': '6977745822', 'Phone 2': '855...</var>
<status status="PASS" start="2025-12-04T11:50:40.192936" elapsed="0.005713"/>
</iter>
<iter>
<if>
<branch type="IF" condition="'${element}[First Name]' == 'Sheryl' and '${element}[Last Name]' == 'Baxter'">
<kw name="Set Variable" owner="BuiltIn">
<var>${USERNAME}</var>
<arg>${element}[First Name]</arg>
<doc>Returns the given values which can then be assigned to a variables.</doc>
<status status="NOT RUN" start="2025-12-04T11:50:40.199578" elapsed="0.000000"/>
</kw>
<status status="NOT RUN" start="2025-12-04T11:50:40.199578" elapsed="0.000000"/>
</branch>
<status status="PASS" start="2025-12-04T11:50:40.199578" elapsed="0.000000"/>
</if>
<var name="${element}">{'Index': '71', 'Customer Id': 'CBCd2Ac8E3eBDF9', 'First Name': 'Alexandria', 'Last Name': 'Buck', 'Company': 'Keller-Coffey', 'City': 'Nicolasfort', 'Country': 'Iran', 'Phone 1': '078-900-4760x76668'...</var>
<status status="PASS" start="2025-12-04T11:50:40.198649" elapsed="0.000929"/>
</iter>
<iter>
<if>
<branch type="IF" condition="'${element}[First Name]' == 'Sheryl' and '${element}[Last Name]' == 'Baxter'">
<kw name="Set Variable" owner="BuiltIn">
<var>${USERNAME}</var>
<arg>${element}[First Name]</arg>
<doc>Returns the given values which can then be assigned to a variables.</doc>
<status status="NOT RUN" start="2025-12-04T11:50:40.205676" elapsed="0.000000"/>
</kw>
<status status="NOT RUN" start="2025-12-04T11:50:40.199578" elapsed="0.006098"/>
</branch>
<status status="PASS" start="2025-12-04T11:50:40.199578" elapsed="0.006098"/>
</if>
<var name="${element}">{'Index': '72', 'Customer Id': 'Ef859092FbEcC07', 'First Name': 'Richard', 'Last Name': 'Roth', 'Company': 'Conway-Mcbride', 'City': 'New Jasmineshire', 'Country': 'Morocco', 'Phone 1': '581-440-6539'...</var>
<status status="PASS" start="2025-12-04T11:50:40.199578" elapsed="0.006098"/>
</iter>
<iter>
<if>
<branch type="IF" condition="'${element}[First Name]' == 'Sheryl' and '${element}[Last Name]' == 'Baxter'">
<kw name="Set Variable" owner="BuiltIn">
<var>${USERNAME}</var>
<arg>${element}[First Name]</arg>
<doc>Returns the given values which can then be assigned to a variables.</doc>
<status status="NOT RUN" start="2025-12-04T11:50:40.205676" elapsed="0.000000"/>
</kw>
<status status="NOT RUN" start="2025-12-04T11:50:40.205676" elapsed="0.000000"/>
</branch>
<status status="PASS" start="2025-12-04T11:50:40.205676" elapsed="0.000000"/>
</if>
<var name="${element}">{'Index': '73', 'Customer Id': 'F560f2d3cDFb618', 'First Name': 'Candice', 'Last Name': 'Keller', 'Company': 'Huynh and Sons', 'City': 'East Summerstad', 'Country': 'Zimbabwe', 'Phone 1': '001-927-965...</var>
<status status="PASS" start="2025-12-04T11:50:40.205676" elapsed="0.000000"/>
</iter>
<iter>
<if>
<branch type="IF" condition="'${element}[First Name]' == 'Sheryl' and '${element}[Last Name]' == 'Baxter'">
<kw name="Set Variable" owner="BuiltIn">
<var>${USERNAME}</var>
<arg>${element}[First Name]</arg>
<doc>Returns the given values which can then be assigned to a variables.</doc>
<status status="NOT RUN" start="2025-12-04T11:50:40.211543" elapsed="0.000000"/>
</kw>
<status status="NOT RUN" start="2025-12-04T11:50:40.211543" elapsed="0.000000"/>
</branch>
<status status="PASS" start="2025-12-04T11:50:40.211543" elapsed="0.000000"/>
</if>
<var name="${element}">{'Index': '74', 'Customer Id': 'A3F76Be153Df4a3', 'First Name': 'Anita', 'Last Name': 'Benson', 'Company': 'Parrish Ltd', 'City': 'Skinnerport', 'Country': 'Russian Federation', 'Phone 1': '874.617.56...</var>
<status status="PASS" start="2025-12-04T11:50:40.211543" elapsed="0.001685"/>
</iter>
<iter>
<if>
<branch type="IF" condition="'${element}[First Name]' == 'Sheryl' and '${element}[Last Name]' == 'Baxter'">
<kw name="Set Variable" owner="BuiltIn">
<var>${USERNAME}</var>
<arg>${element}[First Name]</arg>
<doc>Returns the given values which can then be assigned to a variables.</doc>
<status status="NOT RUN" start="2025-12-04T11:50:40.213228" elapsed="0.000000"/>
</kw>
<status status="NOT RUN" start="2025-12-04T11:50:40.213228" elapsed="0.000000"/>
</branch>
<status status="PASS" start="2025-12-04T11:50:40.213228" elapsed="0.000000"/>
</if>
<var name="${element}">{'Index': '75', 'Customer Id': 'D01Af0AF7cBbFeA', 'First Name': 'Regina', 'Last Name': 'Stein', 'Company': 'Guzman-Brown', 'City': 'Raystad', 'Country': 'Solomon Islands', 'Phone 1': '001-469-848-0724...</var>
<status status="PASS" start="2025-12-04T11:50:40.213228" elapsed="0.000000"/>
</iter>
<iter>
<if>
<branch type="IF" condition="'${element}[First Name]' == 'Sheryl' and '${element}[Last Name]' == 'Baxter'">
<kw name="Set Variable" owner="BuiltIn">
<var>${USERNAME}</var>
<arg>${element}[First Name]</arg>
<doc>Returns the given values which can then be assigned to a variables.</doc>
<status status="NOT RUN" start="2025-12-04T11:50:40.213228" elapsed="0.000000"/>
</kw>
<status status="NOT RUN" start="2025-12-04T11:50:40.213228" elapsed="0.000000"/>
</branch>
<status status="PASS" start="2025-12-04T11:50:40.213228" elapsed="0.000000"/>
</if>
<var name="${element}">{'Index': '76', 'Customer Id': 'd40e89dCade7b2F', 'First Name': 'Debra', 'Last Name': 'Riddle', 'Company': 'Chang, Aguirre and Leblanc', 'City': 'Colinhaven', 'Country': 'United States Virgin Islands'...</var>
<status status="PASS" start="2025-12-04T11:50:40.213228" elapsed="0.000000"/>
</iter>
<iter>
<if>
<branch type="IF" condition="'${element}[First Name]' == 'Sheryl' and '${element}[Last Name]' == 'Baxter'">
<kw name="Set Variable" owner="BuiltIn">
<var>${USERNAME}</var>
<arg>${element}[First Name]</arg>
<doc>Returns the given values which can then be assigned to a variables.</doc>
<status status="NOT RUN" start="2025-12-04T11:50:40.213228" elapsed="0.000000"/>
</kw>
<status status="NOT RUN" start="2025-12-04T11:50:40.213228" elapsed="0.000000"/>
</branch>
<status status="PASS" start="2025-12-04T11:50:40.213228" elapsed="0.000000"/>
</if>
<var name="${element}">{'Index': '77', 'Customer Id': 'BF6a1f9bd1bf8DE', 'First Name': 'Brittany', 'Last Name': 'Zuniga', 'Company': 'Mason-Hester', 'City': 'West Reginald', 'Country': 'Kyrgyz Republic', 'Phone 1': '(050)13...</var>
<status status="PASS" start="2025-12-04T11:50:40.213228" elapsed="0.008703"/>
</iter>
<iter>
<if>
<branch type="IF" condition="'${element}[First Name]' == 'Sheryl' and '${element}[Last Name]' == 'Baxter'">
<kw name="Set Variable" owner="BuiltIn">
<var>${USERNAME}</var>
<arg>${element}[First Name]</arg>
<doc>Returns the given values which can then be assigned to a variables.</doc>
<status status="NOT RUN" start="2025-12-04T11:50:40.227100" elapsed="0.000000"/>
</kw>
<status status="NOT RUN" start="2025-12-04T11:50:40.221931" elapsed="0.005169"/>
</branch>
<status status="PASS" start="2025-12-04T11:50:40.221931" elapsed="0.005169"/>
</if>
<var name="${element}">{'Index': '78', 'Customer Id': 'FfaeFFbbbf280db', 'First Name': 'Cassidy', 'Last Name': 'Mcmahon', 'Company': 'Mcguire, Huynh and Hopkins', 'City': 'Lake Sherryborough', 'Country': 'Myanmar', 'Phone 1...</var>
<status status="PASS" start="2025-12-04T11:50:40.221931" elapsed="0.005169"/>
</iter>
<iter>
<if>
<branch type="IF" condition="'${element}[First Name]' == 'Sheryl' and '${element}[Last Name]' == 'Baxter'">
<kw name="Set Variable" owner="BuiltIn">
<var>${USERNAME}</var>
<arg>${element}[First Name]</arg>
<doc>Returns the given values which can then be assigned to a variables.</doc>
<status status="NOT RUN" start="2025-12-04T11:50:40.227846" elapsed="0.000000"/>
</kw>
<status status="NOT RUN" start="2025-12-04T11:50:40.227100" elapsed="0.000746"/>
</branch>
<status status="PASS" start="2025-12-04T11:50:40.227100" elapsed="0.000746"/>
</if>
<var name="${element}">{'Index': '79', 'Customer Id': 'CbAE1d1e9a8dCb1', 'First Name': 'Laurie', 'Last Name': 'Pennington', 'Company': 'Sanchez, Marsh and Hale', 'City': 'Port Katherineville', 'Country': 'Dominica', 'Phone ...</var>
<status status="PASS" start="2025-12-04T11:50:40.227100" elapsed="0.000746"/>
</iter>
<iter>
<if>
<branch type="IF" condition="'${element}[First Name]' == 'Sheryl' and '${element}[Last Name]' == 'Baxter'">
<kw name="Set Variable" owner="BuiltIn">
<var>${USERNAME}</var>
[...]
</kw>
<kw name="modifyquantity">
<kw name="Click Element" owner="SeleniumLibrary">
<msg time="2025-12-04T11:51:12.066673" level="INFO">Clicking element 'class=shopping_cart_link'.</msg>
<arg>class=shopping_cart_link</arg>
<doc>Click the element identified by ``locator``.</doc>
<status status="PASS" start="2025-12-04T11:51:12.066673" elapsed="0.200261"/>
</kw>
<status status="PASS" start="2025-12-04T11:51:12.066673" elapsed="0.200261"/>
</kw>
<kw name="verify">
<kw name="Get Text" owner="SeleniumLibrary">
<msg time="2025-12-04T11:51:12.378138" level="INFO">${verifyvalue} = 1</msg>
<var>${verifyvalue}</var>
<arg>xpath=//div[@class="cart_quantity"]</arg>
<doc>Returns the text value of the element identified by ``locator``.</doc>
<status status="PASS" start="2025-12-04T11:51:12.268807" elapsed="0.109331"/>
</kw>
<kw name="Should Be Equal As Strings" owner="BuiltIn">
<arg>${verifyvalue}</arg>
<arg>1</arg>
<doc>Fails if objects are unequal after converting them to strings.</doc>
<status status="PASS" start="2025-12-04T11:51:12.378138" elapsed="0.001009"/>
</kw>
<kw name="Should Not Be Equal As Numbers" owner="BuiltIn">
<arg>${verifyvalue}</arg>
<arg>-1</arg>
<doc>Fails if objects are equal after converting them to real numbers.</doc>
<status status="PASS" start="2025-12-04T11:51:12.379147" elapsed="0.000000"/>
</kw>
<status status="PASS" start="2025-12-04T11:51:12.267935" elapsed="0.111212"/>
</kw>
<kw name="Sleep" owner="BuiltIn">
<msg time="2025-12-04T11:51:27.380451" level="INFO">Slept 15 seconds.</msg>
<arg>15</arg>
<doc>Pauses the test executed for the given time.</doc>
<status status="PASS" start="2025-12-04T11:51:12.380144" elapsed="15.000307"/>
</kw>
<kw name="Close Browser" owner="SeleniumLibrary">
<doc>Closes the current browser.</doc>
<status status="PASS" start="2025-12-04T11:51:27.380451" elapsed="4.106280"/>
</kw>
<status status="PASS" start="2025-12-04T11:51:03.505871" elapsed="27.980860"/>
</kw>
<tag>EN-21</tag>
<status status="PASS" start="2025-12-04T11:51:03.505871" elapsed="27.980860"/>
</test>
<status status="PASS" start="2025-12-04T11:51:03.355034" elapsed="28.135658"/>
</suite>
<suite id="s1-s3-s5" name="LoginExcel" source="C:\Users\GENIUS\IdeaProjects\ExoRoboframework\tests\ui\LoginExcel.robot">
<test id="s1-s3-s5-t1" name="Login with Excel" line="16">
<kw name="Open Workbook" owner="RPA.Excel.Files" type="SETUP">
<msg time="2025-12-04T11:51:31.523732" level="INFO">Closing workbook: &lt;RPA.Excel.Files.XlsxWorkbook object at 0x00000170DC2091D0&gt;</msg>
<msg time="2025-12-04T11:51:31.531814" level="INFO">Opened workbook: &lt;RPA.Excel.Files.XlsxWorkbook object at 0x00000170DC2022D0&gt;</msg>
<arg>C:\\Users\\GENIUS\\IdeaProjects\\ExoRoboframework\\File\\login.xlsx</arg>
<arg>firefox</arg>
<doc>Open an existing Excel workbook.</doc>
<status status="PASS" start="2025-12-04T11:51:31.523732" elapsed="0.008082"/>
</kw>
<kw name="Read Worksheet As Table" owner="RPA.Excel.Files">
<msg time="2025-12-04T11:51:31.531814" level="INFO">Created table: Table(columns=['A', 'B', 'C'], rows=3)</msg>
<msg time="2025-12-04T11:51:31.531814" level="INFO">${fileexcel} = Table(columns=['A', 'B', 'C'], rows=3)</msg>
<var>${fileexcel}</var>
<arg>header=false</arg>
<doc>Read the contents of a worksheet into a Table container. Allows
sorting/filtering/manipulating using the ``RPA.Tables`` library.</doc>
<status status="PASS" start="2025-12-04T11:51:31.531814" elapsed="0.000000"/>
</kw>
<kw name="Get From List" owner="Collections">
<msg time="2025-12-04T11:51:31.531814" level="INFO">${read} = ['Admin', 'standard_user', 'secret_sauce']</msg>
<var>${read}</var>
<arg>${fileexcel}</arg>
<arg>2</arg>
<doc>Returns the value specified with an ``index`` from ``list``.</doc>
<status status="PASS" start="2025-12-04T11:51:31.531814" elapsed="0.000000"/>
</kw>
<kw name="Open Browser" owner="SeleniumLibrary">
<msg time="2025-12-04T11:51:31.531814" level="INFO">Opening browser 'firefox' to base url 'https://www.saucedemo.com/'.</msg>
<arg>https://www.saucedemo.com/</arg>
<doc>Opens a new browser instance to the optional ``url``.</doc>
<status status="PASS" start="2025-12-04T11:51:31.531814" elapsed="8.248350"/>
</kw>
<kw name="Input Text" owner="SeleniumLibrary">
<msg time="2025-12-04T11:51:39.781904" level="INFO">Typing text 'standard_user' into text field 'id=user-name'.</msg>
<arg>id=user-name</arg>
<arg>${read[1]}</arg>
<doc>Types the given ``text`` into the text field identified by ``locator``.</doc>
<status status="PASS" start="2025-12-04T11:51:39.781904" elapsed="0.061663"/>
</kw>
<kw name="Input Text" owner="SeleniumLibrary">
<msg time="2025-12-04T11:51:39.843567" level="INFO">Typing text 'secret_sauce' into text field 'id=password'.</msg>
<arg>id=password</arg>
<arg>${read[2]}</arg>
<doc>Types the given ``text`` into the text field identified by ``locator``.</doc>
<status status="PASS" start="2025-12-04T11:51:39.843567" elapsed="0.040605"/>
</kw>
<kw name="Click Button" owner="SeleniumLibrary">
<msg time="2025-12-04T11:51:39.889183" level="INFO">Clicking button 'id=login-button'.</msg>
<arg>id=login-button</arg>
<doc>Clicks the button identified by ``locator``.</doc>
<status status="PASS" start="2025-12-04T11:51:39.889183" elapsed="0.124821"/>
</kw>
<kw name="Wait Until Page Contains" owner="SeleniumLibrary">
<arg>Sauce Labs Backpack</arg>
<doc>Waits until ``text`` appears on the current page.</doc>
<status status="PASS" start="2025-12-04T11:51:40.014004" elapsed="0.007229"/>
</kw>
<kw name="Wait Until Page Contains" owner="SeleniumLibrary" type="TEARDOWN">
<arg>Sauce Labs Bike Light</arg>
<doc>Waits until ``text`` appears on the current page.</doc>
<status status="PASS" start="2025-12-04T11:51:40.021233" elapsed="0.004075"/>
</kw>
<status status="PASS" start="2025-12-04T11:51:31.522625" elapsed="8.502683"/>
</test>
<status status="PASS" start="2025-12-04T11:51:31.507756" elapsed="8.517552"/>
</suite>
<suite id="s1-s3-s6" name="Product" source="C:\Users\GENIUS\IdeaProjects\ExoRoboframework\tests\ui\Product.robot">
<test id="s1-s3-s6-t1" name="Login" line="27">
<kw name="Login to website">
<kw name="Open Browser" owner="SeleniumLibrary">
<msg time="2025-12-04T11:51:40.034722" level="INFO">Opening browser 'firefox' to base url 'https://www.saucedemo.com/'.</msg>
<arg>${url}</arg>
<arg>firefox</arg>
<doc>Opens a new browser instance to the optional ``url``.</doc>
<status status="PASS" start="2025-12-04T11:51:40.034722" elapsed="10.698153"/>
</kw>
<kw name="Input Text" owner="SeleniumLibrary">
<msg time="2025-12-04T11:51:50.732875" level="INFO">Typing text 'standard_user' into text field 'id=user-name'.</msg>
<arg>id=user-name</arg>
<arg>${username}</arg>
<doc>Types the given ``text`` into the text field identified by ``locator``.</doc>
<status status="PASS" start="2025-12-04T11:51:50.732875" elapsed="0.910107"/>
</kw>
<kw name="Input Text" owner="SeleniumLibrary">
<msg time="2025-12-04T11:51:51.644324" level="INFO">Typing text 'secret_sauce' into text field 'id=password'.</msg>
<arg>id=password</arg>
<arg>${password}</arg>
<doc>Types the given ``text`` into the text field identified by ``locator``.</doc>
<status status="PASS" start="2025-12-04T11:51:51.642982" elapsed="0.449935"/>
</kw>
<kw name="Should Be Equal" owner="BuiltIn">
<arg>${username}</arg>
<arg>standard_user</arg>
<doc>Fails if the given objects are unequal.</doc>
<status status="PASS" start="2025-12-04T11:51:52.092917" elapsed="0.000000"/>
</kw>
<kw name="Click Button" owner="SeleniumLibrary">
<msg time="2025-12-04T11:51:52.093995" level="INFO">Clicking button 'id=login-button'.</msg>
<arg>id=login-button</arg>
<doc>Clicks the button identified by ``locator``.</doc>
<status status="PASS" start="2025-12-04T11:51:52.093995" elapsed="0.349951"/>
</kw>
<kw name="verify">
<kw name="Get Text" owner="SeleniumLibrary">
<msg time="2025-12-04T11:51:52.560219" level="INFO">${verifyname} = Sauce Labs Backpack</msg>
<var>${verifyname}</var>
<arg>xpath=//div[@class="inventory_item_name "]</arg>
<doc>Returns the text value of the element identified by ``locator``.</doc>
<status status="PASS" start="2025-12-04T11:51:52.443946" elapsed="0.116273"/>
</kw>
<kw name="Should Be Equal As Strings" owner="BuiltIn">
<arg>${verifyname}</arg>
<arg>Sauce Labs Backpack</arg>
<doc>Fails if objects are unequal after converting them to strings.</doc>
<status status="PASS" start="2025-12-04T11:51:52.560219" elapsed="0.000000"/>
</kw>
<status status="PASS" start="2025-12-04T11:51:52.443946" elapsed="0.116273"/>
</kw>
<kw name="Sleep" owner="BuiltIn">
<msg time="2025-12-04T11:51:57.561997" level="INFO">Slept 5 seconds.</msg>
<arg>5</arg>
<doc>Pauses the test executed for the given time.</doc>
<status status="PASS" start="2025-12-04T11:51:52.560219" elapsed="5.001778"/>
</kw>
<kw name="Close Browser" owner="SeleniumLibrary">
<doc>Closes the current browser.</doc>
<status status="PASS" start="2025-12-04T11:51:57.562988" elapsed="4.171325"/>
</kw>
<status status="PASS" start="2025-12-04T11:51:40.029342" elapsed="21.704971"/>
</kw>
<tag>EN-21</tag>
<status status="PASS" start="2025-12-04T11:51:40.029342" elapsed="21.704971"/>
</test>
<status status="PASS" start="2025-12-04T11:51:40.027325" elapsed="21.706988"/>
</suite>
<suite id="s1-s3-s7" name="Tableau" source="C:\Users\GENIUS\IdeaProjects\ExoRoboframework\tests\ui\Tableau.robot">
<test id="s1-s3-s7-t1" name="Tableau" line="11">
<kw name="Open Browser" owner="SeleniumLibrary">
<msg time="2025-12-04T11:52:01.746298" level="INFO">Opening browser 'firefox' to base url 'C:/Users/GENIUS/IdeaProjects/ExoRoboframework/File/index.html'.</msg>
<arg>C:/Users/GENIUS/IdeaProjects/ExoRoboframework/File/index.html</arg>
<arg>firefox</arg>
<doc>Opens a new browser instance to the optional ``url``.</doc>
<status status="PASS" start="2025-12-04T11:52:01.746298" elapsed="8.426992"/>
</kw>
<kw name="Element Should Be Visible" owner="SeleniumLibrary">
<msg time="2025-12-04T11:52:10.214193" level="INFO">Element '//table' is displayed.</msg>
<arg>${table}</arg>
<doc>Verifies that the element identified by ``locator`` is visible.</doc>
<status status="PASS" start="2025-12-04T11:52:10.182230" elapsed="0.031963"/>
</kw>
<kw name="Wait Until Element Is Visible" owner="SeleniumLibrary">
<arg>${table}</arg>
<doc>Waits until the element ``locator`` is visible.</doc>
<status status="PASS" start="2025-12-04T11:52:10.216794" elapsed="0.013285"/>
</kw>
<kw name="Get Text" owner="SeleniumLibrary">
<msg time="2025-12-04T11:52:10.262023" level="INFO">${myvalue} = Product 1</msg>
<var>${myvalue}</var>
<arg>xpath=//table/thead/tr/th[2]</arg>
<doc>Returns the text value of the element identified by ``locator``.</doc>
<status status="PASS" start="2025-12-04T11:52:10.241695" elapsed="0.020328"/>
</kw>
<kw name="Get Text" owner="SeleniumLibrary">
<msg time="2025-12-04T11:52:10.278052" level="INFO">${myvalue2} = Price</msg>
<var>${myvalue2}</var>
<arg>xpath=//table/tbody/tr/td[1]</arg>
<doc>Returns the text value of the element identified by ``locator``.</doc>
<status status="PASS" start="2025-12-04T11:52:10.262023" elapsed="0.016029"/>
</kw>
<kw name="Should Be Equal" owner="BuiltIn">
<arg>${myvalue}</arg>
<arg>Product 1</arg>
<doc>Fails if the given objects are unequal.</doc>
<status status="PASS" start="2025-12-04T11:52:10.291003" elapsed="0.000000"/>
</kw>
<kw name="Should Be Equal" owner="BuiltIn">
<arg>${myvalue2}</arg>
<arg>Price</arg>
<doc>Fails if the given objects are unequal.</doc>
<status status="PASS" start="2025-12-04T11:52:10.293966" elapsed="0.000000"/>
</kw>
<kw name="Open Browser" owner="SeleniumLibrary">
<msg time="2025-12-04T11:52:10.309820" level="INFO">Opening browser 'firefox' to base url 'None'.</msg>
<doc>Opens a new browser instance to the optional ``url``.</doc>
<status status="PASS" start="2025-12-04T11:52:10.309820" elapsed="12.478492"/>
</kw>
<tag>EN-21</tag>
<status status="PASS" start="2025-12-04T11:52:01.734313" elapsed="21.055319"/>
</test>
<status status="PASS" start="2025-12-04T11:52:01.734313" elapsed="21.080824"/>
</suite>
<suite id="s1-s3-s8" name="TodoMvc" source="C:\Users\GENIUS\IdeaProjects\ExoRoboframework\tests\ui\TodoMvc.robot">
<test id="s1-s3-s8-t1" name="TodoMvc" line="14">
<kw name="Open Browser" owner="RPA.Browser">
<msg time="2025-12-04T11:52:24.361152" level="INFO">Opening browser 'firefox' to base url 'https://todomvc.com/'.</msg>
<arg>https://todomvc.com/</arg>
<arg>firefox</arg>
<doc>Opens a new browser instance to the optional ``url``.</doc>
<status status="PASS" start="2025-12-04T11:52:24.361152" elapsed="13.688334"/>
</kw>
<kw name="Click Element" owner="RPA.Browser">
<msg time="2025-12-04T11:52:38.054459" level="INFO">Clicking element 'class=link'.</msg>
<arg>class=link</arg>
<doc>Click the element identified by ``locator``.</doc>
<status status="PASS" start="2025-12-04T11:52:38.053502" elapsed="0.558775"/>
</kw>
<kw name="Input Text" owner="RPA.Browser">
<msg time="2025-12-04T11:52:38.614649" level="INFO">Typing text 'Robot Framework' into text field 'class=new-todo'.</msg>
<arg>class=new-todo</arg>
<arg>Robot Framework</arg>
<doc>Types the given ``text`` into the text field identified by ``locator``.</doc>
<status status="PASS" start="2025-12-04T11:52:38.614293" elapsed="0.087243"/>
</kw>
<kw name="Press Keys" owner="RPA.Browser">
<msg time="2025-12-04T11:52:38.703876" level="INFO">Sending key(s) ('ENTER',) to css:.new-todo element.</msg>
<msg time="2025-12-04T11:52:39.048571" level="INFO">Pressing special key ENTER to element.</msg>
<msg time="2025-12-04T11:52:39.048571" level="INFO">Releasing special key ENTER.</msg>
<arg>css:.new-todo</arg>
<arg>ENTER</arg>
<doc>Simulates the user pressing key(s) to an element or on the active browser.</doc>
<status status="PASS" start="2025-12-04T11:52:38.703876" elapsed="0.529300"/>
</kw>
<kw name="Input Text" owner="RPA.Browser">
<msg time="2025-12-04T11:52:39.238218" level="INFO">Typing text 'Selenium' into text field 'class=new-todo'.</msg>
<arg>class=new-todo</arg>
<arg>Selenium</arg>
<doc>Types the given ``text`` into the text field identified by ``locator``.</doc>
<status status="PASS" start="2025-12-04T11:52:39.238218" elapsed="0.114417"/>
</kw>
<kw name="Press Keys" owner="RPA.Browser">
<msg time="2025-12-04T11:52:39.367739" level="INFO">Sending key(s) ('ENTER',) to css=.new-todo element.</msg>
<msg time="2025-12-04T11:52:39.718211" level="INFO">Pressing special key ENTER to element.</msg>
<msg time="2025-12-04T11:52:39.718211" level="INFO">Releasing special key ENTER.</msg>
<arg>css=.new-todo</arg>
<arg>ENTER</arg>
<doc>Simulates the user pressing key(s) to an element or on the active browser.</doc>
<status status="PASS" start="2025-12-04T11:52:39.367739" elapsed="0.404859"/>
</kw>
<kw name="Click Element" owner="RPA.Browser">
<msg time="2025-12-04T11:52:39.783367" level="INFO">Clicking element 'class=toggle'.</msg>
<arg>class=toggle</arg>
<doc>Click the element identified by ``locator``.</doc>
<status status="PASS" start="2025-12-04T11:52:39.783367" elapsed="0.147618"/>
</kw>
<kw name="Get Text" owner="RPA.Browser">
<msg time="2025-12-04T11:52:40.011059" level="INFO">${biil} = 1 item left!</msg>
<var>${biil}</var>
<arg>xpath=//span[@class="todo-count"]</arg>
<doc>Returns the text value of the element identified by ``locator``.</doc>
<status status="PASS" start="2025-12-04T11:52:39.941090" elapsed="0.069969"/>
</kw>
<kw name="Should Be Equal" owner="BuiltIn">
<arg>${biil}</arg>
<arg>1 item left!</arg>
<doc>Fails if the given objects are unequal.</doc>
<status status="PASS" start="2025-12-04T11:52:40.022204" elapsed="0.002017"/>
</kw>
<status status="PASS" start="2025-12-04T11:52:24.361152" elapsed="15.676303"/>
</test>
<status status="PASS" start="2025-12-04T11:52:22.817532" elapsed="17.293989"/>
</suite>
<suite id="s1-s3-s9" name="VerifyTableau" source="C:\Users\GENIUS\IdeaProjects\ExoRoboframework\tests\ui\VerifyTableau.robot">
<test id="s1-s3-s9-t1" name="Launch" line="19">
<kw name="Login to website">
<kw name="Open Browser" owner="SeleniumLibrary">
<msg time="2025-12-04T11:52:40.273674" level="INFO">Opening browser 'firefox' to base url 'C:/Users/GENIUS/IdeaProjects/ExoRoboframework/File/index.html'.</msg>
<arg>${url}</arg>
<arg>firefox</arg>
<doc>Opens a new browser instance to the optional ``url``.</doc>
<status status="PASS" start="2025-12-04T11:52:40.263507" elapsed="10.981259"/>
</kw>
<kw name="Get WebElements" owner="SeleniumLibrary">
<msg time="2025-12-04T11:52:51.318915" level="INFO">@{elements} = [ ]</msg>
<var>@{elements}</var>
<arg>xpath=//h2[@class="dolor_text"]</arg>
<doc>Returns a list of WebElement objects matching the ``locator``.</doc>
<status status="PASS" start="2025-12-04T11:52:51.244766" elapsed="0.074149"/>
</kw>
<for flavor="IN">
<iter>
<kw name="Get Text" owner="SeleniumLibrary">
<var>${text}</var>
<arg>${element}</arg>
<doc>Returns the text value of the element identified by ``locator``.</doc>
<status status="NOT RUN" start="2025-12-04T11:52:51.318915" elapsed="0.000000"/>
</kw>
<kw name="Log" owner="BuiltIn">
<arg>${text}</arg>
<doc>Logs the given message with the given level.</doc>
<status status="NOT RUN" start="2025-12-04T11:52:51.318915" elapsed="0.000000"/>
</kw>
<var name="${element}"/>
<status status="NOT RUN" start="2025-12-04T11:52:51.318915" elapsed="0.000000"/>
</iter>
<var>${element}</var>
<value>@{elements}</value>
<status status="NOT RUN" start="2025-12-04T11:52:51.318915" elapsed="0.000000"/>
</for>
<status status="PASS" start="2025-12-04T11:52:40.263507" elapsed="11.055408"/>
</kw>
<tag>EN-21</tag>
<status status="PASS" start="2025-12-04T11:52:40.248940" elapsed="11.074545"/>
</test>
<status status="PASS" start="2025-12-04T11:52:40.199049" elapsed="11.166282"/>
</suite>
<status status="PASS" start="2025-12-04T11:50:40.475866" elapsed="130.973964"/>
</suite>
<status status="PASS" start="2025-12-04T11:50:26.700908" elapsed="144.801359"/>
</suite>
<statistics>
<total>
<stat pass="12" fail="0" skip="0">All Tests</stat>
</total>
<tag>
<stat pass="5" fail="0" skip="0">EN-21</stat>
</tag>
<suite>
<stat name="Tests" id="s1" pass="12" fail="0" skip="0">Tests</stat>
<stat name="Api" id="s1-s1" pass="1" fail="0" skip="0">Tests.Api</stat>
<stat name="CreateCommande" id="s1-s1-s1" pass="1" fail="0" skip="0">Tests.Api.CreateCommande</stat>
<stat name="Intermediaire" id="s1-s2" pass="2" fail="0" skip="0">Tests.Intermediaire</stat>
<stat name="Exo" id="s1-s2-s1" pass="2" fail="0" skip="0">Tests.Intermediaire.Exo</stat>
<stat name="Ui" id="s1-s3" pass="9" fail="0" skip="0">Tests.Ui</stat>
<stat name="Data-Driven Testing" id="s1-s3-s1" pass="1" fail="0" skip="0">Tests.Ui.Data-Driven Testing</stat>
<stat name="Excelmanipulation" id="s1-s3-s2" pass="1" fail="0" skip="0">Tests.Ui.Excelmanipulation</stat>
<stat name="Forms" id="s1-s3-s3" pass="1" fail="0" skip="0">Tests.Ui.Forms</stat>
<stat name="Login" id="s1-s3-s4" pass="1" fail="0" skip="0">Tests.Ui.Login</stat>
<stat name="LoginExcel" id="s1-s3-s5" pass="1" fail="0" skip="0">Tests.Ui.LoginExcel</stat>
<stat name="Product" id="s1-s3-s6" pass="1" fail="0" skip="0">Tests.Ui.Product</stat>
<stat name="Tableau" id="s1-s3-s7" pass="1" fail="0" skip="0">Tests.Ui.Tableau</stat>
<stat name="TodoMvc" id="s1-s3-s8" pass="1" fail="0" skip="0">Tests.Ui.TodoMvc</stat>
<stat name="VerifyTableau" id="s1-s3-s9" pass="1" fail="0" skip="0">Tests.Ui.VerifyTableau</stat>
</suite>
</statistics>
<errors>
<msg time="2025-12-04T11:50:27.571792" level="WARN">Keyword 'RPA.HTTP.To Json' is deprecated. Please use ${resp.json()} instead. Have a look at the improved HTML output as pretty printing replacement.</msg>
<msg time="2025-12-04T11:50:39.805771" level="WARN">Keyword 'RequestsLibrary.To Json' is deprecated. Please use ${resp.json()} instead. Have a look at the improved HTML output as pretty printing replacement.</msg>
<msg time="2025-12-04T11:50:44.309953" level="WARN">This is a deprecated import that will be removed in favor of RPA.Browser.Selenium</msg>
</errors>
</robot>
