<?xml version="1.0" encoding="UTF-8"?>
<robot generator="Robot 7.3.2 (Python 3.11.3 on win32)" generated="2025-08-29T09:47:07.816491" rpa="false" schemaversion="5">
<suite id="s1" name="Data-Driven Testing" source="C:\Users\GENIUS\IdeaProjects\ExoRoboframework\Data-Driven Testing.robot">
<test id="s1-t1" name="Télécharger le fichier CSV1" line="15">
<kw name="Download" owner="RPA.HTTP">
<msg time="2025-08-29T09:47:08.363619" level="INFO">Creating a new HTTP session</msg>
<msg time="2025-08-29T09:47:08.365129" level="INFO">Creating Session using : alias=rpasession_alias.httpsdrive.google.com, url=https://drive.google.com, headers={},                     cookies={}, auth=None, timeout=None, proxies=None, verify=True,                     debug=0 </msg>
<arg>${URL}</arg>
<arg>${DEST}</arg>
<doc>An alias for the ``HTTP Get`` keyword.</doc>
<status status="PASS" start="2025-08-29T09:47:08.363619" elapsed="2.061245"/>
</kw>
<kw name="Read table from CSV" owner="RPA.Tables">
<msg time="2025-08-29T09:47:10.427463" level="INFO">${fre} = Table(columns=['Index', 'Customer Id', 'First Name', 'Last Name', 'Company', 'City', 'Country', 'Phone 1', 'Phone 2', 'Email', 'Subscription Date', 'Website'], rows=100)</msg>
<var>${fre}</var>
<arg>${DEST}</arg>
<doc>Read a CSV file as a table.</doc>
<status status="PASS" start="2025-08-29T09:47:10.424864" elapsed="0.002599"/>
</kw>
<kw name="Download" owner="RPA.HTTP">
<msg time="2025-08-29T09:47:10.428818" level="INFO">Using already existing HTTP session</msg>
<arg>${url2}</arg>
<arg>${destin2}</arg>
<doc>An alias for the ``HTTP Get`` keyword.</doc>
<status status="PASS" start="2025-08-29T09:47:10.427463" elapsed="1.801233"/>
</kw>
<kw name="Read table from CSV" owner="RPA.Tables">
<msg time="2025-08-29T09:47:12.237324" level="INFO">${de2} = Table(columns=['Index', 'Customer Id', 'First Name', 'Last Name', 'Company', 'City', 'Country', 'Phone 1', 'Phone 2', 'Email', 'Subscription Date', 'Website'], rows=1000)</msg>
<var>${de2}</var>
<arg>${destin2}</arg>
<doc>Read a CSV file as a table.</doc>
<status status="PASS" start="2025-08-29T09:47:12.228696" elapsed="0.008628"/>
</kw>
<kw name="Sort List" owner="Collections">
<msg time="2025-08-29T09:47:12.238328" level="FAIL">AttributeError: 'Table' object has no attribute 'sort'</msg>
<var>${sorted1}</var>
<arg>${fre}</arg>
<doc>Sorts the given list in place.</doc>
<status status="FAIL" start="2025-08-29T09:47:12.237324" elapsed="0.001004">AttributeError: 'Table' object has no attribute 'sort'</status>
</kw>
<kw name="Sort List" owner="Collections">
<var>${sorted2}</var>
<arg>${de2}</arg>
<doc>Sorts the given list in place.</doc>
<status status="NOT RUN" start="2025-08-29T09:47:12.238328" elapsed="0.000000"/>
</kw>
<kw name="Should Be Equal" owner="BuiltIn">
<arg>${sorted1}</arg>
<arg>${sorted2}</arg>
<doc>Fails if the given objects are unequal.</doc>
<status status="NOT RUN" start="2025-08-29T09:47:12.238328" elapsed="0.000000"/>
</kw>
<status status="FAIL" start="2025-08-29T09:47:08.362615" elapsed="3.875713">AttributeError: 'Table' object has no attribute 'sort'</status>
</test>
<status status="FAIL" start="2025-08-29T09:47:07.819848" elapsed="4.419482"/>
</suite>
<statistics>
<total>
<stat pass="0" fail="1" skip="0">All Tests</stat>
</total>
<tag>
</tag>
<suite>
<stat name="Data-Driven Testing" id="s1" pass="0" fail="1" skip="0">Data-Driven Testing</stat>
</suite>
</statistics>
<errors>
</errors>
</robot>
