<?xml version="1.0" encoding="UTF-8"?>
<robot generator="Robot 7.3.2 (Python 3.11.0 on win32)" generated="2025-11-14T12:14:39.441318" rpa="false" schemaversion="5">
<suite id="s1" name="TodoMvc" source="C:\Users\GENIUS\IdeaProjects\ExoRoboframework\tests\ui\TodoMvc.robot">
<test id="s1-t1" name="TodoMvc" line="14">
<kw name="Open Browser" owner="RPA.Browser">
<msg time="2025-11-14T12:14:40.290859" level="INFO">Opening browser 'firefox' to base url 'https://todomvc.com/'.</msg>
<arg>https://todomvc.com/</arg>
<arg>firefox</arg>
<doc>Opens a new browser instance to the optional ``url``.</doc>
<status status="PASS" start="2025-11-14T12:14:40.289854" elapsed="7.553115"/>
</kw>
<kw name="Click Element" owner="RPA.Browser">
<msg time="2025-11-14T12:14:47.843979" level="INFO">Clicking element 'class=link'.</msg>
<arg>class=link</arg>
<doc>Click the element identified by ``locator``.</doc>
<status status="PASS" start="2025-11-14T12:14:47.843979" elapsed="0.449874"/>
</kw>
<kw name="Input Text" owner="RPA.Browser">
<msg time="2025-11-14T12:14:48.294853" level="INFO">Typing text 'Robot Framework' into text field 'class=new-todo'.</msg>
<arg>class=new-todo</arg>
<arg>Robot Framework</arg>
<doc>Types the given ``text`` into the text field identified by ``locator``.</doc>
<status status="PASS" start="2025-11-14T12:14:48.294853" elapsed="0.102351"/>
</kw>
<kw name="Press Keys" owner="RPA.Browser">
<msg time="2025-11-14T12:14:48.398207" level="INFO">Sending key(s) ('ENTER',) to css:.new-todo element.</msg>
<msg time="2025-11-14T12:14:48.814458" level="INFO">Pressing special key ENTER to element.</msg>
<msg time="2025-11-14T12:14:48.815526" level="INFO">Releasing special key ENTER.</msg>
<arg>css:.new-todo</arg>
<arg>ENTER</arg>
<doc>Simulates the user pressing key(s) to an element or on the active browser.</doc>
<status status="PASS" start="2025-11-14T12:14:48.397204" elapsed="0.534832"/>
</kw>
<kw name="Input Text" owner="RPA.Browser">
<msg time="2025-11-14T12:14:48.933035" level="INFO">Typing text 'Selenium' into text field 'class=new-todo'.</msg>
<arg>class=new-todo</arg>
<arg>Selenium</arg>
<doc>Types the given ``text`` into the text field identified by ``locator``.</doc>
<status status="PASS" start="2025-11-14T12:14:48.933035" elapsed="0.077671"/>
</kw>
<kw name="Press Keys" owner="RPA.Browser">
<msg time="2025-11-14T12:14:49.011708" level="INFO">Sending key(s) ('ENTER',) to css=.new-todo element.</msg>
<msg time="2025-11-14T12:14:49.339893" level="INFO">Pressing special key ENTER to element.</msg>
<msg time="2025-11-14T12:14:49.340894" level="INFO">Releasing special key ENTER.</msg>
<arg>css=.new-todo</arg>
<arg>ENTER</arg>
<doc>Simulates the user pressing key(s) to an element or on the active browser.</doc>
<status status="PASS" start="2025-11-14T12:14:49.010706" elapsed="0.337420"/>
</kw>
<kw name="Click Element" owner="RPA.Browser">
<msg time="2025-11-14T12:14:49.348126" level="INFO">Clicking element 'class=toggle'.</msg>
<arg>class=toggle</arg>
<doc>Click the element identified by ``locator``.</doc>
<status status="PASS" start="2025-11-14T12:14:49.348126" elapsed="0.069719"/>
</kw>
<kw name="Get Text" owner="RPA.Browser">
<msg time="2025-11-14T12:14:49.502216" level="INFO">${biil} = 1 item left!</msg>
<var>${biil}</var>
<arg>xpath=//span[@class="todo-count"]</arg>
<doc>Returns the text value of the element identified by ``locator``.</doc>
<status status="PASS" start="2025-11-14T12:14:49.417845" elapsed="0.084371"/>
</kw>
<kw name="Should Be Equal" owner="BuiltIn">
<arg>${biil}</arg>
<arg>1 item left!</arg>
<doc>Fails if the given objects are unequal.</doc>
<status status="PASS" start="2025-11-14T12:14:49.503216" elapsed="0.000000"/>
</kw>
<status status="PASS" start="2025-11-14T12:14:40.288937" elapsed="9.214798"/>
</test>
<status status="PASS" start="2025-11-14T12:14:39.445837" elapsed="10.057898"/>
</suite>
<statistics>
<total>
<stat pass="1" fail="0" skip="0">All Tests</stat>
</total>
<tag>
</tag>
<suite>
<stat name="TodoMvc" id="s1" pass="1" fail="0" skip="0">TodoMvc</stat>
</suite>
</statistics>
<errors>
<msg time="2025-11-14T12:14:39.785920" level="WARN">This is a deprecated import that will be removed in favor of RPA.Browser.Selenium</msg>
</errors>
</robot>
