<?xml version="1.0" encoding="UTF-8"?>
<robot generator="Robot 7.3.2 (Python 3.11.3 on win32)" generated="2025-08-03T12:28:50.736624" rpa="false" schemaversion="5">
<suite id="s1" name="Tableau" source="C:\Users\GENIUS\IdeaProjects\ExoRoboframework\Tableau.robot">
<test id="s1-t1" name="Tableau" line="12">
<kw name="Open Browser" owner="RPA.Browser">
<msg time="2025-08-03T12:28:51.105400" level="INFO">Opening browser 'firefox' to base url 'file:///C:/Users/GENIUS/Downloads/e-commerce-pricing/index.html'.</msg>
<arg>file:///C:/Users/GENIUS/Downloads/e-commerce-pricing/index.html</arg>
<arg>firefox</arg>
<doc>Opens a new browser instance to the optional ``url``.</doc>
<status status="PASS" start="2025-08-03T12:28:51.105400" elapsed="5.620838"/>
</kw>
<kw name="Element Should Be Visible" owner="RPA.Browser">
<msg time="2025-08-03T12:28:56.758403" level="INFO">Element '//table' is displayed.</msg>
<arg>${table}</arg>
<doc>Verifies that the element identified by ``locator`` is visible.</doc>
<status status="PASS" start="2025-08-03T12:28:56.727236" elapsed="0.031167"/>
</kw>
<kw name="Wait Until Element Is Visible" owner="RPA.Browser">
<arg>${table}</arg>
<doc>Waits until the element ``locator`` is visible.</doc>
<status status="PASS" start="2025-08-03T12:28:56.759404" elapsed="0.009526"/>
</kw>
<kw name="Get Text" owner="RPA.Browser">
<msg time="2025-08-03T12:28:56.778618" level="INFO">${myvalue} = Product 1</msg>
<var>${myvalue}</var>
<arg>xpath=//table/thead/tr/th[2]</arg>
<doc>Returns the text value of the element identified by ``locator``.</doc>
<status status="PASS" start="2025-08-03T12:28:56.768930" elapsed="0.009688"/>
</kw>
<kw name="Get Text" owner="RPA.Browser">
<msg time="2025-08-03T12:28:56.786703" level="INFO">${myvalue2} = Price</msg>
<var>${myvalue2}</var>
<arg>xpath=//table/tbody/tr/td[1]</arg>
<doc>Returns the text value of the element identified by ``locator``.</doc>
<status status="PASS" start="2025-08-03T12:28:56.779618" elapsed="0.007085"/>
</kw>
<kw name="Should Be Equal" owner="BuiltIn">
<arg>${myvalue}</arg>
<arg>Product 1</arg>
<doc>Fails if the given objects are unequal.</doc>
<status status="PASS" start="2025-08-03T12:28:56.786703" elapsed="0.001001"/>
</kw>
<kw name="Should Be Equal" owner="BuiltIn">
<arg>${myvalue2}</arg>
<arg>Price</arg>
<doc>Fails if the given objects are unequal.</doc>
<status status="PASS" start="2025-08-03T12:28:56.787704" elapsed="0.000000"/>
</kw>
<status status="PASS" start="2025-08-03T12:28:51.104398" elapsed="5.683306"/>
</test>
<status status="PASS" start="2025-08-03T12:28:50.739627" elapsed="6.049078"/>
</suite>
<statistics>
<total>
<stat pass="1" fail="0" skip="0">All Tests</stat>
</total>
<tag>
</tag>
<suite>
<stat name="Tableau" id="s1" pass="1" fail="0" skip="0">Tableau</stat>
</suite>
</statistics>
<errors>
<msg time="2025-08-03T12:28:51.059635" level="WARN">This is a deprecated import that will be removed in favor of RPA.Browser.Selenium</msg>
</errors>
</robot>
