<?xml version="1.0" encoding="UTF-8"?>
<robot generator="Robot 7.3.2 (Python 3.11.0 on win32)" generated="2025-12-05T23:03:30.396069" rpa="false" schemaversion="5">
<suite id="s1" name="Excelmanipulation" source="C:\Users\GENIUS\IdeaProjects\ExoRoboframework\tests\ui\Excelmanipulation.robot">
<test id="s1-t1" name="Lire Mot De Passe Seulement" line="11">
<kw name="Open Workbook" owner="RPA.Excel.Files">
<msg time="2025-12-05T23:03:30.715473" level="INFO">Opened workbook: &lt;RPA.Excel.Files.XlsxWorkbook object at 0x000002B6F3E6A810&gt;</msg>
<arg>${FICHIER}</arg>
<doc>Open an existing Excel workbook.</doc>
<status status="PASS" start="2025-12-05T23:03:30.711385" elapsed="0.005086"/>
</kw>
<kw name="Read Worksheet As Table" owner="RPA.Excel.Files">
<msg time="2025-12-05T23:03:30.717443" level="INFO">Created table: Table(columns=['NOM', 'EMAIL', 'MOTDEPASSE', 'username'], rows=5)</msg>
<msg time="2025-12-05T23:03:30.717443" level="INFO">${lire} = Table(columns=['NOM', 'EMAIL', 'MOTDEPASSE', 'username'], rows=5)</msg>
<var>${lire}</var>
<arg>header=true</arg>
<doc>Read the contents of a worksheet into a Table container. Allows
sorting/filtering/manipulating using the ``RPA.Tables`` library.</doc>
<status status="PASS" start="2025-12-05T23:03:30.717443" elapsed="0.000000"/>
</kw>
<for flavor="IN">
<iter>
<if>
<branch type="IF" condition="'${element}[username]' == 'standard_user' and '${element}[MOTDEPASSE]' == 'secret_sauce'">
<kw name="Set Variable" owner="BuiltIn">
<var>${USERNAME}</var>
<arg>${element}[username]</arg>
<doc>Returns the given values which can then be assigned to a variables.</doc>
<status status="NOT RUN" start="2025-12-05T23:03:30.718435" elapsed="0.000000"/>
</kw>
<kw name="Set Variable" owner="BuiltIn">
<var>${PASSWORD}</var>
<arg>${element}[MOTDEPASSE]</arg>
<doc>Returns the given values which can then be assigned to a variables.</doc>
<status status="NOT RUN" start="2025-12-05T23:03:30.718435" elapsed="0.000000"/>
</kw>
<status status="NOT RUN" start="2025-12-05T23:03:30.718435" elapsed="0.000000"/>
</branch>
<status status="PASS" start="2025-12-05T23:03:30.718435" elapsed="0.000000"/>
</if>
<var name="${element}">{'NOM': 'Alice', 'EMAIL': 'alice@test.com', 'MOTDEPASSE': 'pass123', 'username': 'alexandra'}</var>
<status status="PASS" start="2025-12-05T23:03:30.718435" elapsed="0.000000"/>
</iter>
<iter>
<if>
<branch type="IF" condition="'${element}[username]' == 'standard_user' and '${element}[MOTDEPASSE]' == 'secret_sauce'">
<kw name="Set Variable" owner="BuiltIn">
<msg time="2025-12-05T23:03:30.719443" level="INFO">${USERNAME} = standard_user</msg>
<var>${USERNAME}</var>
<arg>${element}[username]</arg>
<doc>Returns the given values which can then be assigned to a variables.</doc>
<status status="PASS" start="2025-12-05T23:03:30.719443" elapsed="0.000000"/>
</kw>
<kw name="Set Variable" owner="BuiltIn">
<msg time="2025-12-05T23:03:30.719443" level="INFO">${PASSWORD} = secret_sauce</msg>
<var>${PASSWORD}</var>
<arg>${element}[MOTDEPASSE]</arg>
<doc>Returns the given values which can then be assigned to a variables.</doc>
<status status="PASS" start="2025-12-05T23:03:30.719443" elapsed="0.000000"/>
</kw>
<status status="PASS" start="2025-12-05T23:03:30.719443" elapsed="0.000000"/>
</branch>
<status status="PASS" start="2025-12-05T23:03:30.719443" elapsed="0.000000"/>
</if>
<var name="${element}">{'NOM': 'Bob', 'EMAIL': 'bob@test.com', 'MOTDEPASSE': 'secret_sauce', 'username': 'standard_user'}</var>
<status status="PASS" start="2025-12-05T23:03:30.719443" elapsed="0.000000"/>
</iter>
<iter>
<if>
<branch type="IF" condition="'${element}[username]' == 'standard_user' and '${element}[MOTDEPASSE]' == 'secret_sauce'">
<kw name="Set Variable" owner="BuiltIn">
<var>${USERNAME}</var>
<arg>${element}[username]</arg>
<doc>Returns the given values which can then be assigned to a variables.</doc>
<status status="NOT RUN" start="2025-12-05T23:03:30.720443" elapsed="0.000000"/>
</kw>
<kw name="Set Variable" owner="BuiltIn">
<var>${PASSWORD}</var>
<arg>${element}[MOTDEPASSE]</arg>
<doc>Returns the given values which can then be assigned to a variables.</doc>
<status status="NOT RUN" start="2025-12-05T23:03:30.720443" elapsed="0.000000"/>
</kw>
<status status="NOT RUN" start="2025-12-05T23:03:30.720443" elapsed="0.000000"/>
</branch>
<status status="PASS" start="2025-12-05T23:03:30.720443" elapsed="0.000000"/>
</if>
<var name="${element}">{'NOM': 'Charlie', 'EMAIL': 'charlie@test.com', 'MOTDEPASSE': 'secret_sauce', 'username': 'coucou'}</var>
<status status="PASS" start="2025-12-05T23:03:30.720443" elapsed="0.000000"/>
</iter>
<iter>
<if>
<branch type="IF" condition="'${element}[username]' == 'standard_user' and '${element}[MOTDEPASSE]' == 'secret_sauce'">
<kw name="Set Variable" owner="BuiltIn">
<var>${USERNAME}</var>
<arg>${element}[username]</arg>
<doc>Returns the given values which can then be assigned to a variables.</doc>
<status status="NOT RUN" start="2025-12-05T23:03:30.720443" elapsed="0.000000"/>
</kw>
<kw name="Set Variable" owner="BuiltIn">
<var>${PASSWORD}</var>
<arg>${element}[MOTDEPASSE]</arg>
<doc>Returns the given values which can then be assigned to a variables.</doc>
<status status="NOT RUN" start="2025-12-05T23:03:30.721436" elapsed="0.000000"/>
</kw>
<status status="NOT RUN" start="2025-12-05T23:03:30.720443" elapsed="0.000993"/>
</branch>
<status status="PASS" start="2025-12-05T23:03:30.720443" elapsed="0.000993"/>
</if>
<var name="${element}">{'NOM': 'David', 'EMAIL': 'david@test.com', 'MOTDEPASSE': 'pass321', 'username': 'holly'}</var>
<status status="PASS" start="2025-12-05T23:03:30.720443" elapsed="0.000993"/>
</iter>
<iter>
<if>
<branch type="IF" condition="'${element}[username]' == 'standard_user' and '${element}[MOTDEPASSE]' == 'secret_sauce'">
<kw name="Set Variable" owner="BuiltIn">
<var>${USERNAME}</var>
<arg>${element}[username]</arg>
<doc>Returns the given values which can then be assigned to a variables.</doc>
<status status="NOT RUN" start="2025-12-05T23:03:30.721436" elapsed="0.000000"/>
</kw>
<kw name="Set Variable" owner="BuiltIn">
<var>${PASSWORD}</var>
<arg>${element}[MOTDEPASSE]</arg>
<doc>Returns the given values which can then be assigned to a variables.</doc>
<status status="NOT RUN" start="2025-12-05T23:03:30.721436" elapsed="0.000589"/>
</kw>
<status status="NOT RUN" start="2025-12-05T23:03:30.721436" elapsed="0.000589"/>
</branch>
<status status="PASS" start="2025-12-05T23:03:30.721436" elapsed="0.000589"/>
</if>
<var name="${element}">{'NOM': 'Emma', 'EMAIL': 'emma@test.com', 'MOTDEPASSE': 'pass654', 'username': None}</var>
<status status="PASS" start="2025-12-05T23:03:30.721436" elapsed="0.000589"/>
</iter>
<var>${element}</var>
<value>@{lire}</value>
<status status="PASS" start="2025-12-05T23:03:30.717443" elapsed="0.004582"/>
</for>
<tag>EN-21</tag>
<status status="PASS" start="2025-12-05T23:03:30.710363" elapsed="0.011662"/>
</test>
<status status="PASS" start="2025-12-05T23:03:30.398068" elapsed="0.323957"/>
</suite>
<statistics>
<total>
<stat pass="1" fail="0" skip="0">All Tests</stat>
</total>
<tag>
<stat pass="1" fail="0" skip="0">EN-21</stat>
</tag>
<suite>
<stat name="Excelmanipulation" id="s1" pass="1" fail="0" skip="0">Excelmanipulation</stat>
</suite>
</statistics>
<errors>
</errors>
</robot>
