<?xml version="1.0" encoding="UTF-8"?>
<robot generator="Robot 7.3.2 (Python 3.11.0 on win32)" generated="2025-12-04T11:12:42.529507" rpa="false" schemaversion="5">
<suite id="s1" name="CreateCommande" source="C:\Users\GENIUS\IdeaProjects\ExoRoboframework\tests\api\CreateCommande.robot">
<test id="s1-t1" name="po" line="7">
<kw name="Créer le command" owner="keywords">
<kw name="Create Session" owner="RPA.HTTP">
<msg time="2025-12-04T11:12:46.476346" level="INFO">Creating Session using : alias=placejsonholder, url=https://api.restful-api.dev, headers={},                     cookies={}, auth=None, timeout=None, proxies=None, verify=False,                     debug=0 </msg>
<arg>placejsonholder</arg>
<arg>${navigateur}</arg>
<doc>Create Session: create a HTTP session to a server</doc>
<status status="PASS" start="2025-12-04T11:12:46.476346" elapsed="0.004207"/>
</kw>
<kw name="Create Dictionary" owner="BuiltIn">
<msg time="2025-12-04T11:12:46.480553" level="INFO">${addcommande} = {'name': 'Hp victus 15', 'year': '2020', 'price': '4098.34', 'CPU model': 'intel core i9'}</msg>
<var>${addcommande}</var>
<arg>name=Hp victus 15</arg>
<arg>year=2020</arg>
<arg>price=4098.34</arg>
<arg>CPU model=intel core i9</arg>
<doc>Creates and returns a dictionary based on the given ``items``.</doc>
<status status="PASS" start="2025-12-04T11:12:46.480553" elapsed="0.000000"/>
</kw>
<kw name="POST On Session" owner="RPA.HTTP">
<msg time="2025-12-04T11:12:46.807919" level="INFO">C:\Users\GENIUS\AppData\Roaming\Python\Python311\site-packages\urllib3\connectionpool.py:1097: InsecureRequestWarning: Unverified HTTPS request is being made to host 'api.restful-api.dev'. Adding certificate verification is strongly advised. See: https://urllib3.readthedocs.io/en/latest/advanced-usage.html#tls-warnings
  warnings.warn(</msg>
<msg time="2025-12-04T11:12:46.807919" level="INFO">${thecommande2} = &lt;Response [200]&gt;</msg>
<var>${thecommande2}</var>
<arg>placejsonholder</arg>
<arg>/objects</arg>
<arg>json=${addcommande}</arg>
<doc>Sends a POST request on a previously created HTTP Session.</doc>
<status status="PASS" start="2025-12-04T11:12:46.480553" elapsed="0.327366"/>
</kw>
<kw name="Status Should Be" owner="RPA.HTTP">
<arg>200</arg>
<doc>Fails if response status code is different than the expected.</doc>
<status status="PASS" start="2025-12-04T11:12:46.816476" elapsed="0.000000"/>
</kw>
<kw name="To Json" owner="RPA.HTTP">
<msg time="2025-12-04T11:12:46.816476" level="WARN">Keyword 'RPA.HTTP.To Json' is deprecated. Please use ${resp.json()} instead. Have a look at the improved HTML output as pretty printing replacement.</msg>
<msg time="2025-12-04T11:12:46.816476" level="INFO">To JSON using : content={"id":"ff8081819782e69e019ae8d99d607b7e","name":"Hp victus 15","createdAt":"2025-12-04T10:12:47.072+00:00","data":null} </msg>
<msg time="2025-12-04T11:12:46.816476" level="INFO">To JSON using : pretty_print=False </msg>
<msg time="2025-12-04T11:12:46.816476" level="INFO">${verify} = {'id': 'ff8081819782e69e019ae8d99d607b7e', 'name': 'Hp victus 15', 'createdAt': '2025-12-04T10:12:47.072+00:00', 'data': None}</msg>
<var>${verify}</var>
<arg>${thecommande2.content}</arg>
<doc>*DEPRECATED* Please use ${resp.json()} instead. Have a look at the improved HTML output as pretty printing replacement.</doc>
<status status="PASS" start="2025-12-04T11:12:46.816476" elapsed="0.000000"/>
</kw>
<kw name="Should Be Equal" owner="BuiltIn">
<arg>${verify['name']}</arg>
<arg>Hp victus 15</arg>
<doc>Fails if the given objects are unequal.</doc>
<status status="PASS" start="2025-12-04T11:12:46.816476" elapsed="0.000000"/>
</kw>
<kw name="Open Browser" owner="SeleniumLibrary">
<msg time="2025-12-04T11:12:46.816476" level="INFO">Opening browser 'firefox' to base url 'https://api.restful-api.dev/objects'.</msg>
<arg>https://api.restful-api.dev/objects</arg>
<arg>firefox</arg>
<doc>Opens a new browser instance to the optional ``url``.</doc>
<status status="PASS" start="2025-12-04T11:12:46.816476" elapsed="8.630540"/>
</kw>
<kw name="Page Should Contain" owner="SeleniumLibrary">
<msg time="2025-12-04T11:12:55.474623" level="INFO">Current page contains text 'Apple AirPods'.</msg>
<arg>${verifyvariable}</arg>
<doc>Verifies that current page contains ``text``.</doc>
<status status="PASS" start="2025-12-04T11:12:55.447016" elapsed="0.027607"/>
</kw>
<status status="PASS" start="2025-12-04T11:12:46.476346" elapsed="8.998277"/>
</kw>
<status status="PASS" start="2025-12-04T11:12:46.474600" elapsed="9.000023"/>
</test>
<status status="PASS" start="2025-12-04T11:12:42.536308" elapsed="12.938315"/>
</suite>
<statistics>
<total>
<stat pass="1" fail="0" skip="0">All Tests</stat>
</total>
<tag>
</tag>
<suite>
<stat name="CreateCommande" id="s1" pass="1" fail="0" skip="0">CreateCommande</stat>
</suite>
</statistics>
<errors>
<msg time="2025-12-04T11:12:46.816476" level="WARN">Keyword 'RPA.HTTP.To Json' is deprecated. Please use ${resp.json()} instead. Have a look at the improved HTML output as pretty printing replacement.</msg>
</errors>
</robot>
