<?xml version="1.0" encoding="UTF-8"?>
<robot generator="Robot 7.3.2 (Python 3.11.0 on win32)" generated="2025-12-06T13:26:13.486884" rpa="false" schemaversion="5">
<suite id="s1" name="CreateCommande" source="C:\Users\GENIUS\IdeaProjects\ExoRoboframework\tests\api\CreateCommande.robot">
<test id="s1-t1" name="po" line="7">
<kw name="Créer le command" owner="keywords">
<kw name="Create Session" owner="RPA.HTTP">
<msg time="2025-12-06T13:26:14.178324" level="INFO">Creating Session using : alias=placejsonholder, url=https://api.restful-api.dev, headers=chrome,                     cookies={}, auth=None, timeout=None, proxies=None, verify=False,                     debug=0 </msg>
<msg time="2025-12-06T13:26:14.179735" level="FAIL">ValueError: not enough values to unpack (expected 2, got 1)</msg>
<arg>placejsonholder</arg>
<arg>${navigateur}</arg>
<arg>chrome</arg>
<doc>Create Session: create a HTTP session to a server</doc>
<status status="FAIL" start="2025-12-06T13:26:14.177321" elapsed="0.003644">ValueError: not enough values to unpack (expected 2, got 1)</status>
</kw>
<kw name="Create Dictionary" owner="BuiltIn">
<var>${addcommande}</var>
<arg>name=Hp victus 15</arg>
<arg>year=2020</arg>
<arg>price=4098.34</arg>
<arg>CPU model=intel core i9</arg>
<doc>Creates and returns a dictionary based on the given ``items``.</doc>
<status status="NOT RUN" start="2025-12-06T13:26:14.182002" elapsed="0.000000"/>
</kw>
<kw name="POST On Session" owner="RPA.HTTP">
<var>${thecommande2}</var>
<arg>placejsonholder</arg>
<arg>/objects</arg>
<arg>json=${addcommande}</arg>
<doc>Sends a POST request on a previously created HTTP Session.</doc>
<status status="NOT RUN" start="2025-12-06T13:26:14.182002" elapsed="0.000000"/>
</kw>
<kw name="Status Should Be" owner="RPA.HTTP">
<arg>200</arg>
<doc>Fails if response status code is different than the expected.</doc>
<status status="NOT RUN" start="2025-12-06T13:26:14.182002" elapsed="0.000000"/>
</kw>
<kw name="To Json" owner="RPA.HTTP">
<msg time="2025-12-06T13:26:14.182968" level="WARN">Keyword 'RPA.HTTP.To Json' is deprecated. Please use ${resp.json()} instead. Have a look at the improved HTML output as pretty printing replacement.</msg>
<var>${verify}</var>
<arg>${thecommande2.content}</arg>
<doc>*DEPRECATED* Please use ${resp.json()} instead. Have a look at the improved HTML output as pretty printing replacement.</doc>
<status status="NOT RUN" start="2025-12-06T13:26:14.182002" elapsed="0.000966"/>
</kw>
<kw name="Should Be Equal" owner="BuiltIn">
<arg>${verify['name']}</arg>
<arg>Hp victus 15</arg>
<doc>Fails if the given objects are unequal.</doc>
<status status="NOT RUN" start="2025-12-06T13:26:14.182968" elapsed="0.000000"/>
</kw>
<kw name="Open Browser" owner="SeleniumLibrary">
<arg>https://api.restful-api.dev/objects</arg>
<arg>firefox</arg>
<doc>Opens a new browser instance to the optional ``url``.</doc>
<status status="NOT RUN" start="2025-12-06T13:26:14.182968" elapsed="0.000000"/>
</kw>
<kw name="Page Should Contain" owner="SeleniumLibrary">
<arg>${verifyvariable}</arg>
<doc>Verifies that current page contains ``text``.</doc>
<status status="NOT RUN" start="2025-12-06T13:26:14.182968" elapsed="0.000000"/>
</kw>
<status status="FAIL" start="2025-12-06T13:26:14.175920" elapsed="0.007048">ValueError: not enough values to unpack (expected 2, got 1)</status>
</kw>
<status status="FAIL" start="2025-12-06T13:26:14.174904" elapsed="0.009499">ValueError: not enough values to unpack (expected 2, got 1)</status>
</test>
<status status="FAIL" start="2025-12-06T13:26:13.489883" elapsed="0.694520"/>
</suite>
<statistics>
<total>
<stat pass="0" fail="1" skip="0">All Tests</stat>
</total>
<tag>
</tag>
<suite>
<stat name="CreateCommande" id="s1" pass="0" fail="1" skip="0">CreateCommande</stat>
</suite>
</statistics>
<errors>
<msg time="2025-12-06T13:26:14.182968" level="WARN">Keyword 'RPA.HTTP.To Json' is deprecated. Please use ${resp.json()} instead. Have a look at the improved HTML output as pretty printing replacement.</msg>
</errors>
</robot>
