<?xml version="1.0" encoding="UTF-8"?>
<robot generator="Robot 7.3.2 (Python 3.11.3 on win32)" generated="2025-10-02T11:19:15.200352" rpa="false" schemaversion="5">
<suite id="s1" name="Forms" source="C:\Users\GENIUS\IdeaProjects\ExoRoboframework\tests\ui\Forms.robot">
<test id="s1-t1" name="Full forms" line="28">
<kw name="forms">
<kw name="Open Browser" owner="RPA.Browser">
<msg time="2025-10-02T11:19:15.588862" level="INFO">Opening browser 'firefox' to base url 'C:/Users/GENIUS/IdeaProjects/ExoRoboframework/File/html-application-form.html'.</msg>
<arg>C:/Users/GENIUS/IdeaProjects/ExoRoboframework/File/html-application-form.html</arg>
<arg>firefox</arg>
<doc>Opens a new browser instance to the optional ``url``.</doc>
<status status="PASS" start="2025-10-02T11:19:15.587873" elapsed="5.896761"/>
</kw>
<kw name="Input Text" owner="RPA.Browser">
<msg time="2025-10-02T11:19:21.485987" level="INFO">Typing text 'andou' into text field 'id=firstname'.</msg>
<arg>id=firstname</arg>
<arg>${firstname}</arg>
<doc>Types the given ``text`` into the text field identified by ``locator``.</doc>
<status status="PASS" start="2025-10-02T11:19:21.484634" elapsed="0.125885"/>
</kw>
<kw name="Input Text" owner="RPA.Browser">
<msg time="2025-10-02T11:19:21.610519" level="INFO">Typing text 'emmanuel' into text field 'id=lastname'.</msg>
<arg>id=lastname</arg>
<arg>${lastname}</arg>
<doc>Types the given ``text`` into the text field identified by ``locator``.</doc>
<status status="PASS" start="2025-10-02T11:19:21.610519" elapsed="0.024877"/>
</kw>
<kw name="Input Text" owner="RPA.Browser">
<msg time="2025-10-02T11:19:21.636536" level="INFO">Typing text 'andouemmanuel@gmail.com' into text field 'id=email'.</msg>
<arg>id=email</arg>
<arg>${email}</arg>
<doc>Types the given ``text`` into the text field identified by ``locator``.</doc>
<status status="PASS" start="2025-10-02T11:19:21.635396" elapsed="0.028876"/>
</kw>
<kw name="Select From List By Value" owner="RPA.Browser">
<msg time="2025-10-02T11:19:21.665272" level="INFO">Selecting options from selection list 'id=occupation' by value others.</msg>
<arg>id=occupation</arg>
<arg>others</arg>
<doc>Selects options from selection list ``locator`` by ``values``.</doc>
<status status="PASS" start="2025-10-02T11:19:21.665272" elapsed="0.086311"/>
</kw>
<kw name="Input Text" owner="RPA.Browser">
<msg time="2025-10-02T11:19:21.752584" level="INFO">Typing text '33' into text field 'id=areacode'.</msg>
<arg>id=areacode</arg>
<arg>${area}</arg>
<doc>Types the given ``text`` into the text field identified by ``locator``.</doc>
<status status="PASS" start="2025-10-02T11:19:21.752584" elapsed="0.016969"/>
</kw>
<kw name="Input Text" owner="RPA.Browser">
<msg time="2025-10-02T11:19:21.771049" level="INFO">Typing text '0678967887' into text field 'id=phone'.</msg>
<arg>id=phone</arg>
<arg>${phone}</arg>
<doc>Types the given ``text`` into the text field identified by ``locator``.</doc>
<status status="PASS" start="2025-10-02T11:19:21.769553" elapsed="0.020219"/>
</kw>
<kw name="Input Text" owner="RPA.Browser">
<msg time="2025-10-02T11:19:21.789772" level="INFO">Typing text 'Testeur Auto et Fonctionnelle' into text field 'id=age'.</msg>
<arg>id=age</arg>
<arg>${position}</arg>
<doc>Types the given ``text`` into the text field identified by ``locator``.</doc>
<status status="PASS" start="2025-10-02T11:19:21.789772" elapsed="0.024651"/>
</kw>
<kw name="Press Keys" owner="RPA.Browser">
<msg time="2025-10-02T11:19:21.814423" level="INFO">Sending key(s) ('22/09/1967',) to id=dob element.</msg>
<msg time="2025-10-02T11:19:22.096375" level="INFO">Sending keys 22/09/1967</msg>
<arg>id=dob</arg>
<arg>22/09/1967</arg>
<doc>Simulates the user pressing key(s) to an element or on the active browser.</doc>
<status status="PASS" start="2025-10-02T11:19:21.814423" elapsed="0.299785"/>
</kw>
<kw name="Input Text" owner="RPA.Browser">
<msg time="2025-10-02T11:19:22.114208" level="INFO">Typing text '47 Boulevard Trouin' into text field 'id=address'.</msg>
<arg>id=address</arg>
<arg>${adress}</arg>
<doc>Types the given ``text`` into the text field identified by ``locator``.</doc>
<status status="PASS" start="2025-10-02T11:19:22.114208" elapsed="0.016764"/>
</kw>
<kw name="Sleep" owner="BuiltIn">
<msg time="2025-10-02T11:19:27.131227" level="INFO">Slept 5 seconds.</msg>
<arg>5</arg>
<doc>Pauses the test executed for the given time.</doc>
<status status="PASS" start="2025-10-02T11:19:22.130972" elapsed="5.000255"/>
</kw>
<status status="PASS" start="2025-10-02T11:19:15.586832" elapsed="11.544395"/>
</kw>
<tag>EN-21</tag>
<status status="PASS" start="2025-10-02T11:19:15.586832" elapsed="11.544395"/>
</test>
<status status="PASS" start="2025-10-02T11:19:15.201462" elapsed="11.930789"/>
</suite>
<statistics>
<total>
<stat pass="1" fail="0" skip="0">All Tests</stat>
</total>
<tag>
<stat pass="1" fail="0" skip="0">EN-21</stat>
</tag>
<suite>
<stat name="Forms" id="s1" pass="1" fail="0" skip="0">Forms</stat>
</suite>
</statistics>
<errors>
<msg time="2025-10-02T11:19:15.539537" level="WARN">This is a deprecated import that will be removed in favor of RPA.Browser.Selenium</msg>
</errors>
</robot>
