<?xml version="1.0" encoding="UTF-8"?>
<robot generator="Robot 7.3.2 (Python 3.11.3 on win32)" generated="2025-08-30T11:04:55.634895" rpa="false" schemaversion="5">
<suite id="s1" name="VerifyTableau" source="C:\Users\GENIUS\IdeaProjects\ExoRoboframework\VerifyTableau.robot">
<test id="s1-t1" name="Launch" line="19">
<kw name="Login to website">
<kw name="Open Browser" owner="RPA.Browser">
<msg time="2025-08-30T11:04:55.991428" level="INFO">Opening browser 'firefox' to base url 'C:/Users/GENIUS/IdeaProjects/ExoRoboframework/FileHTML/index.html'.</msg>
<arg>${url}</arg>
<arg>firefox</arg>
<doc>Opens a new browser instance to the optional ``url``.</doc>
<status status="PASS" start="2025-08-30T11:04:55.990427" elapsed="5.653683"/>
</kw>
<kw name="Get WebElements" owner="RPA.Browser">
<msg time="2025-08-30T11:05:01.672187" level="INFO">@{elements} = [ ]</msg>
<var>@{elements}</var>
<arg>xpath=//h2[@class="dolor_text"]</arg>
<doc>Returns a list of WebElement objects matching the ``locator``.</doc>
<status status="PASS" start="2025-08-30T11:05:01.644110" elapsed="0.028077"/>
</kw>
<for flavor="IN">
<iter>
<kw name="Get Text" owner="RPA.Browser">
<var>${text}</var>
<arg>${element}</arg>
<doc>Returns the text value of the element identified by ``locator``.</doc>
<status status="NOT RUN" start="2025-08-30T11:05:01.673188" elapsed="0.000000"/>
</kw>
<kw name="Log" owner="BuiltIn">
<arg>${text}</arg>
<doc>Logs the given message with the given level.</doc>
<status status="NOT RUN" start="2025-08-30T11:05:01.673188" elapsed="0.000000"/>
</kw>
<var name="${element}"/>
<status status="NOT RUN" start="2025-08-30T11:05:01.673188" elapsed="0.000000"/>
</iter>
<var>${element}</var>
<value>@{elements}</value>
<status status="NOT RUN" start="2025-08-30T11:05:01.673188" elapsed="0.000000"/>
</for>
<status status="PASS" start="2025-08-30T11:04:55.990427" elapsed="5.683760"/>
</kw>
<status status="PASS" start="2025-08-30T11:04:55.989428" elapsed="5.684759"/>
</test>
<status status="PASS" start="2025-08-30T11:04:55.637896" elapsed="6.036799"/>
</suite>
<statistics>
<total>
<stat pass="1" fail="0" skip="0">All Tests</stat>
</total>
<tag>
</tag>
<suite>
<stat name="VerifyTableau" id="s1" pass="1" fail="0" skip="0">VerifyTableau</stat>
</suite>
</statistics>
<errors>
<msg time="2025-08-30T11:04:55.945989" level="WARN">This is a deprecated import that will be removed in favor of RPA.Browser.Selenium</msg>
</errors>
</robot>
