<?xml version="1.0" encoding="UTF-8"?>
<robot generator="Robot 7.3.2 (Python 3.11.0 on win32)" generated="2025-10-23T07:28:14.204292" rpa="false" schemaversion="5">
<suite id="s1" name="Excelmanipulation" source="C:\Users\GENIUS\IdeaProjects\ExoRoboframework\tests\ui\Excelmanipulation.robot">
<test id="s1-t1" name="Lire Mot De Passe Seulement" line="11">
<kw name="Open Workbook" owner="RPA.Excel.Files">
<msg time="2025-10-23T07:28:14.561422" level="INFO">Opened workbook: &lt;RPA.Excel.Files.XlsxWorkbook object at 0x000002714657DC50&gt;</msg>
<arg>${FICHIER}</arg>
<doc>Open an existing Excel workbook.</doc>
<status status="PASS" start="2025-10-23T07:28:14.549416" elapsed="0.022145"/>
</kw>
<kw name="Read Worksheet As Table" owner="RPA.Excel.Files">
<msg time="2025-10-23T07:28:14.572561" level="INFO">Created table: Table(columns=['NOM', 'EMAIL', 'MOTDEPASSE', 'username'], rows=5)</msg>
<msg time="2025-10-23T07:28:14.572561" level="INFO">${lire} = Table(columns=['NOM', 'EMAIL', 'MOTDEPASSE', 'username'], rows=5)</msg>
<var>${lire}</var>
<arg>header=true</arg>
<doc>Read the contents of a worksheet into a Table container. Allows
sorting/filtering/manipulating using the ``RPA.Tables`` library.</doc>
<status status="PASS" start="2025-10-23T07:28:14.571561" elapsed="0.001000"/>
</kw>
<for flavor="IN">
<iter>
<if>
<branch type="IF" condition="'${element}[username]' == 'standard_user' and '${element}[MOTDEPASSE]' == 'secret_sauce'">
<kw name="Set Variable" owner="BuiltIn">
<var>${USERNAME}</var>
<arg>${element}[username]</arg>
<doc>Returns the given values which can then be assigned to a variables.</doc>
<status status="NOT RUN" start="2025-10-23T07:28:14.573561" elapsed="0.000000"/>
</kw>
<kw name="Set Variable" owner="BuiltIn">
<var>${PASSWORD}</var>
<arg>${element}[MOTDEPASSE]</arg>
<doc>Returns the given values which can then be assigned to a variables.</doc>
<status status="NOT RUN" start="2025-10-23T07:28:14.573561" elapsed="0.000000"/>
</kw>
<status status="NOT RUN" start="2025-10-23T07:28:14.572561" elapsed="0.001000"/>
</branch>
<status status="PASS" start="2025-10-23T07:28:14.572561" elapsed="0.001000"/>
</if>
<var name="${element}">{'NOM': 'Alice', 'EMAIL': 'alice@test.com', 'MOTDEPASSE': 'pass123', 'username': 'alexandra'}</var>
<status status="PASS" start="2025-10-23T07:28:14.572561" elapsed="0.001000"/>
</iter>
<iter>
<if>
<branch type="IF" condition="'${element}[username]' == 'standard_user' and '${element}[MOTDEPASSE]' == 'secret_sauce'">
<kw name="Set Variable" owner="BuiltIn">
<msg time="2025-10-23T07:28:14.573561" level="INFO">${USERNAME} = standard_user</msg>
<var>${USERNAME}</var>
<arg>${element}[username]</arg>
<doc>Returns the given values which can then be assigned to a variables.</doc>
<status status="PASS" start="2025-10-23T07:28:14.573561" elapsed="0.000000"/>
</kw>
<kw name="Set Variable" owner="BuiltIn">
<msg time="2025-10-23T07:28:14.574971" level="INFO">${PASSWORD} = secret_sauce</msg>
<var>${PASSWORD}</var>
<arg>${element}[MOTDEPASSE]</arg>
<doc>Returns the given values which can then be assigned to a variables.</doc>
<status status="PASS" start="2025-10-23T07:28:14.573561" elapsed="0.001410"/>
</kw>
<status status="PASS" start="2025-10-23T07:28:14.573561" elapsed="0.001410"/>
</branch>
<status status="PASS" start="2025-10-23T07:28:14.573561" elapsed="0.001410"/>
</if>
<var name="${element}">{'NOM': 'Bob', 'EMAIL': 'bob@test.com', 'MOTDEPASSE': 'secret_sauce', 'username': 'standard_user'}</var>
<status status="PASS" start="2025-10-23T07:28:14.573561" elapsed="0.001410"/>
</iter>
<iter>
<if>
<branch type="IF" condition="'${element}[username]' == 'standard_user' and '${element}[MOTDEPASSE]' == 'secret_sauce'">
<kw name="Set Variable" owner="BuiltIn">
<var>${USERNAME}</var>
<arg>${element}[username]</arg>
<doc>Returns the given values which can then be assigned to a variables.</doc>
<status status="NOT RUN" start="2025-10-23T07:28:14.574971" elapsed="0.000000"/>
</kw>
<kw name="Set Variable" owner="BuiltIn">
<var>${PASSWORD}</var>
<arg>${element}[MOTDEPASSE]</arg>
<doc>Returns the given values which can then be assigned to a variables.</doc>
<status status="NOT RUN" start="2025-10-23T07:28:14.574971" elapsed="0.000000"/>
</kw>
<status status="NOT RUN" start="2025-10-23T07:28:14.574971" elapsed="0.000000"/>
</branch>
<status status="PASS" start="2025-10-23T07:28:14.574971" elapsed="0.000000"/>
</if>
<var name="${element}">{'NOM': 'Charlie', 'EMAIL': 'charlie@test.com', 'MOTDEPASSE': 'secret_sauce', 'username': 'coucou'}</var>
<status status="PASS" start="2025-10-23T07:28:14.574971" elapsed="0.000000"/>
</iter>
<iter>
<if>
<branch type="IF" condition="'${element}[username]' == 'standard_user' and '${element}[MOTDEPASSE]' == 'secret_sauce'">
<kw name="Set Variable" owner="BuiltIn">
<var>${USERNAME}</var>
<arg>${element}[username]</arg>
<doc>Returns the given values which can then be assigned to a variables.</doc>
<status status="NOT RUN" start="2025-10-23T07:28:14.575972" elapsed="0.000000"/>
</kw>
<kw name="Set Variable" owner="BuiltIn">
<var>${PASSWORD}</var>
<arg>${element}[MOTDEPASSE]</arg>
<doc>Returns the given values which can then be assigned to a variables.</doc>
<status status="NOT RUN" start="2025-10-23T07:28:14.575972" elapsed="0.000000"/>
</kw>
<status status="NOT RUN" start="2025-10-23T07:28:14.575972" elapsed="0.000000"/>
</branch>
<status status="PASS" start="2025-10-23T07:28:14.575972" elapsed="0.000000"/>
</if>
<var name="${element}">{'NOM': 'David', 'EMAIL': 'david@test.com', 'MOTDEPASSE': 'pass321', 'username': 'holly'}</var>
<status status="PASS" start="2025-10-23T07:28:14.574971" elapsed="0.001001"/>
</iter>
<iter>
<if>
<branch type="IF" condition="'${element}[username]' == 'standard_user' and '${element}[MOTDEPASSE]' == 'secret_sauce'">
<kw name="Set Variable" owner="BuiltIn">
<var>${USERNAME}</var>
<arg>${element}[username]</arg>
<doc>Returns the given values which can then be assigned to a variables.</doc>
<status status="NOT RUN" start="2025-10-23T07:28:14.575972" elapsed="0.000000"/>
</kw>
<kw name="Set Variable" owner="BuiltIn">
<var>${PASSWORD}</var>
<arg>${element}[MOTDEPASSE]</arg>
<doc>Returns the given values which can then be assigned to a variables.</doc>
<status status="NOT RUN" start="2025-10-23T07:28:14.576972" elapsed="0.000000"/>
</kw>
<status status="NOT RUN" start="2025-10-23T07:28:14.575972" elapsed="0.001000"/>
</branch>
<status status="PASS" start="2025-10-23T07:28:14.575972" elapsed="0.001000"/>
</if>
<var name="${element}">{'NOM': 'Emma', 'EMAIL': 'emma@test.com', 'MOTDEPASSE': 'pass654', 'username': None}</var>
<status status="PASS" start="2025-10-23T07:28:14.575972" elapsed="0.001000"/>
</iter>
<var>${element}</var>
<value>@{lire}</value>
<status status="PASS" start="2025-10-23T07:28:14.572561" elapsed="0.004411"/>
</for>
<tag>EN-21</tag>
<status status="PASS" start="2025-10-23T07:28:14.548418" elapsed="0.028554"/>
</test>
<status status="PASS" start="2025-10-23T07:28:14.205293" elapsed="0.371679"/>
</suite>
<statistics>
<total>
<stat pass="1" fail="0" skip="0">All Tests</stat>
</total>
<tag>
<stat pass="1" fail="0" skip="0">EN-21</stat>
</tag>
<suite>
<stat name="Excelmanipulation" id="s1" pass="1" fail="0" skip="0">Excelmanipulation</stat>
</suite>
</statistics>
<errors>
</errors>
</robot>
