<?xml version="1.0" encoding="UTF-8"?>
<robot generator="Robot 7.3.2 (Python 3.11.0 on win32)" generated="2025-12-06T14:29:37.025585" rpa="false" schemaversion="5">
<suite id="s1" name="LoginExcel" source="C:\Users\GENIUS\IdeaProjects\ExoRoboframework\tests\ui\LoginExcel.robot">
<test id="s1-t1" name="Login with Excel" line="16">
<kw name="Open Workbook" owner="RPA.Excel.Files" type="SETUP">
<msg time="2025-12-06T14:29:37.446222" level="INFO">Opened workbook: &lt;RPA.Excel.Files.XlsxWorkbook object at 0x0000026F238D7A50&gt;</msg>
<arg>C:\\Users\\GENIUS\\IdeaProjects\\ExoRoboframework\\File\\login.xlsx</arg>
<doc>Open an existing Excel workbook.</doc>
<status status="PASS" start="2025-12-06T14:29:37.441976" elapsed="0.004246"/>
</kw>
<kw name="Read Worksheet As Table" owner="RPA.Excel.Files">
<msg time="2025-12-06T14:29:37.446222" level="INFO">Created table: Table(columns=['A', 'B', 'C'], rows=3)</msg>
<msg time="2025-12-06T14:29:37.446222" level="INFO">${fileexcel} = Table(columns=['A', 'B', 'C'], rows=3)</msg>
<var>${fileexcel}</var>
<arg>header=false</arg>
<doc>Read the contents of a worksheet into a Table container. Allows
sorting/filtering/manipulating using the ``RPA.Tables`` library.</doc>
<status status="PASS" start="2025-12-06T14:29:37.446222" elapsed="0.000000"/>
</kw>
<kw name="Get From List" owner="Collections">
<msg time="2025-12-06T14:29:37.446222" level="INFO">${read} = ['Admin', 'standard_user', 'secret_sauce']</msg>
<var>${read}</var>
<arg>${fileexcel}</arg>
<arg>2</arg>
<doc>Returns the value specified with an ``index`` from ``list``.</doc>
<status status="PASS" start="2025-12-06T14:29:37.446222" elapsed="0.000000"/>
</kw>
<kw name="Open Browser" owner="SeleniumLibrary">
<msg time="2025-12-06T14:29:37.446222" level="INFO">Opening browser 'chrome' to base url 'https://www.saucedemo.com/'.</msg>
<arg>https://www.saucedemo.com/</arg>
<arg>chrome</arg>
<doc>Opens a new browser instance to the optional ``url``.</doc>
<status status="PASS" start="2025-12-06T14:29:37.446222" elapsed="1.534621"/>
</kw>
<kw name="Input Text" owner="SeleniumLibrary">
<msg time="2025-12-06T14:29:38.980843" level="INFO">Typing text 'standard_user' into text field 'id=user-name'.</msg>
<arg>id=user-name</arg>
<arg>${read[1]}</arg>
<doc>Types the given ``text`` into the text field identified by ``locator``.</doc>
<status status="PASS" start="2025-12-06T14:29:38.980843" elapsed="0.112252"/>
</kw>
<kw name="Input Text" owner="SeleniumLibrary">
<msg time="2025-12-06T14:29:39.094761" level="INFO">Typing text 'secret_sauce' into text field 'id=password'.</msg>
<arg>id=password</arg>
<arg>${read[2]}</arg>
<doc>Types the given ``text`` into the text field identified by ``locator``.</doc>
<status status="PASS" start="2025-12-06T14:29:39.093095" elapsed="0.070384"/>
</kw>
<kw name="Click Button" owner="SeleniumLibrary">
<msg time="2025-12-06T14:29:39.163479" level="INFO">Clicking button 'id=login-button'.</msg>
<arg>id=login-button</arg>
<doc>Clicks the button identified by ``locator``.</doc>
<status status="PASS" start="2025-12-06T14:29:39.163479" elapsed="0.116078"/>
</kw>
<kw name="Wait Until Page Contains" owner="SeleniumLibrary">
<arg>Sauce Labs Backpack</arg>
<doc>Waits until ``text`` appears on the current page.</doc>
<status status="PASS" start="2025-12-06T14:29:39.281066" elapsed="0.010660"/>
</kw>
<kw name="Wait Until Page Contains" owner="SeleniumLibrary" type="TEARDOWN">
<arg>Sauce Labs Bike Light</arg>
<doc>Waits until ``text`` appears on the current page.</doc>
<status status="PASS" start="2025-12-06T14:29:39.291726" elapsed="0.012156"/>
</kw>
<status status="PASS" start="2025-12-06T14:29:37.441976" elapsed="1.861906"/>
</test>
<status status="PASS" start="2025-12-06T14:29:37.031790" elapsed="2.273093"/>
</suite>
<statistics>
<total>
<stat pass="1" fail="0" skip="0">All Tests</stat>
</total>
<tag>
</tag>
<suite>
<stat name="LoginExcel" id="s1" pass="1" fail="0" skip="0">LoginExcel</stat>
</suite>
</statistics>
<errors>
</errors>
</robot>
