<?xml version="1.0" encoding="UTF-8"?>
<robot generator="Robot 7.3.2 (Python 3.11.0 on win32)" generated="2026-01-31T13:21:21.677492" rpa="false" schemaversion="5">
<suite id="s1" name="Readfile" source="C:\Users\GENIUS\IdeaProjects\ExoRoboframework\tests\api\readfile.robot">
<test id="s1-t1" name="logger avec ddt" line="13">
<kw name="Open Browser" owner="RPA.Browser">
<msg time="2026-01-31T13:21:22.264416" level="INFO">Opening browser 'chrome' to base url 'https://www.saucedemo.com/'.</msg>
<arg>https://www.saucedemo.com/</arg>
<arg>chrome</arg>
<doc>Opens a new browser instance to the optional ``url``.</doc>
<status status="PASS" start="2026-01-31T13:21:22.264416" elapsed="1.474789"/>
</kw>
<kw name="Open Workbook" owner="RPA.Excel.Files">
<msg time="2026-01-31T13:21:23.746025" level="INFO">Opened workbook: &lt;RPA.Excel.Files.XlsxWorkbook object at 0x0000029D4A2F2490&gt;</msg>
<arg>C:/Users/GENIUS/IdeaProjects/ExoRoboframework/File/code.xlsx</arg>
<doc>Open an existing Excel workbook.</doc>
<status status="PASS" start="2026-01-31T13:21:23.739205" elapsed="0.007986"/>
</kw>
<kw name="Read Worksheet As Table" owner="RPA.Excel.Files">
<msg time="2026-01-31T13:21:23.747191" level="INFO">Created table: Table(columns=['A', 'B'], rows=2)</msg>
<msg time="2026-01-31T13:21:23.747191" level="INFO">${myvalue} = Table(columns=['A', 'B'], rows=2)</msg>
<var>${myvalue}</var>
<doc>Read the contents of a worksheet into a Table container. Allows
sorting/filtering/manipulating using the ``RPA.Tables`` library.</doc>
<status status="PASS" start="2026-01-31T13:21:23.747191" elapsed="0.000000"/>
</kw>
<for flavor="IN">
<iter>
<kw name="Set Variable" owner="BuiltIn">
<msg time="2026-01-31T13:21:23.748699" level="INFO">${myusername} = username</msg>
<var>${myusername}</var>
<arg>${element}[A]</arg>
<doc>Returns the given values which can then be assigned to a variables.</doc>
<status status="PASS" start="2026-01-31T13:21:23.748699" elapsed="0.000000"/>
</kw>
<kw name="Set Variable" owner="BuiltIn">
<msg time="2026-01-31T13:21:23.749712" level="INFO">${password} = password</msg>
<var>${password}</var>
<arg>${element}[B]</arg>
<doc>Returns the given values which can then be assigned to a variables.</doc>
<status status="PASS" start="2026-01-31T13:21:23.749712" elapsed="0.000000"/>
</kw>
<kw name="Input Text" owner="RPA.Browser">
<msg time="2026-01-31T13:21:23.750707" level="INFO">Typing text 'username' into text field 'css=#user-name'.</msg>
<arg>css=#user-name</arg>
<arg>${myusername}</arg>
<doc>Types the given ``text`` into the text field identified by ``locator``.</doc>
<status status="PASS" start="2026-01-31T13:21:23.749712" elapsed="0.112999"/>
</kw>
<kw name="Input Password" owner="RPA.Browser">
<msg time="2026-01-31T13:21:23.862711" level="INFO">Typing password into text field 'css:#password'.</msg>
<msg time="2026-01-31T13:21:23.892685" level="INFO">Temporally setting log level to: NONE</msg>
<arg>css:#password</arg>
<arg>${password}</arg>
<doc>Types the given password into the text field identified by ``locator``.</doc>
<status status="PASS" start="2026-01-31T13:21:23.862711" elapsed="0.066429"/>
</kw>
<kw name="Click Element" owner="RPA.Browser">
<msg time="2026-01-31T13:21:23.929140" level="INFO">Clicking element 'css:#login-button'.</msg>
<arg>css:#login-button</arg>
<doc>Click the element identified by ``locator``.</doc>
<status status="PASS" start="2026-01-31T13:21:23.929140" elapsed="0.061687"/>
</kw>
<kw name="Wait Until Page Contains" owner="RPA.Browser">
<arg>Swag Labs</arg>
<doc>Waits until ``text`` appears on the current page.</doc>
<status status="PASS" start="2026-01-31T13:21:23.990827" elapsed="0.011220"/>
</kw>
<var name="${element}">{'A': 'username', 'B': 'password'}</var>
<status status="PASS" start="2026-01-31T13:21:23.748699" elapsed="0.253348"/>
</iter>
<iter>
<kw name="Set Variable" owner="BuiltIn">
<msg time="2026-01-31T13:21:24.002047" level="INFO">${myusername} = standard_user</msg>
<var>${myusername}</var>
<arg>${element}[A]</arg>
<doc>Returns the given values which can then be assigned to a variables.</doc>
<status status="PASS" start="2026-01-31T13:21:24.002047" elapsed="0.000000"/>
</kw>
<kw name="Set Variable" owner="BuiltIn">
<msg time="2026-01-31T13:21:24.003050" level="INFO">${password} = secret_sauce</msg>
<var>${password}</var>
<arg>${element}[B]</arg>
<doc>Returns the given values which can then be assigned to a variables.</doc>
<status status="PASS" start="2026-01-31T13:21:24.003050" elapsed="0.000000"/>
</kw>
<kw name="Input Text" owner="RPA.Browser">
<msg time="2026-01-31T13:21:24.003050" level="INFO">Typing text 'standard_user' into text field 'css=#user-name'.</msg>
<arg>css=#user-name</arg>
<arg>${myusername}</arg>
<doc>Types the given ``text`` into the text field identified by ``locator``.</doc>
<status status="PASS" start="2026-01-31T13:21:24.003050" elapsed="0.072043"/>
</kw>
<kw name="Input Password" owner="RPA.Browser">
<msg time="2026-01-31T13:21:24.075093" level="INFO">Typing password into text field 'css:#password'.</msg>
<msg time="2026-01-31T13:21:24.100119" level="INFO">Temporally setting log level to: NONE</msg>
<arg>css:#password</arg>
<arg>${password}</arg>
<doc>Types the given password into the text field identified by ``locator``.</doc>
<status status="PASS" start="2026-01-31T13:21:24.075093" elapsed="0.062533"/>
</kw>
<kw name="Click Element" owner="RPA.Browser">
<msg time="2026-01-31T13:21:24.139144" level="INFO">Clicking element 'css:#login-button'.</msg>
<arg>css:#login-button</arg>
<doc>Click the element identified by ``locator``.</doc>
<status status="PASS" start="2026-01-31T13:21:24.137626" elapsed="0.073620"/>
</kw>
<kw name="Wait Until Page Contains" owner="RPA.Browser">
<arg>Swag Labs</arg>
<doc>Waits until ``text`` appears on the current page.</doc>
<status status="PASS" start="2026-01-31T13:21:24.212752" elapsed="0.006075"/>
</kw>
<var name="${element}">{'A': 'standard_user', 'B': 'secret_sauce'}</var>
<status status="PASS" start="2026-01-31T13:21:24.002047" elapsed="0.216780"/>
</iter>
<var>${element}</var>
<value>@{myvalue}</value>
<status status="PASS" start="2026-01-31T13:21:23.748699" elapsed="0.470128"/>
</for>
<status status="PASS" start="2026-01-31T13:21:22.264416" elapsed="1.954411"/>
</test>
<status status="PASS" start="2026-01-31T13:21:21.677492" elapsed="2.541335"/>
</suite>
<statistics>
<total>
<stat pass="1" fail="0" skip="0">All Tests</stat>
</total>
<tag>
</tag>
<suite>
<stat name="Readfile" id="s1" pass="1" fail="0" skip="0">Readfile</stat>
</suite>
</statistics>
<errors>
<msg time="2026-01-31T13:21:22.228722" level="WARN">This is a deprecated import that will be removed in favor of RPA.Browser.Selenium</msg>
</errors>
</robot>
