<?xml version="1.0" encoding="UTF-8"?>
<robot generator="Rebot 7.3.2 (Python 3.11.0 on win32)" generated="2026-03-04T11:58:02.557776" rpa="false" schemaversion="5">
<suite id="s1" name="Tests" source="C:\Users\GENIUS\IdeaProjects\ExoRoboframework\tests">
<suite id="s1-s1" name="Api" source="C:\Users\GENIUS\IdeaProjects\ExoRoboframework\tests\api">
<suite id="s1-s1-s1" name="CreateCommande" source="C:\Users\GENIUS\IdeaProjects\ExoRoboframework\tests\api\CreateCommande.robot">
<test id="s1-s1-s1-t1" name="po" line="6">
<kw name="Créer le command" owner="keywords">
<kw name="Create Session" owner="RPA.HTTP">
<msg time="2026-03-04T11:57:45.172475" level="INFO">Creating Session using : alias=placejsonholder, url=https://api.restful-api.dev, headers={},                     cookies={}, auth=None, timeout=None, proxies=None, verify=False,                     debug=0 </msg>
<arg>placejsonholder</arg>
<arg>${navigateur}</arg>
<doc>Create Session: create a HTTP session to a server</doc>
<status status="PASS" start="2026-03-04T11:57:45.171968" elapsed="0.000507"/>
</kw>
<kw name="Create Dictionary" owner="BuiltIn">
<msg time="2026-03-04T11:57:45.172475" level="INFO">${addcommande} = {'name': 'Hp victus 15', 'year': '2020', 'price': '4098.34', 'CPU model': 'intel core i9'}</msg>
<var>${addcommande}</var>
<arg>name=Hp victus 15</arg>
<arg>year=2020</arg>
<arg>price=4098.34</arg>
<arg>CPU model=intel core i9</arg>
<doc>Creates and returns a dictionary based on the given ``items``.</doc>
<status status="PASS" start="2026-03-04T11:57:45.172475" elapsed="0.001009"/>
</kw>
<kw name="POST On Session" owner="RPA.HTTP">
<msg time="2026-03-04T11:57:45.435982" level="INFO">C:\Users\GENIUS\AppData\Roaming\Python\Python311\site-packages\urllib3\connectionpool.py:1097: InsecureRequestWarning: Unverified HTTPS request is being made to host 'api.restful-api.dev'. Adding certificate verification is strongly advised. See: https://urllib3.readthedocs.io/en/latest/advanced-usage.html#tls-warnings
  warnings.warn(</msg>
<msg time="2026-03-04T11:57:45.435982" level="FAIL">HTTPError: 405 Client Error: Method Not Allowed for url: https://api.restful-api.dev/objects</msg>
<var>${thecommande2}</var>
<arg>placejsonholder</arg>
<arg>/objects</arg>
<arg>json=${addcommande}</arg>
<doc>Sends a POST request on a previously created HTTP Session.</doc>
<status status="FAIL" start="2026-03-04T11:57:45.173484" elapsed="0.264499">HTTPError: 405 Client Error: Method Not Allowed for url: https://api.restful-api.dev/objects</status>
</kw>
<kw name="Status Should Be" owner="RPA.HTTP">
<arg>200</arg>
<doc>Fails if response status code is different than the expected.</doc>
<status status="NOT RUN" start="2026-03-04T11:57:45.437983" elapsed="0.000998"/>
</kw>
<kw name="To Json" owner="RPA.HTTP">
<msg time="2026-03-04T11:57:45.438981" level="WARN">Keyword 'RPA.HTTP.To Json' is deprecated. Please use ${resp.json()} instead. Have a look at the improved HTML output as pretty printing replacement.</msg>
<var>${verify}</var>
<arg>${thecommande2.content}</arg>
<doc>*DEPRECATED* Please use ${resp.json()} instead. Have a look at the improved HTML output as pretty printing replacement.</doc>
<status status="NOT RUN" start="2026-03-04T11:57:45.438981" elapsed="0.000999"/>
</kw>
<kw name="Should Be Equal" owner="BuiltIn">
<arg>${verify['name']}</arg>
<arg>Hp victus 15</arg>
<doc>Fails if the given objects are unequal.</doc>
<status status="NOT RUN" start="2026-03-04T11:57:45.439980" elapsed="0.000000"/>
</kw>
<kw name="Create Session" owner="RPA.HTTP">
<arg>myjsonok</arg>
<arg>${navigateur2}</arg>
<doc>Create Session: create a HTTP session to a server</doc>
<status status="NOT RUN" start="2026-03-04T11:57:45.439980" elapsed="0.000000"/>
</kw>
<kw name="GET On Session" owner="RPA.HTTP">
<var>${the}</var>
<arg>myjsonok</arg>
<arg>${id}</arg>
<doc>Sends a GET request on a previously created HTTP Session.</doc>
<status status="NOT RUN" start="2026-03-04T11:57:45.440981" elapsed="0.000000"/>
</kw>
<kw name="Status Should Be" owner="RPA.HTTP">
<arg>200</arg>
<doc>Fails if response status code is different than the expected.</doc>
<status status="NOT RUN" start="2026-03-04T11:57:45.440981" elapsed="0.000000"/>
</kw>
<kw name="To Json" owner="RPA.HTTP">
<msg time="2026-03-04T11:57:45.440981" level="WARN">Keyword 'RPA.HTTP.To Json' is deprecated. Please use ${resp.json()} instead. Have a look at the improved HTML output as pretty printing replacement.</msg>
<var>${verify2}</var>
<arg>${the.content}</arg>
<doc>*DEPRECATED* Please use ${resp.json()} instead. Have a look at the improved HTML output as pretty printing replacement.</doc>
<status status="NOT RUN" start="2026-03-04T11:57:45.440981" elapsed="0.000000"/>
</kw>
<kw name="Should Be Equal" owner="BuiltIn">
<arg>${verify2['name']}</arg>
<arg>${verifyvariableid}</arg>
<doc>Fails if the given objects are unequal.</doc>
<status status="NOT RUN" start="2026-03-04T11:57:45.440981" elapsed="0.000000"/>
</kw>
<status status="FAIL" start="2026-03-04T11:57:45.170970" elapsed="0.271011">HTTPError: 405 Client Error: Method Not Allowed for url: https://api.restful-api.dev/objects</status>
</kw>
<status status="FAIL" start="2026-03-04T11:57:45.168969" elapsed="0.273012">HTTPError: 405 Client Error: Method Not Allowed for url: https://api.restful-api.dev/objects</status>
</test>
<status status="FAIL" start="2026-03-04T11:57:44.211000" elapsed="0.273000"/>
</suite>
<suite id="s1-s1-s2" name="Readfile" source="C:\Users\GENIUS\IdeaProjects\ExoRoboframework\tests\api\readfile.robot">
<test id="s1-s1-s2-t1" name="logger avec ddt" line="13">
<kw name="Open Browser" owner="RPA.Browser">
<msg time="2026-03-04T11:57:45.125384" level="INFO">Opening browser 'chrome' to base url 'https://www.saucedemo.com/'.</msg>
<arg>https://www.saucedemo.com/</arg>
<arg>chrome</arg>
<doc>Opens a new browser instance to the optional ``url``.</doc>
<status status="PASS" start="2026-03-04T11:57:45.124385" elapsed="7.664816"/>
</kw>
<kw name="Open Workbook" owner="RPA.Excel.Files">
<msg time="2026-03-04T11:57:52.795202" level="INFO">Opened workbook: &lt;RPA.Excel.Files.XlsxWorkbook object at 0x000001C681E020D0&gt;</msg>
<arg>C:/Users/GENIUS/IdeaProjects/ExoRoboframework/File/code.xlsx</arg>
<doc>Open an existing Excel workbook.</doc>
<status status="PASS" start="2026-03-04T11:57:52.789201" elapsed="0.006001"/>
</kw>
<kw name="Read Worksheet As Table" owner="RPA.Excel.Files">
<msg time="2026-03-04T11:57:52.796201" level="INFO">Created table: Table(columns=['A', 'B'], rows=2)</msg>
<msg time="2026-03-04T11:57:52.796201" level="INFO">${myvalue} = Table(columns=['A', 'B'], rows=2)</msg>
<var>${myvalue}</var>
<doc>Read the contents of a worksheet into a Table container. Allows
sorting/filtering/manipulating using the ``RPA.Tables`` library.</doc>
<status status="PASS" start="2026-03-04T11:57:52.795202" elapsed="0.000999"/>
</kw>
<for flavor="IN">
<iter>
<kw name="Set Variable" owner="BuiltIn">
<msg time="2026-03-04T11:57:52.797708" level="INFO">${myusername} = username</msg>
<var>${myusername}</var>
<arg>${element}[A]</arg>
<doc>Returns the given values which can then be assigned to a variables.</doc>
<status status="PASS" start="2026-03-04T11:57:52.796201" elapsed="0.001507"/>
</kw>
<kw name="Set Variable" owner="BuiltIn">
<msg time="2026-03-04T11:57:52.797708" level="INFO">${password} = password</msg>
<var>${password}</var>
<arg>${element}[B]</arg>
<doc>Returns the given values which can then be assigned to a variables.</doc>
<status status="PASS" start="2026-03-04T11:57:52.797708" elapsed="0.000000"/>
</kw>
<kw name="Input Text" owner="RPA.Browser">
<msg time="2026-03-04T11:57:52.798716" level="INFO">Typing text 'username' into text field 'css=#user-name'.</msg>
<arg>css=#user-name</arg>
<arg>${myusername}</arg>
<doc>Types the given ``text`` into the text field identified by ``locator``.</doc>
<status status="PASS" start="2026-03-04T11:57:52.797708" elapsed="0.121768"/>
</kw>
<kw name="Input Password" owner="RPA.Browser">
<msg time="2026-03-04T11:57:52.920476" level="INFO">Typing password into text field 'css:#password'.</msg>
<msg time="2026-03-04T11:57:52.972765" level="INFO">Temporally setting log level to: NONE</msg>
<arg>css:#password</arg>
<arg>${password}</arg>
<doc>Types the given password into the text field identified by ``locator``.</doc>
<status status="PASS" start="2026-03-04T11:57:52.919476" elapsed="0.114057"/>
</kw>
<kw name="Click Element" owner="RPA.Browser">
<msg time="2026-03-04T11:57:53.034534" level="INFO">Clicking element 'css:#login-button'.</msg>
<arg>css:#login-button</arg>
<doc>Click the element identified by ``locator``.</doc>
<status status="PASS" start="2026-03-04T11:57:53.034534" elapsed="0.067240"/>
</kw>
<kw name="Wait Until Page Contains" owner="RPA.Browser">
<arg>Swag Labs</arg>
<doc>Waits until ``text`` appears on the current page.</doc>
<status status="PASS" start="2026-03-04T11:57:53.102826" elapsed="0.009170"/>
</kw>
<var name="${element}">{'A': 'username', 'B': 'password'}</var>
<status status="PASS" start="2026-03-04T11:57:52.796201" elapsed="0.315795"/>
</iter>
<iter>
<kw name="Set Variable" owner="BuiltIn">
<msg time="2026-03-04T11:57:53.112996" level="INFO">${myusername} = standard_user</msg>
<var>${myusername}</var>
<arg>${element}[A]</arg>
<doc>Returns the given values which can then be assigned to a variables.</doc>
<status status="PASS" start="2026-03-04T11:57:53.112996" elapsed="0.000000"/>
</kw>
<kw name="Set Variable" owner="BuiltIn">
<msg time="2026-03-04T11:57:53.112996" level="INFO">${password} = secret_sauce</msg>
<var>${password}</var>
<arg>${element}[B]</arg>
<doc>Returns the given values which can then be assigned to a variables.</doc>
<status status="PASS" start="2026-03-04T11:57:53.112996" elapsed="0.000000"/>
</kw>
<kw name="Input Text" owner="RPA.Browser">
<msg time="2026-03-04T11:57:53.113995" level="INFO">Typing text 'standard_user' into text field 'css=#user-name'.</msg>
<arg>css=#user-name</arg>
<arg>${myusername}</arg>
<doc>Types the given ``text`` into the text field identified by ``locator``.</doc>
<status status="PASS" start="2026-03-04T11:57:53.113995" elapsed="0.089850"/>
</kw>
<kw name="Input Password" owner="RPA.Browser">
<msg time="2026-03-04T11:57:53.204843" level="INFO">Typing password into text field 'css:#password'.</msg>
<msg time="2026-03-04T11:57:53.241112" level="INFO">Temporally setting log level to: NONE</msg>
<arg>css:#password</arg>
<arg>${password}</arg>
<doc>Types the given password into the text field identified by ``locator``.</doc>
<status status="PASS" start="2026-03-04T11:57:53.203845" elapsed="0.112569"/>
</kw>
<kw name="Click Element" owner="RPA.Browser">
<msg time="2026-03-04T11:57:53.318417" level="INFO">Clicking element 'css:#login-button'.</msg>
<arg>css:#login-button</arg>
<doc>Click the element identified by ``locator``.</doc>
<status status="PASS" start="2026-03-04T11:57:53.317415" elapsed="0.144786"/>
</kw>
<kw name="Wait Until Page Contains" owner="RPA.Browser">
<arg>Swag Labs</arg>
<doc>Waits until ``text`` appears on the current page.</doc>
<status status="PASS" start="2026-03-04T11:57:53.463204" elapsed="0.011515"/>
</kw>
<var name="${element}">{'A': 'standard_user', 'B': 'secret_sauce'}</var>
<status status="PASS" start="2026-03-04T11:57:53.111996" elapsed="0.362723"/>
</iter>
<var>${element}</var>
<value>@{myvalue}</value>
<status status="PASS" start="2026-03-04T11:57:52.796201" elapsed="0.678518"/>
</for>
<status status="PASS" start="2026-03-04T11:57:45.122384" elapsed="8.353337"/>
</test>
<status status="PASS" start="2026-03-04T11:57:44.267958" elapsed="9.207763"/>
</suite>
<status status="FAIL" start="2026-03-04T11:57:44.208000" elapsed="9.268000"/>
</suite>
<suite id="s1-s2" name="Intermediaire" source="C:\Users\GENIUS\IdeaProjects\ExoRoboframework\tests\Intermediaire">
<suite id="s1-s2-s1" name="Exo" source="C:\Users\GENIUS\IdeaProjects\ExoRoboframework\tests\Intermediaire\exo.robot">
<test id="s1-s2-s1-t1" name="Call Api" line="34">
<kw name="Manipuler Les Api request">
<kw name="Create Session" owner="RequestsLibrary">
<msg time="2026-03-04T11:57:44.939245" level="INFO">Creating Session using : alias=manipuler, url=https://api.restful-api.dev, headers={},                     cookies={}, auth=None, timeout=None, proxies=None, verify=False,                     debug=0 </msg>
<arg>manipuler</arg>
<arg>https://api.restful-api.dev</arg>
<doc>Create Session: create a HTTP session to a server</doc>
<status status="PASS" start="2026-03-04T11:57:44.939245" elapsed="0.000000"/>
</kw>
<kw name="GET On Session" owner="RequestsLibrary">
<msg time="2026-03-04T11:57:45.249946" level="INFO">GET Request : url=https://api.restful-api.dev/objects 
 path_url=/objects 
 headers={'User-Agent': 'python-requests/2.32.5', 'Accept-Encoding': 'gzip, deflate', 'Accept': '*/*', 'Connection': 'keep-alive'} 
 body=None 
 </msg>
<msg time="2026-03-04T11:57:45.249946" level="INFO">GET Response : url=https://api.restful-api.dev/objects 
 status=405, reason=Method Not Allowed 
 headers={'Date': 'Wed, 04 Mar 2026 10:57:44 GMT', 'Content-Type': 'application/json', 'Transfer-Encoding': 'chunked', 'Connection': 'keep-alive', 'Server': 'cloudflare', 'Nel': '{"report_to":"cf-nel","success_fraction":0.0,"max_age":604800}', 'Vary': 'Origin, Access-Control-Request-Method, Access-Control-Request-Headers', 'X-Content-Type-Options': 'nosniff', 'X-XSS-Protection': '1; mode=block', 'Cache-Control': 'no-cache, no-store, max-age=0, must-revalidate', 'Pragma': 'no-cache', 'Expires': '0', 'X-Frame-Options': 'DENY', 'cf-cache-status': 'DYNAMIC', 'Report-To': '{"group":"cf-nel","max_age":604800,"endpoints":[{"url":"https://a.nel.cloudflare.com/report/v4?s=H5Fm3SUtREyi22hhuOUKhv27D%2FuQNOJ%2BMii6dJ7lsLcmvxU2KNzIyOk9oEb1%2BUtbgvkVteQ5j5oEI%2FDm5wUJBnZdPvnkRhp8KOhVZbm26VMNYUM%3D"}]}', 'CF-RAY': '9d705c9a5d38cdbb-MRS', 'alt-svc': 'h3=":443"; ma=86400'} 
 body={"error":"You’ve reached the daily request limit for our public API (50 requests per day). Create a free account to increase your limits and unlock advanced features like private collections and more flexible endpoints!"} 
 </msg>
<msg time="2026-03-04T11:57:45.249946" level="INFO">C:\Users\GENIUS\AppData\Roaming\Python\Python311\site-packages\urllib3\connectionpool.py:1097: InsecureRequestWarning: Unverified HTTPS request is being made to host 'api.restful-api.dev'. Adding certificate verification is strongly advised. See: https://urllib3.readthedocs.io/en/latest/advanced-usage.html#tls-warnings
  warnings.warn(</msg>
<msg time="2026-03-04T11:57:45.251450" level="FAIL">HTTPError: 405 Client Error: Method Not Allowed for url: https://api.restful-api.dev/objects</msg>
<var>${myrequest}</var>
<arg>manipuler</arg>
<arg>/objects</arg>
<doc>Sends a GET request on a previously created HTTP Session.</doc>
<status status="FAIL" start="2026-03-04T11:57:44.939245" elapsed="0.313211">HTTPError: 405 Client Error: Method Not Allowed for url: https://api.restful-api.dev/objects</status>
</kw>
<kw name="Status Should Be" owner="RequestsLibrary">
<arg>200</arg>
<doc>Fails if response status code is different than the expected.</doc>
<status status="NOT RUN" start="2026-03-04T11:57:45.252456" elapsed="0.000000"/>
</kw>
<kw name="To Json" owner="RequestsLibrary">
<msg time="2026-03-04T11:57:45.252456" level="WARN">Keyword 'RequestsLibrary.To Json' is deprecated. Please use ${resp.json()} instead. Have a look at the improved HTML output as pretty printing replacement.</msg>
<var>${nametest}</var>
<arg>${myrequest.content}</arg>
<doc>*DEPRECATED* Please use ${resp.json()} instead. Have a look at the improved HTML output as pretty printing replacement.</doc>
<status status="NOT RUN" start="2026-03-04T11:57:45.252456" elapsed="0.001001"/>
</kw>
<kw name="Get From List" owner="Collections">
<var>${first}</var>
<arg>${nametest}</arg>
<arg>0</arg>
<doc>Returns the value specified with an ``index`` from ``list``.</doc>
<status status="NOT RUN" start="2026-03-04T11:57:45.253457" elapsed="0.000000"/>
</kw>
<kw name="Should Be Equal" owner="BuiltIn">
<arg>${first['name']}</arg>
<arg>Google Pixel 6 Pro</arg>
<doc>Fails if the given objects are unequal.</doc>
<status status="NOT RUN" start="2026-03-04T11:57:45.253457" elapsed="0.000000"/>
</kw>
<status status="FAIL" start="2026-03-04T11:57:44.938240" elapsed="0.315217">HTTPError: 405 Client Error: Method Not Allowed for url: https://api.restful-api.dev/objects</status>
</kw>
<status status="FAIL" start="2026-03-04T11:57:44.936738" elapsed="0.317720">HTTPError: 405 Client Error: Method Not Allowed for url: https://api.restful-api.dev/objects</status>
</test>
<test id="s1-s2-s1-t2" name="call Csv" line="36">
<kw name="Manipuler Fichier csv">
<kw name="Read table from CSV" owner="RPA.Tables">
<msg time="2026-03-04T11:57:45.256965" level="INFO">${lirecsv} = Table(columns=['Index', 'Customer Id', 'First Name', 'Last Name', 'Company', 'City', 'Country', 'Phone 1', 'Phone 2', 'Email', 'Subscription Date', 'Website'], rows=100)</msg>
<var>${lirecsv}</var>
<arg>${readcsv}</arg>
<doc>Read a CSV file as a table.</doc>
<status status="PASS" start="2026-03-04T11:57:45.255458" elapsed="0.001507"/>
</kw>
<for flavor="IN">
<iter>
<if>
<branch type="IF" condition="'${element}[First Name]' == 'Sheryl' and '${element}[Last Name]' == 'Baxter'">
<kw name="Set Variable" owner="BuiltIn">
<msg time="2026-03-04T11:57:45.259519" level="INFO">${USERNAME} = Sheryl</msg>
<var>${USERNAME}</var>
<arg>${element}[First Name]</arg>
<doc>Returns the given values which can then be assigned to a variables.</doc>
<status status="PASS" start="2026-03-04T11:57:45.259519" elapsed="0.000000"/>
</kw>
<status status="PASS" start="2026-03-04T11:57:45.258512" elapsed="0.001007"/>
</branch>
<status status="PASS" start="2026-03-04T11:57:45.258512" elapsed="0.001007"/>
</if>
<var name="${element}">{'Index': '1', 'Customer Id': 'DD37Cf93aecA6Dc', 'First Name': 'Sheryl', 'Last Name': 'Baxter', 'Company': 'Rasmussen Group', 'City': 'East Leonard', 'Country': 'Chile', 'Phone 1': '229.077.5154', 'Ph...</var>
<status status="PASS" start="2026-03-04T11:57:45.258512" elapsed="0.001007"/>
</iter>
<iter>
<if>
<branch type="IF" condition="'${element}[First Name]' == 'Sheryl' and '${element}[Last Name]' == 'Baxter'">
<kw name="Set Variable" owner="BuiltIn">
<var>${USERNAME}</var>
<arg>${element}[First Name]</arg>
<doc>Returns the given values which can then be assigned to a variables.</doc>
<status status="NOT RUN" start="2026-03-04T11:57:45.260519" elapsed="0.000000"/>
</kw>
<status status="NOT RUN" start="2026-03-04T11:57:45.260519" elapsed="0.000000"/>
</branch>
<status status="PASS" start="2026-03-04T11:57:45.260519" elapsed="0.000000"/>
</if>
<var name="${element}">{'Index': '2', 'Customer Id': '1Ef7b82A4CAAD10', 'First Name': 'Preston', 'Last Name': 'Lozano', 'Company': 'Vega-Gentry', 'City': 'East Jimmychester', 'Country': 'Djibouti', 'Phone 1': '5153435776', ...</var>
<status status="PASS" start="2026-03-04T11:57:45.259519" elapsed="0.001000"/>
</iter>
<iter>
<if>
<branch type="IF" condition="'${element}[First Name]' == 'Sheryl' and '${element}[Last Name]' == 'Baxter'">
<kw name="Set Variable" owner="BuiltIn">
<var>${USERNAME}</var>
<arg>${element}[First Name]</arg>
<doc>Returns the given values which can then be assigned to a variables.</doc>
<status status="NOT RUN" start="2026-03-04T11:57:45.260519" elapsed="0.001001"/>
</kw>
<status status="NOT RUN" start="2026-03-04T11:57:45.260519" elapsed="0.001001"/>
</branch>
<status status="PASS" start="2026-03-04T11:57:45.260519" elapsed="0.001001"/>
</if>
<var name="${element}">{'Index': '3', 'Customer Id': '6F94879bDAfE5a6', 'First Name': 'Roy', 'Last Name': 'Berry', 'Company': 'Murillo-Perry', 'City': 'Isabelborough', 'Country': 'Antigua and Barbuda', 'Phone 1': '+1-539-40...</var>
<status status="PASS" start="2026-03-04T11:57:45.260519" elapsed="0.001001"/>
</iter>
<iter>
<if>
<branch type="IF" condition="'${element}[First Name]' == 'Sheryl' and '${element}[Last Name]' == 'Baxter'">
<kw name="Set Variable" owner="BuiltIn">
<var>${USERNAME}</var>
<arg>${element}[First Name]</arg>
<doc>Returns the given values which can then be assigned to a variables.</doc>
<status status="NOT RUN" start="2026-03-04T11:57:45.261520" elapsed="0.000000"/>
</kw>
<status status="NOT RUN" start="2026-03-04T11:57:45.261520" elapsed="0.000000"/>
</branch>
<status status="PASS" start="2026-03-04T11:57:45.261520" elapsed="0.000000"/>
</if>
<var name="${element}">{'Index': '4', 'Customer Id': '5Cef8BFA16c5e3c', 'First Name': 'Linda', 'Last Name': 'Olsen', 'Company': 'Dominguez, Mcmillan and Donovan', 'City': 'Bensonview', 'Country': 'Dominican Republic', 'Phon...</var>
<status status="PASS" start="2026-03-04T11:57:45.261520" elapsed="0.000000"/>
</iter>
<iter>
<if>
<branch type="IF" condition="'${element}[First Name]' == 'Sheryl' and '${element}[Last Name]' == 'Baxter'">
<kw name="Set Variable" owner="BuiltIn">
<var>${USERNAME}</var>
<arg>${element}[First Name]</arg>
<doc>Returns the given values which can then be assigned to a variables.</doc>
<status status="NOT RUN" start="2026-03-04T11:57:45.262521" elapsed="0.000000"/>
</kw>
<status status="NOT RUN" start="2026-03-04T11:57:45.262521" elapsed="0.000000"/>
</branch>
<status status="PASS" start="2026-03-04T11:57:45.262521" elapsed="0.000000"/>
</if>
<var name="${element}">{'Index': '5', 'Customer Id': '053d585Ab6b3159', 'First Name': 'Joanna', 'Last Name': 'Bender', 'Company': 'Martin, Lang and Andrade', 'City': 'West Priscilla', 'Country': 'Slovakia (Slovak Republic)'...</var>
<status status="PASS" start="2026-03-04T11:57:45.262521" elapsed="0.000000"/>
</iter>
<iter>
<if>
<branch type="IF" condition="'${element}[First Name]' == 'Sheryl' and '${element}[Last Name]' == 'Baxter'">
<kw name="Set Variable" owner="BuiltIn">
<var>${USERNAME}</var>
<arg>${element}[First Name]</arg>
<doc>Returns the given values which can then be assigned to a variables.</doc>
<status status="NOT RUN" start="2026-03-04T11:57:45.263520" elapsed="0.000000"/>
</kw>
<status status="NOT RUN" start="2026-03-04T11:57:45.263520" elapsed="0.000000"/>
</branch>
<status status="PASS" start="2026-03-04T11:57:45.263520" elapsed="0.000000"/>
</if>
<var name="${element}">{'Index': '6', 'Customer Id': '2d08FB17EE273F4', 'First Name': 'Aimee', 'Last Name': 'Downs', 'Company': 'Steele Group', 'City': 'Chavezborough', 'Country': 'Bosnia and Herzegovina', 'Phone 1': '(283)...</var>
<status status="PASS" start="2026-03-04T11:57:45.262521" elapsed="0.000999"/>
</iter>
<iter>
<if>
<branch type="IF" condition="'${element}[First Name]' == 'Sheryl' and '${element}[Last Name]' == 'Baxter'">
<kw name="Set Variable" owner="BuiltIn">
<var>${USERNAME}</var>
<arg>${element}[First Name]</arg>
<doc>Returns the given values which can then be assigned to a variables.</doc>
<status status="NOT RUN" start="2026-03-04T11:57:45.264519" elapsed="0.000000"/>
</kw>
<status status="NOT RUN" start="2026-03-04T11:57:45.264519" elapsed="0.000000"/>
</branch>
<status status="PASS" start="2026-03-04T11:57:45.263520" elapsed="0.000999"/>
</if>
<var name="${element}">{'Index': '7', 'Customer Id': 'EA4d384DfDbBf77', 'First Name': 'Darren', 'Last Name': 'Peck', 'Company': 'Lester, Woodard and Mitchell', 'City': 'Lake Ana', 'Country': 'Pitcairn Islands', 'Phone 1': '...</var>
<status status="PASS" start="2026-03-04T11:57:45.263520" elapsed="0.000999"/>
</iter>
<iter>
<if>
<branch type="IF" condition="'${element}[First Name]' == 'Sheryl' and '${element}[Last Name]' == 'Baxter'">
<kw name="Set Variable" owner="BuiltIn">
<var>${USERNAME}</var>
<arg>${element}[First Name]</arg>
<doc>Returns the given values which can then be assigned to a variables.</doc>
<status status="NOT RUN" start="2026-03-04T11:57:45.265520" elapsed="0.000000"/>
</kw>
<status status="NOT RUN" start="2026-03-04T11:57:45.264519" elapsed="0.001001"/>
</branch>
<status status="PASS" start="2026-03-04T11:57:45.264519" elapsed="0.001001"/>
</if>
<var name="${element}">{'Index': '8', 'Customer Id': '0e04AFde9f225dE', 'First Name': 'Brett', 'Last Name': 'Mullen', 'Company': 'Sanford, Davenport and Giles', 'City': 'Kimport', 'Country': 'Bulgaria', 'Phone 1': '001-583-...</var>
<status status="PASS" start="2026-03-04T11:57:45.264519" elapsed="0.001001"/>
</iter>
<iter>
<if>
<branch type="IF" condition="'${element}[First Name]' == 'Sheryl' and '${element}[Last Name]' == 'Baxter'">
<kw name="Set Variable" owner="BuiltIn">
<var>${USERNAME}</var>
<arg>${element}[First Name]</arg>
<doc>Returns the given values which can then be assigned to a variables.</doc>
<status status="NOT RUN" start="2026-03-04T11:57:45.266520" elapsed="0.000000"/>
</kw>
<status status="NOT RUN" start="2026-03-04T11:57:45.265520" elapsed="0.001000"/>
</branch>
<status status="PASS" start="2026-03-04T11:57:45.265520" elapsed="0.001000"/>
</if>
<var name="${element}">{'Index': '9', 'Customer Id': 'C2dE4dEEc489ae0', 'First Name': 'Sheryl', 'Last Name': 'Meyers', 'Company': 'Browning-Simon', 'City': 'Robersonstad', 'Country': 'Cyprus', 'Phone 1': '854-138-4911x5772'...</var>
<status status="PASS" start="2026-03-04T11:57:45.265520" elapsed="0.001000"/>
</iter>
<iter>
<if>
<branch type="IF" condition="'${element}[First Name]' == 'Sheryl' and '${element}[Last Name]' == 'Baxter'">
<kw name="Set Variable" owner="BuiltIn">
<var>${USERNAME}</var>
<arg>${element}[First Name]</arg>
<doc>Returns the given values which can then be assigned to a variables.</doc>
<status status="NOT RUN" start="2026-03-04T11:57:45.267519" elapsed="0.000000"/>
</kw>
<status status="NOT RUN" start="2026-03-04T11:57:45.266520" elapsed="0.000999"/>
</branch>
<status status="PASS" start="2026-03-04T11:57:45.266520" elapsed="0.000999"/>
</if>
<var name="${element}">{'Index': '10', 'Customer Id': '8C2811a503C7c5a', 'First Name': 'Michelle', 'Last Name': 'Gallagher', 'Company': 'Beck-Hendrix', 'City': 'Elaineberg', 'Country': 'Timor-Leste', 'Phone 1': '739.218.251...</var>
<status status="PASS" start="2026-03-04T11:57:45.266520" elapsed="0.000999"/>
</iter>
<iter>
<if>
<branch type="IF" condition="'${element}[First Name]' == 'Sheryl' and '${element}[Last Name]' == 'Baxter'">
<kw name="Set Variable" owner="BuiltIn">
<var>${USERNAME}</var>
<arg>${element}[First Name]</arg>
<doc>Returns the given values which can then be assigned to a variables.</doc>
<status status="NOT RUN" start="2026-03-04T11:57:45.267519" elapsed="0.000000"/>
</kw>
<status status="NOT RUN" start="2026-03-04T11:57:45.267519" elapsed="0.000000"/>
</branch>
<status status="PASS" start="2026-03-04T11:57:45.267519" elapsed="0.001001"/>
</if>
<var name="${element}">{'Index': '11', 'Customer Id': '216E205d6eBb815', 'First Name': 'Carl', 'Last Name': 'Schroeder', 'Company': 'Oconnell, Meza and Everett', 'City': 'Shannonville', 'Country': 'Guernsey', 'Phone 1': '63...</var>
<status status="PASS" start="2026-03-04T11:57:45.267519" elapsed="0.001001"/>
</iter>
<iter>
<if>
<branch type="IF" condition="'${element}[First Name]' == 'Sheryl' and '${element}[Last Name]' == 'Baxter'">
<kw name="Set Variable" owner="BuiltIn">
<var>${USERNAME}</var>
<arg>${element}[First Name]</arg>
<doc>Returns the given values which can then be assigned to a variables.</doc>
<status status="NOT RUN" start="2026-03-04T11:57:45.268520" elapsed="0.000000"/>
</kw>
<status status="NOT RUN" start="2026-03-04T11:57:45.268520" elapsed="0.000000"/>
</branch>
<status status="PASS" start="2026-03-04T11:57:45.268520" elapsed="0.000000"/>
</if>
<var name="${element}">{'Index': '12', 'Customer Id': 'CEDec94deE6d69B', 'First Name': 'Jenna', 'Last Name': 'Dodson', 'Company': 'Hoffman, Reed and Mcclain', 'City': 'East Andrea', 'Country': 'Vietnam', 'Phone 1': '(041)73...</var>
<status status="PASS" start="2026-03-04T11:57:45.268520" elapsed="0.000000"/>
</iter>
<iter>
<if>
<branch type="IF" condition="'${element}[First Name]' == 'Sheryl' and '${element}[Last Name]' == 'Baxter'">
<kw name="Set Variable" owner="BuiltIn">
<var>${USERNAME}</var>
<arg>${element}[First Name]</arg>
<doc>Returns the given values which can then be assigned to a variables.</doc>
<status status="NOT RUN" start="2026-03-04T11:57:45.269521" elapsed="0.000000"/>
</kw>
<status status="NOT RUN" start="2026-03-04T11:57:45.269521" elapsed="0.000000"/>
</branch>
<status status="PASS" start="2026-03-04T11:57:45.269521" elapsed="0.000999"/>
</if>
<var name="${element}">{'Index': '13', 'Customer Id': 'e35426EbDEceaFF', 'First Name': 'Tracey', 'Last Name': 'Mata', 'Company': 'Graham-Francis', 'City': 'South Joannamouth', 'Country': 'Togo', 'Phone 1': '001-949-844-8787...</var>
<status status="PASS" start="2026-03-04T11:57:45.269521" elapsed="0.000999"/>
</iter>
<iter>
<if>
<branch type="IF" condition="'${element}[First Name]' == 'Sheryl' and '${element}[Last Name]' == 'Baxter'">
<kw name="Set Variable" owner="BuiltIn">
<var>${USERNAME}</var>
<arg>${element}[First Name]</arg>
<doc>Returns the given values which can then be assigned to a variables.</doc>
<status status="NOT RUN" start="2026-03-04T11:57:45.270520" elapsed="0.000000"/>
</kw>
<status status="NOT RUN" start="2026-03-04T11:57:45.270520" elapsed="0.000000"/>
</branch>
<status status="PASS" start="2026-03-04T11:57:45.270520" elapsed="0.000000"/>
</if>
<var name="${element}">{'Index': '14', 'Customer Id': 'A08A8aF8BE9FaD4', 'First Name': 'Kristine', 'Last Name': 'Cox', 'Company': 'Carpenter-Cook', 'City': 'Jodyberg', 'Country': 'Sri Lanka', 'Phone 1': '786-284-3358x62152'...</var>
<status status="PASS" start="2026-03-04T11:57:45.270520" elapsed="0.000000"/>
</iter>
<iter>
<if>
<branch type="IF" condition="'${element}[First Name]' == 'Sheryl' and '${element}[Last Name]' == 'Baxter'">
<kw name="Set Variable" owner="BuiltIn">
<var>${USERNAME}</var>
<arg>${element}[First Name]</arg>
<doc>Returns the given values which can then be assigned to a variables.</doc>
<status status="NOT RUN" start="2026-03-04T11:57:45.272026" elapsed="0.000000"/>
</kw>
<status status="NOT RUN" start="2026-03-04T11:57:45.270520" elapsed="0.001506"/>
</branch>
<status status="PASS" start="2026-03-04T11:57:45.270520" elapsed="0.001506"/>
</if>
<var name="${element}">{'Index': '15', 'Customer Id': '6fEaA1b7cab7B6C', 'First Name': 'Faith', 'Last Name': 'Lutz', 'Company': 'Carter-Hancock', 'City': 'Burchbury', 'Country': 'Singapore', 'Phone 1': '(781)861-7180x8306',...</var>
<status status="PASS" start="2026-03-04T11:57:45.270520" elapsed="0.001506"/>
</iter>
<iter>
<if>
<branch type="IF" condition="'${element}[First Name]' == 'Sheryl' and '${element}[Last Name]' == 'Baxter'">
<kw name="Set Variable" owner="BuiltIn">
<var>${USERNAME}</var>
<arg>${element}[First Name]</arg>
<doc>Returns the given values which can then be assigned to a variables.</doc>
<status status="NOT RUN" start="2026-03-04T11:57:45.272026" elapsed="0.001008"/>
</kw>
<status status="NOT RUN" start="2026-03-04T11:57:45.272026" elapsed="0.001008"/>
</branch>
<status status="PASS" start="2026-03-04T11:57:45.272026" elapsed="0.001008"/>
</if>
<var name="${element}">{'Index': '16', 'Customer Id': '8cad0b4CBceaeec', 'First Name': 'Miranda', 'Last Name': 'Beasley', 'Company': 'Singleton and Sons', 'City': 'Desireeshire', 'Country': 'Oman', 'Phone 1': '540.085.3135x...</var>
<status status="PASS" start="2026-03-04T11:57:45.272026" elapsed="0.001008"/>
</iter>
<iter>
<if>
<branch type="IF" condition="'${element}[First Name]' == 'Sheryl' and '${element}[Last Name]' == 'Baxter'">
<kw name="Set Variable" owner="BuiltIn">
<var>${USERNAME}</var>
<arg>${element}[First Name]</arg>
<doc>Returns the given values which can then be assigned to a variables.</doc>
<status status="NOT RUN" start="2026-03-04T11:57:45.273034" elapsed="0.001000"/>
</kw>
<status status="NOT RUN" start="2026-03-04T11:57:45.273034" elapsed="0.001000"/>
</branch>
<status status="PASS" start="2026-03-04T11:57:45.273034" elapsed="0.001000"/>
</if>
<var name="${element}">{'Index': '17', 'Customer Id': 'a5DC21AE3a21eaA', 'First Name': 'Caroline', 'Last Name': 'Foley', 'Company': 'Winters-Mendoza', 'City': 'West Adriennestad', 'Country': 'Western Sahara', 'Phone 1': '93...</var>
<status status="PASS" start="2026-03-04T11:57:45.273034" elapsed="0.001000"/>
</iter>
<iter>
<if>
<branch type="IF" condition="'${element}[First Name]' == 'Sheryl' and '${element}[Last Name]' == 'Baxter'">
<kw name="Set Variable" owner="BuiltIn">
<var>${USERNAME}</var>
<arg>${element}[First Name]</arg>
<doc>Returns the given values which can then be assigned to a variables.</doc>
<status status="NOT RUN" start="2026-03-04T11:57:45.274034" elapsed="0.000000"/>
</kw>
<status status="NOT RUN" start="2026-03-04T11:57:45.274034" elapsed="0.000000"/>
</branch>
<status status="PASS" start="2026-03-04T11:57:45.274034" elapsed="0.000000"/>
</if>
<var name="${element}">{'Index': '18', 'Customer Id': 'F8Aa9d6DfcBeeF8', 'First Name': 'Greg', 'Last Name': 'Mata', 'Company': 'Valentine LLC', 'City': 'Lake Leslie', 'Country': 'Mozambique', 'Phone 1': '(701)087-2415', 'Ph...</var>
<status status="PASS" start="2026-03-04T11:57:45.274034" elapsed="0.000000"/>
</iter>
<iter>
<if>
<branch type="IF" condition="'${element}[First Name]' == 'Sheryl' and '${element}[Last Name]' == 'Baxter'">
<kw name="Set Variable" owner="BuiltIn">
<var>${USERNAME}</var>
<arg>${element}[First Name]</arg>
<doc>Returns the given values which can then be assigned to a variables.</doc>
<status status="NOT RUN" start="2026-03-04T11:57:45.275034" elapsed="0.000000"/>
</kw>
<status status="NOT RUN" start="2026-03-04T11:57:45.275034" elapsed="0.000000"/>
</branch>
<status status="PASS" start="2026-03-04T11:57:45.275034" elapsed="0.000000"/>
</if>
<var name="${element}">{'Index': '19', 'Customer Id': 'F160f5Db3EfE973', 'First Name': 'Clifford', 'Last Name': 'Jacobson', 'Company': 'Simon LLC', 'City': 'Harmonview', 'Country': 'South Georgia and the South Sandwich Isla...</var>
<status status="PASS" start="2026-03-04T11:57:45.275034" elapsed="0.000000"/>
</iter>
<iter>
<if>
<branch type="IF" condition="'${element}[First Name]' == 'Sheryl' and '${element}[Last Name]' == 'Baxter'">
<kw name="Set Variable" owner="BuiltIn">
<var>${USERNAME}</var>
<arg>${element}[First Name]</arg>
<doc>Returns the given values which can then be assigned to a variables.</doc>
<status status="NOT RUN" start="2026-03-04T11:57:45.276034" elapsed="0.000000"/>
</kw>
<status status="NOT RUN" start="2026-03-04T11:57:45.276034" elapsed="0.000000"/>
</branch>
<status status="PASS" start="2026-03-04T11:57:45.276034" elapsed="0.000000"/>
</if>
<var name="${element}">{'Index': '20', 'Customer Id': '0F60FF3DdCd7aB0', 'First Name': 'Joanna', 'Last Name': 'Kirk', 'Company': 'Mays-Mccormick', 'City': 'Jamesshire', 'Country': 'French Polynesia', 'Phone 1': '(266)131-70...</var>
<status status="PASS" start="2026-03-04T11:57:45.275034" elapsed="0.001000"/>
</iter>
<iter>
<if>
<branch type="IF" condition="'${element}[First Name]' == 'Sheryl' and '${element}[Last Name]' == 'Baxter'">
<kw name="Set Variable" owner="BuiltIn">
<var>${USERNAME}</var>
<arg>${element}[First Name]</arg>
<doc>Returns the given values which can then be assigned to a variables.</doc>
<status status="NOT RUN" start="2026-03-04T11:57:45.277034" elapsed="0.000000"/>
</kw>
<status status="NOT RUN" start="2026-03-04T11:57:45.276034" elapsed="0.001000"/>
</branch>
<status status="PASS" start="2026-03-04T11:57:45.276034" elapsed="0.001000"/>
</if>
<var name="${element}">{'Index': '21', 'Customer Id': '9F9AdB7B8A6f7F2', 'First Name': 'Maxwell', 'Last Name': 'Frye', 'Company': 'Patterson Inc', 'City': 'East Carly', 'Country': 'Malta', 'Phone 1': '423.262.3059', 'Phone ...</var>
<status status="PASS" start="2026-03-04T11:57:45.276034" elapsed="0.001000"/>
</iter>
<iter>
<if>
<branch type="IF" condition="'${element}[First Name]' == 'Sheryl' and '${element}[Last Name]' == 'Baxter'">
<kw name="Set Variable" owner="BuiltIn">
<var>${USERNAME}</var>
<arg>${element}[First Name]</arg>
<doc>Returns the given values which can then be assigned to a variables.</doc>
<status status="NOT RUN" start="2026-03-04T11:57:45.278033" elapsed="0.000000"/>
</kw>
<status status="NOT RUN" start="2026-03-04T11:57:45.277034" elapsed="0.000999"/>
</branch>
<status status="PASS" start="2026-03-04T11:57:45.277034" elapsed="0.000999"/>
</if>
<var name="${element}">{'Index': '22', 'Customer Id': 'FBd0Ded4F02a742', 'First Name': 'Kiara', 'Last Name': 'Houston', 'Company': 'Manning, Hester and Arroyo', 'City': 'South Alvin', 'Country': 'Netherlands', 'Phone 1': '0...</var>
<status status="PASS" start="2026-03-04T11:57:45.277034" elapsed="0.000999"/>
</iter>
<iter>
<if>
<branch type="IF" condition="'${element}[First Name]' == 'Sheryl' and '${element}[Last Name]' == 'Baxter'">
<kw name="Set Variable" owner="BuiltIn">
<var>${USERNAME}</var>
<arg>${element}[First Name]</arg>
<doc>Returns the given values which can then be assigned to a variables.</doc>
<status status="NOT RUN" start="2026-03-04T11:57:45.279034" elapsed="0.000000"/>
</kw>
<status status="NOT RUN" start="2026-03-04T11:57:45.278033" elapsed="0.001001"/>
</branch>
<status status="PASS" start="2026-03-04T11:57:45.278033" elapsed="0.001001"/>
</if>
<var name="${element}">{'Index': '23', 'Customer Id': '2FB0FAA1d429421', 'First Name': 'Colleen', 'Last Name': 'Howard', 'Company': 'Greer and Sons', 'City': 'Brittanyview', 'Country': 'Paraguay', 'Phone 1': '1935085151', '...</var>
<status status="PASS" start="2026-03-04T11:57:45.278033" elapsed="0.001001"/>
</iter>
<iter>
<if>
<branch type="IF" condition="'${element}[First Name]' == 'Sheryl' and '${element}[Last Name]' == 'Baxter'">
<kw name="Set Variable" owner="BuiltIn">
<var>${USERNAME}</var>
<arg>${element}[First Name]</arg>
<doc>Returns the given values which can then be assigned to a variables.</doc>
<status status="NOT RUN" start="2026-03-04T11:57:45.279542" elapsed="0.000000"/>
</kw>
<status status="NOT RUN" start="2026-03-04T11:57:45.279542" elapsed="0.000000"/>
</branch>
<status status="PASS" start="2026-03-04T11:57:45.279542" elapsed="0.000000"/>
</if>
<var name="${element}">{'Index': '24', 'Customer Id': '010468dAA11382c', 'First Name': 'Janet', 'Last Name': 'Valenzuela', 'Company': 'Watts-Donaldson', 'City': 'Veronicamouth', 'Country': "Lao People's Democratic Republic"...</var>
<status status="PASS" start="2026-03-04T11:57:45.279542" elapsed="0.000000"/>
</iter>
<iter>
<if>
<branch type="IF" condition="'${element}[First Name]' == 'Sheryl' and '${element}[Last Name]' == 'Baxter'">
<kw name="Set Variable" owner="BuiltIn">
<var>${USERNAME}</var>
<arg>${element}[First Name]</arg>
<doc>Returns the given values which can then be assigned to a variables.</doc>
<status status="NOT RUN" start="2026-03-04T11:57:45.280549" elapsed="0.000000"/>
</kw>
<status status="NOT RUN" start="2026-03-04T11:57:45.280549" elapsed="0.000000"/>
</branch>
<status status="PASS" start="2026-03-04T11:57:45.280549" elapsed="0.000000"/>
</if>
<var name="${element}">{'Index': '25', 'Customer Id': 'eC1927Ca84E033e', 'First Name': 'Shane', 'Last Name': 'Wilcox', 'Company': 'Tucker LLC', 'City': 'Bryanville', 'Country': 'Albania', 'Phone 1': '(429)005-9030x11004', '...</var>
<status status="PASS" start="2026-03-04T11:57:45.279542" elapsed="0.001007"/>
</iter>
<iter>
<if>
<branch type="IF" condition="'${element}[First Name]' == 'Sheryl' and '${element}[Last Name]' == 'Baxter'">
<kw name="Set Variable" owner="BuiltIn">
<var>${USERNAME}</var>
<arg>${element}[First Name]</arg>
<doc>Returns the given values which can then be assigned to a variables.</doc>
<status status="NOT RUN" start="2026-03-04T11:57:45.281549" elapsed="0.000000"/>
</kw>
<status status="NOT RUN" start="2026-03-04T11:57:45.280549" elapsed="0.001000"/>
</branch>
<status status="PASS" start="2026-03-04T11:57:45.280549" elapsed="0.001000"/>
</if>
<var name="${element}">{'Index': '26', 'Customer Id': '09D7D7C8Fe09aea', 'First Name': 'Marcus', 'Last Name': 'Moody', 'Company': 'Giles Ltd', 'City': 'Kaitlyntown', 'Country': 'Panama', 'Phone 1': '674-677-8623', 'Phone 2'...</var>
<status status="PASS" start="2026-03-04T11:57:45.280549" elapsed="0.001000"/>
</iter>
<iter>
<if>
<branch type="IF" condition="'${element}[First Name]' == 'Sheryl' and '${element}[Last Name]' == 'Baxter'">
<kw name="Set Variable" owner="BuiltIn">
<var>${USERNAME}</var>
<arg>${element}[First Name]</arg>
<doc>Returns the given values which can then be assigned to a variables.</doc>
<status status="NOT RUN" start="2026-03-04T11:57:45.282550" elapsed="0.000000"/>
</kw>
<status status="NOT RUN" start="2026-03-04T11:57:45.281549" elapsed="0.001001"/>
</branch>
<status status="PASS" start="2026-03-04T11:57:45.281549" elapsed="0.001001"/>
</if>
<var name="${element}">{'Index': '27', 'Customer Id': 'aBdfcF2c50b0bfD', 'First Name': 'Dakota', 'Last Name': 'Poole', 'Company': 'Simmons Group', 'City': 'Michealshire', 'Country': 'Belarus', 'Phone 1': '(371)987-8576x4720...</var>
<status status="PASS" start="2026-03-04T11:57:45.281549" elapsed="0.001001"/>
</iter>
<iter>
<if>
<branch type="IF" condition="'${element}[First Name]' == 'Sheryl' and '${element}[Last Name]' == 'Baxter'">
<kw name="Set Variable" owner="BuiltIn">
<var>${USERNAME}</var>
<arg>${element}[First Name]</arg>
<doc>Returns the given values which can then be assigned to a variables.</doc>
<status status="NOT RUN" start="2026-03-04T11:57:45.283549" elapsed="0.000000"/>
</kw>
<status status="NOT RUN" start="2026-03-04T11:57:45.282550" elapsed="0.000999"/>
</branch>
<status status="PASS" start="2026-03-04T11:57:45.282550" elapsed="0.000999"/>
</if>
<var name="${element}">{'Index': '28', 'Customer Id': 'b92EBfdF8a3f0E6', 'First Name': 'Frederick', 'Last Name': 'Harper', 'Company': 'Hinton, Chaney and Stokes', 'City': 'South Marissatown', 'Country': 'Switzerland', 'Phon...</var>
<status status="PASS" start="2026-03-04T11:57:45.282550" elapsed="0.000999"/>
</iter>
<iter>
<if>
<branch type="IF" condition="'${element}[First Name]' == 'Sheryl' and '${element}[Last Name]' == 'Baxter'">
<kw name="Set Variable" owner="BuiltIn">
<var>${USERNAME}</var>
<arg>${element}[First Name]</arg>
<doc>Returns the given values which can then be assigned to a variables.</doc>
<status status="NOT RUN" start="2026-03-04T11:57:45.284558" elapsed="0.000000"/>
</kw>
<status status="NOT RUN" start="2026-03-04T11:57:45.283549" elapsed="0.001009"/>
</branch>
<status status="PASS" start="2026-03-04T11:57:45.283549" elapsed="0.001009"/>
</if>
<var name="${element}">{'Index': '29', 'Customer Id': '3B5dAAFA41AFa22', 'First Name': 'Stefanie', 'Last Name': 'Fitzpatrick', 'Company': 'Santana-Duran', 'City': 'Acevedoville', 'Country': 'Saint Vincent and the Grenadines...</var>
<status status="PASS" start="2026-03-04T11:57:45.283549" elapsed="0.001009"/>
</iter>
<iter>
<if>
<branch type="IF" condition="'${element}[First Name]' == 'Sheryl' and '${element}[Last Name]' == 'Baxter'">
<kw name="Set Variable" owner="BuiltIn">
<var>${USERNAME}</var>
<arg>${element}[First Name]</arg>
<doc>Returns the given values which can then be assigned to a variables.</doc>
<status status="NOT RUN" start="2026-03-04T11:57:45.284558" elapsed="0.000998"/>
</kw>
<status status="NOT RUN" start="2026-03-04T11:57:45.284558" elapsed="0.000998"/>
</branch>
<status status="PASS" start="2026-03-04T11:57:45.284558" elapsed="0.000998"/>
</if>
<var name="${element}">{'Index': '30', 'Customer Id': 'EDA69ca7a6e96a2', 'First Name': 'Kent', 'Last Name': 'Bradshaw', 'Company': 'Sawyer PLC', 'City': 'North Harold', 'Country': 'Tanzania', 'Phone 1': '+1-472-143-5037x884...</var>
<status status="PASS" start="2026-03-04T11:57:45.284558" elapsed="0.000998"/>
</iter>
<iter>
<if>
<branch type="IF" condition="'${element}[First Name]' == 'Sheryl' and '${element}[Last Name]' == 'Baxter'">
<kw name="Set Variable" owner="BuiltIn">
<var>${USERNAME}</var>
<arg>${element}[First Name]</arg>
<doc>Returns the given values which can then be assigned to a variables.</doc>
<status status="NOT RUN" start="2026-03-04T11:57:45.285556" elapsed="0.001000"/>
</kw>
<status status="NOT RUN" start="2026-03-04T11:57:45.285556" elapsed="0.001000"/>
</branch>
<status status="PASS" start="2026-03-04T11:57:45.285556" elapsed="0.001000"/>
</if>
<var name="${element}">{'Index': '31', 'Customer Id': '64DCcDFaB9DFd4e', 'First Name': 'Jack', 'Last Name': 'Tate', 'Company': 'Acosta, Petersen and Morrow', 'City': 'West Samuel', 'Country': 'Zimbabwe', 'Phone 1': '965-108...</var>
<status status="PASS" start="2026-03-04T11:57:45.285556" elapsed="0.001000"/>
</iter>
<iter>
<if>
<branch type="IF" condition="'${element}[First Name]' == 'Sheryl' and '${element}[Last Name]' == 'Baxter'">
<kw name="Set Variable" owner="BuiltIn">
<var>${USERNAME}</var>
<arg>${element}[First Name]</arg>
<doc>Returns the given values which can then be assigned to a variables.</doc>
<status status="NOT RUN" start="2026-03-04T11:57:45.286556" elapsed="0.000000"/>
</kw>
<status status="NOT RUN" start="2026-03-04T11:57:45.286556" elapsed="0.000000"/>
</branch>
<status status="PASS" start="2026-03-04T11:57:45.286556" elapsed="0.000000"/>
</if>
<var name="${element}">{'Index': '32', 'Customer Id': '679c6c83DD872d6', 'First Name': 'Tom', 'Last Name': 'Trujillo', 'Company': 'Mcgee Group', 'City': 'Cunninghamborough', 'Country': 'Denmark', 'Phone 1': '416-338-3758', ...</var>
<status status="PASS" start="2026-03-04T11:57:45.286556" elapsed="0.000000"/>
</iter>
<iter>
<if>
<branch type="IF" condition="'${element}[First Name]' == 'Sheryl' and '${element}[Last Name]' == 'Baxter'">
<kw name="Set Variable" owner="BuiltIn">
<var>${USERNAME}</var>
<arg>${element}[First Name]</arg>
<doc>Returns the given values which can then be assigned to a variables.</doc>
<status status="NOT RUN" start="2026-03-04T11:57:45.287557" elapsed="0.000000"/>
</kw>
<status status="NOT RUN" start="2026-03-04T11:57:45.287557" elapsed="0.000000"/>
</branch>
<status status="PASS" start="2026-03-04T11:57:45.287557" elapsed="0.000000"/>
</if>
<var name="${element}">{'Index': '33', 'Customer Id': '7Ce381e4Afa4ba9', 'First Name': 'Gabriel', 'Last Name': 'Mejia', 'Company': 'Adkins-Salinas', 'City': 'Port Annatown', 'Country': 'Liechtenstein', 'Phone 1': '407724542...</var>
<status status="PASS" start="2026-03-04T11:57:45.287557" elapsed="0.000000"/>
</iter>
<iter>
<if>
<branch type="IF" condition="'${element}[First Name]' == 'Sheryl' and '${element}[Last Name]' == 'Baxter'">
<kw name="Set Variable" owner="BuiltIn">
<var>${USERNAME}</var>
<arg>${element}[First Name]</arg>
<doc>Returns the given values which can then be assigned to a variables.</doc>
<status status="NOT RUN" start="2026-03-04T11:57:45.288557" elapsed="0.000000"/>
</kw>
<status status="NOT RUN" start="2026-03-04T11:57:45.288557" elapsed="0.000000"/>
</branch>
<status status="PASS" start="2026-03-04T11:57:45.288557" elapsed="0.000000"/>
</if>
<var name="${element}">{'Index': '34', 'Customer Id': 'A09AEc6E3bF70eE', 'First Name': 'Kaitlyn', 'Last Name': 'Santana', 'Company': 'Herrera Group', 'City': 'New Kaitlyn', 'Country': 'United States of America', 'Phone 1': ...</var>
<status status="PASS" start="2026-03-04T11:57:45.287557" elapsed="0.001000"/>
</iter>
<iter>
<if>
<branch type="IF" condition="'${element}[First Name]' == 'Sheryl' and '${element}[Last Name]' == 'Baxter'">
<kw name="Set Variable" owner="BuiltIn">
<var>${USERNAME}</var>
<arg>${element}[First Name]</arg>
<doc>Returns the given values which can then be assigned to a variables.</doc>
<status status="NOT RUN" start="2026-03-04T11:57:45.289557" elapsed="0.000000"/>
</kw>
<status status="NOT RUN" start="2026-03-04T11:57:45.289557" elapsed="0.000000"/>
</branch>
<status status="PASS" start="2026-03-04T11:57:45.289557" elapsed="0.000000"/>
</if>
<var name="${element}">{'Index': '35', 'Customer Id': 'aA9BAFfBc3710fe', 'First Name': 'Faith', 'Last Name': 'Moon', 'Company': 'Waters, Chase and Aguilar', 'City': 'West Marthaburgh', 'Country': 'Bahamas', 'Phone 1': '+1-5...</var>
<status status="PASS" start="2026-03-04T11:57:45.288557" elapsed="0.001000"/>
</iter>
<iter>
<if>
<branch type="IF" condition="'${element}[First Name]' == 'Sheryl' and '${element}[Last Name]' == 'Baxter'">
<kw name="Set Variable" owner="BuiltIn">
<var>${USERNAME}</var>
<arg>${element}[First Name]</arg>
<doc>Returns the given values which can then be assigned to a variables.</doc>
<status status="NOT RUN" start="2026-03-04T11:57:45.290556" elapsed="0.000000"/>
</kw>
<status status="NOT RUN" start="2026-03-04T11:57:45.290556" elapsed="0.000000"/>
</branch>
<status status="PASS" start="2026-03-04T11:57:45.290556" elapsed="0.000000"/>
</if>
<var name="${element}">{'Index': '36', 'Customer Id': 'E11dfb2DB8C9f72', 'First Name': 'Tammie', 'Last Name': 'Haley', 'Company': 'Palmer, Barnes and Houston', 'City': 'East Teresa', 'Country': 'Belize', 'Phone 1': '001-276...</var>
<status status="PASS" start="2026-03-04T11:57:45.289557" elapsed="0.000999"/>
</iter>
<iter>
<if>
<branch type="IF" condition="'${element}[First Name]' == 'Sheryl' and '${element}[Last Name]' == 'Baxter'">
<kw name="Set Variable" owner="BuiltIn">
<var>${USERNAME}</var>
<arg>${element}[First Name]</arg>
<doc>Returns the given values which can then be assigned to a variables.</doc>
<status status="NOT RUN" start="2026-03-04T11:57:45.291558" elapsed="0.000000"/>
</kw>
<status status="NOT RUN" start="2026-03-04T11:57:45.291558" elapsed="0.000000"/>
</branch>
<status status="PASS" start="2026-03-04T11:57:45.291558" elapsed="0.000000"/>
</if>
<var name="${element}">{'Index': '37', 'Customer Id': '889eCf90f68c5Da', 'First Name': 'Nicholas', 'Last Name': 'Sosa', 'Company': 'Jordan Ltd', 'City': 'South Hunter', 'Country': 'Uruguay', 'Phone 1': '(661)425-6042', 'Pho...</var>
<status status="PASS" start="2026-03-04T11:57:45.290556" elapsed="0.001002"/>
</iter>
<iter>
<if>
<branch type="IF" condition="'${element}[First Name]' == 'Sheryl' and '${element}[Last Name]' == 'Baxter'">
<kw name="Set Variable" owner="BuiltIn">
<var>${USERNAME}</var>
<arg>${element}[First Name]</arg>
<doc>Returns the given values which can then be assigned to a variables.</doc>
<status status="NOT RUN" start="2026-03-04T11:57:45.292558" elapsed="0.000000"/>
</kw>
<status status="NOT RUN" start="2026-03-04T11:57:45.292558" elapsed="0.000000"/>
</branch>
<status status="PASS" start="2026-03-04T11:57:45.292558" elapsed="0.000000"/>
</if>
<var name="${element}">{'Index': '38', 'Customer Id': '7a1Ee69F4fF4B4D', 'First Name': 'Jordan', 'Last Name': 'Gay', 'Company': 'Glover and Sons', 'City': 'South Walter', 'Country': 'Solomon Islands', 'Phone 1': '7208417020...</var>
<status status="PASS" start="2026-03-04T11:57:45.292558" elapsed="0.000000"/>
</iter>
<iter>
<if>
<branch type="IF" condition="'${element}[First Name]' == 'Sheryl' and '${element}[Last Name]' == 'Baxter'">
<kw name="Set Variable" owner="BuiltIn">
<var>${USERNAME}</var>
<arg>${element}[First Name]</arg>
<doc>Returns the given values which can then be assigned to a variables.</doc>
<status status="NOT RUN" start="2026-03-04T11:57:45.293557" elapsed="0.000000"/>
</kw>
<status status="NOT RUN" start="2026-03-04T11:57:45.293557" elapsed="0.000000"/>
</branch>
<status status="PASS" start="2026-03-04T11:57:45.293557" elapsed="0.000000"/>
</if>
<var name="${element}">{'Index': '39', 'Customer Id': 'dca4f1D0A0fc5c9', 'First Name': 'Bruce', 'Last Name': 'Esparza', 'Company': 'Huerta-Mclean', 'City': 'Poolefurt', 'Country': 'Montenegro', 'Phone 1': '559-529-4424', 'P...</var>
<status status="PASS" start="2026-03-04T11:57:45.292558" elapsed="0.000999"/>
</iter>
<iter>
<if>
<branch type="IF" condition="'${element}[First Name]' == 'Sheryl' and '${element}[Last Name]' == 'Baxter'">
<kw name="Set Variable" owner="BuiltIn">
<var>${USERNAME}</var>
<arg>${element}[First Name]</arg>
<doc>Returns the given values which can then be assigned to a variables.</doc>
<status status="NOT RUN" start="2026-03-04T11:57:45.296560" elapsed="0.000000"/>
</kw>
<status status="NOT RUN" start="2026-03-04T11:57:45.294556" elapsed="0.002004"/>
</branch>
<status status="PASS" start="2026-03-04T11:57:45.294556" elapsed="0.002004"/>
</if>
<var name="${element}">{'Index': '40', 'Customer Id': '17aD8e2dB3df03D', 'First Name': 'Sherry', 'Last Name': 'Garza', 'Company': 'Anderson Ltd', 'City': 'West John', 'Country': 'Poland', 'Phone 1': '001-067-713-6440x158', ...</var>
<status status="PASS" start="2026-03-04T11:57:45.293557" elapsed="0.003003"/>
</iter>
<iter>
<if>
<branch type="IF" condition="'${element}[First Name]' == 'Sheryl' and '${element}[Last Name]' == 'Baxter'">
<kw name="Set Variable" owner="BuiltIn">
<var>${USERNAME}</var>
<arg>${element}[First Name]</arg>
<doc>Returns the given values which can then be assigned to a variables.</doc>
<status status="NOT RUN" start="2026-03-04T11:57:45.298556" elapsed="0.000000"/>
</kw>
<status status="NOT RUN" start="2026-03-04T11:57:45.297559" elapsed="0.000997"/>
</branch>
<status status="PASS" start="2026-03-04T11:57:45.297559" elapsed="0.001505"/>
</if>
<var name="${element}">{'Index': '41', 'Customer Id': '2f79Cd309624Abb', 'First Name': 'Natalie', 'Last Name': 'Gentry', 'Company': 'Monroe PLC', 'City': 'West Darius', 'Country': 'Dominican Republic', 'Phone 1': '830.996.8...</var>
<status status="PASS" start="2026-03-04T11:57:45.297559" elapsed="0.001505"/>
</iter>
<iter>
<if>
<branch type="IF" condition="'${element}[First Name]' == 'Sheryl' and '${element}[Last Name]' == 'Baxter'">
<kw name="Set Variable" owner="BuiltIn">
<var>${USERNAME}</var>
<arg>${element}[First Name]</arg>
<doc>Returns the given values which can then be assigned to a variables.</doc>
<status status="NOT RUN" start="2026-03-04T11:57:45.300072" elapsed="0.000000"/>
</kw>
<status status="NOT RUN" start="2026-03-04T11:57:45.299064" elapsed="0.001008"/>
</branch>
<status status="PASS" start="2026-03-04T11:57:45.299064" elapsed="0.001008"/>
</if>
<var name="${element}">{'Index': '42', 'Customer Id': '6e5ad5a5e2bB5Ca', 'First Name': 'Bryan', 'Last Name': 'Dunn', 'Company': 'Kaufman and Sons', 'City': 'North Jimstad', 'Country': 'Burkina Faso', 'Phone 1': '001-710-802...</var>
<status status="PASS" start="2026-03-04T11:57:45.299064" elapsed="0.001008"/>
</iter>
<iter>
<if>
<branch type="IF" condition="'${element}[First Name]' == 'Sheryl' and '${element}[Last Name]' == 'Baxter'">
<kw name="Set Variable" owner="BuiltIn">
<var>${USERNAME}</var>
<arg>${element}[First Name]</arg>
<doc>Returns the given values which can then be assigned to a variables.</doc>
<status status="NOT RUN" start="2026-03-04T11:57:45.301073" elapsed="0.000000"/>
</kw>
<status status="NOT RUN" start="2026-03-04T11:57:45.301073" elapsed="0.001000"/>
</branch>
<status status="PASS" start="2026-03-04T11:57:45.301073" elapsed="0.001000"/>
</if>
<var name="${element}">{'Index': '43', 'Customer Id': '7E441b6B228DBcA', 'First Name': 'Wayne', 'Last Name': 'Simpson', 'Company': 'Perkins-Trevino', 'City': 'East Rebekahborough', 'Country': 'Bolivia', 'Phone 1': '(344)156...</var>
<status status="PASS" start="2026-03-04T11:57:45.300072" elapsed="0.002001"/>
</iter>
<iter>
<if>
<branch type="IF" condition="'${element}[First Name]' == 'Sheryl' and '${element}[Last Name]' == 'Baxter'">
<kw name="Set Variable" owner="BuiltIn">
<var>${USERNAME}</var>
<arg>${element}[First Name]</arg>
<doc>Returns the given values which can then be assigned to a variables.</doc>
<status status="NOT RUN" start="2026-03-04T11:57:45.303072" elapsed="0.000000"/>
</kw>
<status status="NOT RUN" start="2026-03-04T11:57:45.302073" elapsed="0.000999"/>
</branch>
<status status="PASS" start="2026-03-04T11:57:45.302073" elapsed="0.000999"/>
</if>
<var name="${element}">{'Index': '44', 'Customer Id': 'D3fC11A9C235Dc6', 'First Name': 'Luis', 'Last Name': 'Greer', 'Company': 'Cross PLC', 'City': 'North Drew', 'Country': 'Bulgaria', 'Phone 1': '001-336-025-6849x701', 'P...</var>
<status status="PASS" start="2026-03-04T11:57:45.302073" elapsed="0.000999"/>
</iter>
<iter>
<if>
<branch type="IF" condition="'${element}[First Name]' == 'Sheryl' and '${element}[Last Name]' == 'Baxter'">
<kw name="Set Variable" owner="BuiltIn">
<var>${USERNAME}</var>
<arg>${element}[First Name]</arg>
<doc>Returns the given values which can then be assigned to a variables.</doc>
<status status="NOT RUN" start="2026-03-04T11:57:45.304073" elapsed="0.000000"/>
</kw>
<status status="NOT RUN" start="2026-03-04T11:57:45.304073" elapsed="0.001000"/>
</branch>
<status status="PASS" start="2026-03-04T11:57:45.304073" elapsed="0.001000"/>
</if>
<var name="${element}">{'Index': '45', 'Customer Id': '30Dfa48fe5Ede78', 'First Name': 'Rhonda', 'Last Name': 'Frost', 'Company': 'Herrera, Shepherd and Underwood', 'City': 'Lake Lindaburgh', 'Country': 'Monaco', 'Phone 1':...</var>
<status status="PASS" start="2026-03-04T11:57:45.304073" elapsed="0.001000"/>
</iter>
<iter>
<if>
<branch type="IF" condition="'${element}[First Name]' == 'Sheryl' and '${element}[Last Name]' == 'Baxter'">
<kw name="Set Variable" owner="BuiltIn">
<var>${USERNAME}</var>
<arg>${element}[First Name]</arg>
<doc>Returns the given values which can then be assigned to a variables.</doc>
<status status="NOT RUN" start="2026-03-04T11:57:45.306072" elapsed="0.000000"/>
</kw>
<status status="NOT RUN" start="2026-03-04T11:57:45.305073" elapsed="0.000999"/>
</branch>
<status status="PASS" start="2026-03-04T11:57:45.305073" elapsed="0.000999"/>
</if>
<var name="${element}">{'Index': '46', 'Customer Id': 'fD780ED8dbEae7B', 'First Name': 'Joanne', 'Last Name': 'Montes', 'Company': 'Price, Sexton and Mcdaniel', 'City': 'Gwendolynview', 'Country': 'Palau', 'Phone 1': '(897)...</var>
<status status="PASS" start="2026-03-04T11:57:45.305073" elapsed="0.000999"/>
</iter>
<iter>
<if>
<branch type="IF" condition="'${element}[First Name]' == 'Sheryl' and '${element}[Last Name]' == 'Baxter'">
<kw name="Set Variable" owner="BuiltIn">
<var>${USERNAME}</var>
<arg>${element}[First Name]</arg>
<doc>Returns the given values which can then be assigned to a variables.</doc>
<status status="NOT RUN" start="2026-03-04T11:57:45.307072" elapsed="0.000000"/>
</kw>
<status status="NOT RUN" start="2026-03-04T11:57:45.306072" elapsed="0.001000"/>
</branch>
<status status="PASS" start="2026-03-04T11:57:45.306072" elapsed="0.001000"/>
</if>
<var name="${element}">{'Index': '47', 'Customer Id': '300A40d3ce24bBA', 'First Name': 'Geoffrey', 'Last Name': 'Guzman', 'Company': 'Short-Wiggins', 'City': 'Zimmermanland', 'Country': 'Uzbekistan', 'Phone 1': '975.235.892...</var>
<status status="PASS" start="2026-03-04T11:57:45.306072" elapsed="0.001000"/>
</iter>
<iter>
<if>
<branch type="IF" condition="'${element}[First Name]' == 'Sheryl' and '${element}[Last Name]' == 'Baxter'">
<kw name="Set Variable" owner="BuiltIn">
<var>${USERNAME}</var>
<arg>${element}[First Name]</arg>
<doc>Returns the given values which can then be assigned to a variables.</doc>
<status status="NOT RUN" start="2026-03-04T11:57:45.308072" elapsed="0.000000"/>
</kw>
<status status="NOT RUN" start="2026-03-04T11:57:45.308072" elapsed="0.000000"/>
</branch>
<status status="PASS" start="2026-03-04T11:57:45.308072" elapsed="0.000000"/>
</if>
<var name="${element}">{'Index': '48', 'Customer Id': '283DFCD0Dba40aF', 'First Name': 'Gloria', 'Last Name': 'Mccall', 'Company': 'Brennan, Acosta and Ramos', 'City': 'North Kerriton', 'Country': 'Ghana', 'Phone 1': '445-6...</var>
<status status="PASS" start="2026-03-04T11:57:45.307072" elapsed="0.001000"/>
</iter>
<iter>
<if>
<branch type="IF" condition="'${element}[First Name]' == 'Sheryl' and '${element}[Last Name]' == 'Baxter'">
<kw name="Set Variable" owner="BuiltIn">
<var>${USERNAME}</var>
<arg>${element}[First Name]</arg>
<doc>Returns the given values which can then be assigned to a variables.</doc>
<status status="NOT RUN" start="2026-03-04T11:57:45.309579" elapsed="0.001010"/>
</kw>
<status status="NOT RUN" start="2026-03-04T11:57:45.308072" elapsed="0.002517"/>
</branch>
<status status="PASS" start="2026-03-04T11:57:45.308072" elapsed="0.002517"/>
</if>
<var name="${element}">{'Index': '49', 'Customer Id': 'F4Fc91fEAEad286', 'First Name': 'Brady', 'Last Name': 'Cohen', 'Company': 'Osborne-Erickson', 'City': 'North Eileenville', 'Country': 'United Arab Emirates', 'Phone 1':...</var>
<status status="PASS" start="2026-03-04T11:57:45.308072" elapsed="0.002517"/>
</iter>
<iter>
<if>
<branch type="IF" condition="'${element}[First Name]' == 'Sheryl' and '${element}[Last Name]' == 'Baxter'">
<kw name="Set Variable" owner="BuiltIn">
<var>${USERNAME}</var>
<arg>${element}[First Name]</arg>
<doc>Returns the given values which can then be assigned to a variables.</doc>
<status status="NOT RUN" start="2026-03-04T11:57:45.311589" elapsed="0.000000"/>
</kw>
<status status="NOT RUN" start="2026-03-04T11:57:45.310589" elapsed="0.001999"/>
</branch>
<status status="PASS" start="2026-03-04T11:57:45.310589" elapsed="0.001999"/>
</if>
<var name="${element}">{'Index': '50', 'Customer Id': '80F33Fd2AcebF05', 'First Name': 'Latoya', 'Last Name': 'Mccann', 'Company': 'Hobbs, Garrett and Sanford', 'City': 'Port Sergiofort', 'Country': 'Belarus', 'Phone 1': '(...</var>
<status status="PASS" start="2026-03-04T11:57:45.310589" elapsed="0.001999"/>
</iter>
<iter>
<if>
<branch type="IF" condition="'${element}[First Name]' == 'Sheryl' and '${element}[Last Name]' == 'Baxter'">
<kw name="Set Variable" owner="BuiltIn">
<var>${USERNAME}</var>
<arg>${element}[First Name]</arg>
<doc>Returns the given values which can then be assigned to a variables.</doc>
<status status="NOT RUN" start="2026-03-04T11:57:45.313588" elapsed="0.001001"/>
</kw>
<status status="NOT RUN" start="2026-03-04T11:57:45.312588" elapsed="0.002001"/>
</branch>
<status status="PASS" start="2026-03-04T11:57:45.312588" elapsed="0.002001"/>
</if>
<var name="${element}">{'Index': '51', 'Customer Id': 'Aa20BDe68eAb0e9', 'First Name': 'Gerald', 'Last Name': 'Hawkins', 'Company': 'Phelps, Forbes and Koch', 'City': 'New Alberttown', 'Country': 'Canada', 'Phone 1': '+1-32...</var>
<status status="PASS" start="2026-03-04T11:57:45.312588" elapsed="0.002001"/>
</iter>
<iter>
<if>
<branch type="IF" condition="'${element}[First Name]' == 'Sheryl' and '${element}[Last Name]' == 'Baxter'">
<kw name="Set Variable" owner="BuiltIn">
<var>${USERNAME}</var>
<arg>${element}[First Name]</arg>
<doc>Returns the given values which can then be assigned to a variables.</doc>
<status status="NOT RUN" start="2026-03-04T11:57:45.315589" elapsed="0.000000"/>
</kw>
<status status="NOT RUN" start="2026-03-04T11:57:45.314589" elapsed="0.001000"/>
</branch>
<status status="PASS" start="2026-03-04T11:57:45.314589" elapsed="0.001000"/>
</if>
<var name="${element}">{'Index': '52', 'Customer Id': 'e898eEB1B9FE22b', 'First Name': 'Samuel', 'Last Name': 'Crawford', 'Company': 'May, Goodwin and Martin', 'City': 'South Jasmine', 'Country': 'Algeria', 'Phone 1': '802-...</var>
<status status="PASS" start="2026-03-04T11:57:45.314589" elapsed="0.001000"/>
</iter>
<iter>
<if>
<branch type="IF" condition="'${element}[First Name]' == 'Sheryl' and '${element}[Last Name]' == 'Baxter'">
<kw name="Set Variable" owner="BuiltIn">
<var>${USERNAME}</var>
<arg>${element}[First Name]</arg>
<doc>Returns the given values which can then be assigned to a variables.</doc>
<status status="NOT RUN" start="2026-03-04T11:57:45.317588" elapsed="0.000000"/>
</kw>
<status status="NOT RUN" start="2026-03-04T11:57:45.316588" elapsed="0.001000"/>
</branch>
<status status="PASS" start="2026-03-04T11:57:45.316588" elapsed="0.001000"/>
</if>
<var name="${element}">{'Index': '53', 'Customer Id': 'faCEF517ae7D8eB', 'First Name': 'Patricia', 'Last Name': 'Goodwin', 'Company': 'Christian, Winters and Ellis', 'City': 'Cowanfort', 'Country': 'Swaziland', 'Phone 1': '...</var>
<status status="PASS" start="2026-03-04T11:57:45.316588" elapsed="0.001000"/>
</iter>
<iter>
<if>
<branch type="IF" condition="'${element}[First Name]' == 'Sheryl' and '${element}[Last Name]' == 'Baxter'">
<kw name="Set Variable" owner="BuiltIn">
<var>${USERNAME}</var>
<arg>${element}[First Name]</arg>
<doc>Returns the given values which can then be assigned to a variables.</doc>
<status status="NOT RUN" start="2026-03-04T11:57:45.334624" elapsed="0.000000"/>
</kw>
<status status="NOT RUN" start="2026-03-04T11:57:45.333623" elapsed="0.001001"/>
</branch>
<status status="PASS" start="2026-03-04T11:57:45.333623" elapsed="0.002001"/>
</if>
<var name="${element}">{'Index': '54', 'Customer Id': 'c09952De6Cda8aA', 'First Name': 'Stacie', 'Last Name': 'Richard', 'Company': 'Byrd Inc', 'City': 'New Deborah', 'Country': 'Madagascar', 'Phone 1': '001-622-948-3641x24...</var>
<status status="PASS" start="2026-03-04T11:57:45.324105" elapsed="0.011519"/>
</iter>
<iter>
<if>
<branch type="IF" condition="'${element}[First Name]' == 'Sheryl' and '${element}[Last Name]' == 'Baxter'">
<kw name="Set Variable" owner="BuiltIn">
<var>${USERNAME}</var>
<arg>${element}[First Name]</arg>
<doc>Returns the given values which can then be assigned to a variables.</doc>
<status status="NOT RUN" start="2026-03-04T11:57:45.341138" elapsed="0.000000"/>
</kw>
<status status="NOT RUN" start="2026-03-04T11:57:45.340137" elapsed="0.001001"/>
</branch>
<status status="PASS" start="2026-03-04T11:57:45.335624" elapsed="0.005514"/>
</if>
<var name="${element}">{'Index': '55', 'Customer Id': 'f3BEf3Be028166f', 'First Name': 'Robin', 'Last Name': 'West', 'Company': 'Nixon, Blackwell and Sosa', 'City': 'Wallstown', 'Country': 'Ecuador', 'Phone 1': '698.303.426...</var>
<status status="PASS" start="2026-03-04T11:57:45.335624" elapsed="0.005514"/>
</iter>
<iter>
<if>
<branch type="IF" condition="'${element}[First Name]' == 'Sheryl' and '${element}[Last Name]' == 'Baxter'">
<kw name="Set Variable" owner="BuiltIn">
<var>${USERNAME}</var>
<arg>${element}[First Name]</arg>
<doc>Returns the given values which can then be assigned to a variables.</doc>
<status status="NOT RUN" start="2026-03-04T11:57:45.345136" elapsed="0.001002"/>
</kw>
<status status="NOT RUN" start="2026-03-04T11:57:45.343138" elapsed="0.003000"/>
</branch>
<status status="PASS" start="2026-03-04T11:57:45.343138" elapsed="0.003000"/>
</if>
<var name="${element}">{'Index': '56', 'Customer Id': 'C6F2Fc6a7948a4e', 'First Name': 'Ralph', 'Last Name': 'Haas', 'Company': 'Montes PLC', 'City': 'Lake Ellenchester', 'Country': 'Palestinian Territory', 'Phone 1': '2239...</var>
<status status="PASS" start="2026-03-04T11:57:45.343138" elapsed="0.003000"/>
</iter>
<iter>
<if>
<branch type="IF" condition="'${element}[First Name]' == 'Sheryl' and '${element}[Last Name]' == 'Baxter'">
<kw name="Set Variable" owner="BuiltIn">
<var>${USERNAME}</var>
<arg>${element}[First Name]</arg>
<doc>Returns the given values which can then be assigned to a variables.</doc>
<status status="NOT RUN" start="2026-03-04T11:57:45.348139" elapsed="0.000000"/>
</kw>
<status status="NOT RUN" start="2026-03-04T11:57:45.346138" elapsed="0.002001"/>
</branch>
<status status="PASS" start="2026-03-04T11:57:45.346138" elapsed="0.003000"/>
</if>
<var name="${element}">{'Index': '57', 'Customer Id': 'c8FE57cBBdCDcb2', 'First Name': 'Phyllis', 'Last Name': 'Maldonado', 'Company': 'Costa PLC', 'City': 'Lake Whitney', 'Country': 'Saint Barthelemy', 'Phone 1': '45003707...</var>
<status status="PASS" start="2026-03-04T11:57:45.346138" elapsed="0.008518"/>
</iter>
<iter>
<if>
<branch type="IF" condition="'${element}[First Name]' == 'Sheryl' and '${element}[Last Name]' == 'Baxter'">
<kw name="Set Variable" owner="BuiltIn">
<var>${USERNAME}</var>
<arg>${element}[First Name]</arg>
<doc>Returns the given values which can then be assigned to a variables.</doc>
<status status="NOT RUN" start="2026-03-04T11:57:45.396720" elapsed="0.000000"/>
</kw>
<status status="NOT RUN" start="2026-03-04T11:57:45.387712" elapsed="0.010009"/>
</branch>
<status status="PASS" start="2026-03-04T11:57:45.375195" elapsed="0.022526"/>
</if>
<var name="${element}">{'Index': '58', 'Customer Id': 'B5acdFC982124F2', 'First Name': 'Danny', 'Last Name': 'Parrish', 'Company': 'Novak LLC', 'City': 'East Jaredbury', 'Country': 'United Arab Emirates', 'Phone 1': '(669)3...</var>
<status status="PASS" start="2026-03-04T11:57:45.359170" elapsed="0.039549"/>
</iter>
<iter>
<if>
<branch type="IF" condition="'${element}[First Name]' == 'Sheryl' and '${element}[Last Name]' == 'Baxter'">
<kw name="Set Variable" owner="BuiltIn">
<var>${USERNAME}</var>
<arg>${element}[First Name]</arg>
<doc>Returns the given values which can then be assigned to a variables.</doc>
<status status="NOT RUN" start="2026-03-04T11:57:45.411242" elapsed="0.000000"/>
</kw>
<status status="NOT RUN" start="2026-03-04T11:57:45.411242" elapsed="0.001001"/>
</branch>
<status status="PASS" start="2026-03-04T11:57:45.411242" elapsed="0.001001"/>
</if>
<var name="${element}">{'Index': '59', 'Customer Id': '8c7DdF10798bCC3', 'First Name': 'Kathy', 'Last Name': 'Hill', 'Company': 'Moore, Mccoy and Glass', 'City': 'Selenabury', 'Country': 'South Georgia and the South Sandwic...</var>
<status status="PASS" start="2026-03-04T11:57:45.410241" elapsed="0.002002"/>
</iter>
<iter>
<if>
<branch type="IF" condition="'${element}[First Name]' == 'Sheryl' and '${element}[Last Name]' == 'Baxter'">
<kw name="Set Variable" owner="BuiltIn">
<var>${USERNAME}</var>
<arg>${element}[First Name]</arg>
<doc>Returns the given values which can then be assigned to a variables.</doc>
<status status="NOT RUN" start="2026-03-04T11:57:45.415423" elapsed="0.000000"/>
</kw>
<status status="NOT RUN" start="2026-03-04T11:57:45.412243" elapsed="0.003180"/>
</branch>
<status status="PASS" start="2026-03-04T11:57:45.412243" elapsed="0.003180"/>
</if>
<var name="${element}">{'Index': '60', 'Customer Id': 'C681dDd0cc422f7', 'First Name': 'Kelli', 'Last Name': 'Hardy', 'Company': 'Petty Ltd', 'City': 'Huangfort', 'Country': 'Sao Tome and Principe', 'Phone 1': '020.324.2191...</var>
<status status="PASS" start="2026-03-04T11:57:45.412243" elapsed="0.003180"/>
</iter>
<iter>
<if>
<branch type="IF" condition="'${element}[First Name]' == 'Sheryl' and '${element}[Last Name]' == 'Baxter'">
<kw name="Set Variable" owner="BuiltIn">
<var>${USERNAME}</var>
<arg>${element}[First Name]</arg>
<doc>Returns the given values which can then be assigned to a variables.</doc>
<status status="NOT RUN" start="2026-03-04T11:57:45.422944" elapsed="0.001002"/>
</kw>
<status status="NOT RUN" start="2026-03-04T11:57:45.420943" elapsed="0.003003"/>
</branch>
<status status="PASS" start="2026-03-04T11:57:45.420943" elapsed="0.003003"/>
</if>
<var name="${element}">{'Index': '61', 'Customer Id': 'a940cE42e035F28', 'First Name': 'Lynn', 'Last Name': 'Pham', 'Company': 'Brennan, Camacho and Tapia', 'City': 'East Pennyshire', 'Country': 'Portugal', 'Phone 1': '846....</var>
<status status="PASS" start="2026-03-04T11:57:45.418432" elapsed="0.005514"/>
</iter>
<iter>
<if>
<branch type="IF" condition="'${element}[First Name]' == 'Sheryl' and '${element}[Last Name]' == 'Baxter'">
<kw name="Set Variable" owner="BuiltIn">
<var>${USERNAME}</var>
<arg>${element}[First Name]</arg>
<doc>Returns the given values which can then be assigned to a variables.</doc>
<status status="NOT RUN" start="2026-03-04T11:57:45.427463" elapsed="0.001001"/>
</kw>
<status status="NOT RUN" start="2026-03-04T11:57:45.426453" elapsed="0.002011"/>
</branch>
<status status="PASS" start="2026-03-04T11:57:45.426453" elapsed="0.002011"/>
</if>
<var name="${element}">{'Index': '62', 'Customer Id': '9Cf5E6AFE0aeBfd', 'First Name': 'Shelley', 'Last Name': 'Harris', 'Company': 'Prince, Malone and Pugh', 'City': 'Port Jasminborough', 'Country': 'Togo', 'Phone 1': '423...</var>
<status status="PASS" start="2026-03-04T11:57:45.426453" elapsed="0.002011"/>
</iter>
<iter>
<if>
<branch type="IF" condition="'${element}[First Name]' == 'Sheryl' and '${element}[Last Name]' == 'Baxter'">
<kw name="Set Variable" owner="BuiltIn">
<var>${USERNAME}</var>
<arg>${element}[First Name]</arg>
<doc>Returns the given values which can then be assigned to a variables.</doc>
<status status="NOT RUN" start="2026-03-04T11:57:45.429462" elapsed="0.000000"/>
</kw>
<status status="NOT RUN" start="2026-03-04T11:57:45.429462" elapsed="0.000000"/>
</branch>
<status status="PASS" start="2026-03-04T11:57:45.429462" elapsed="0.001000"/>
</if>
<var name="${element}">{'Index': '63', 'Customer Id': 'aEcbe5365BbC67D', 'First Name': 'Eddie', 'Last Name': 'Jimenez', 'Company': 'Caldwell Group', 'City': 'West Kristine', 'Country': 'Ethiopia', 'Phone 1': '+1-235-657-107...</var>
<status status="PASS" start="2026-03-04T11:57:45.429462" elapsed="0.001000"/>
</iter>
<iter>
<if>
<branch type="IF" condition="'${element}[First Name]' == 'Sheryl' and '${element}[Last Name]' == 'Baxter'">
<kw name="Set Variable" owner="BuiltIn">
<var>${USERNAME}</var>
<arg>${element}[First Name]</arg>
<doc>Returns the given values which can then be assigned to a variables.</doc>
<status status="NOT RUN" start="2026-03-04T11:57:45.430462" elapsed="0.002001"/>
</kw>
<status status="NOT RUN" start="2026-03-04T11:57:45.430462" elapsed="0.003000"/>
</branch>
<status status="PASS" start="2026-03-04T11:57:45.430462" elapsed="0.003000"/>
</if>
<var name="${element}">{'Index': '64', 'Customer Id': 'FCBdfCEAe20A8Dc', 'First Name': 'Chloe', 'Last Name': 'Hutchinson', 'Company': 'Simon LLC', 'City': 'South Julia', 'Country': 'Netherlands', 'Phone 1': '981-544-9452', ...</var>
<status status="PASS" start="2026-03-04T11:57:45.430462" elapsed="0.003000"/>
</iter>
<iter>
<if>
<branch type="IF" condition="'${element}[First Name]' == 'Sheryl' and '${element}[Last Name]' == 'Baxter'">
<kw name="Set Variable" owner="BuiltIn">
<var>${USERNAME}</var>
<arg>${element}[First Name]</arg>
<doc>Returns the given values which can then be assigned to a variables.</doc>
<status status="NOT RUN" start="2026-03-04T11:57:45.438981" elapsed="0.000999"/>
</kw>
<status status="NOT RUN" start="2026-03-04T11:57:45.434972" elapsed="0.009011"/>
</branch>
<status status="PASS" start="2026-03-04T11:57:45.434972" elapsed="0.009518"/>
</if>
<var name="${element}">{'Index': '65', 'Customer Id': '636cBF0835E10ff', 'First Name': 'Eileen', 'Last Name': 'Lynch', 'Company': 'Knight, Abbott and Hubbard', 'City': 'Helenborough', 'Country': 'Liberia', 'Phone 1': '+1-15...</var>
<status status="PASS" start="2026-03-04T11:57:45.433462" elapsed="0.011028"/>
</iter>
<iter>
<if>
<branch type="IF" condition="'${element}[First Name]' == 'Sheryl' and '${element}[Last Name]' == 'Baxter'">
<kw name="Set Variable" owner="BuiltIn">
<var>${USERNAME}</var>
<arg>${element}[First Name]</arg>
<doc>Returns the given values which can then be assigned to a variables.</doc>
<status status="NOT RUN" start="2026-03-04T11:57:45.445499" elapsed="0.000000"/>
</kw>
<status status="NOT RUN" start="2026-03-04T11:57:45.445499" elapsed="0.000000"/>
</branch>
<status status="PASS" start="2026-03-04T11:57:45.445499" elapsed="0.001001"/>
</if>
<var name="${element}">{'Index': '66', 'Customer Id': 'fF1b6c9E8Fbf1ff', 'First Name': 'Fernando', 'Last Name': 'Lambert', 'Company': 'Church-Banks', 'City': 'Lake Nancy', 'Country': 'Lithuania', 'Phone 1': '497.829.9038', ...</var>
<status status="PASS" start="2026-03-04T11:57:45.444490" elapsed="0.002010"/>
</iter>
<iter>
<if>
<branch type="IF" condition="'${element}[First Name]' == 'Sheryl' and '${element}[Last Name]' == 'Baxter'">
<kw name="Set Variable" owner="BuiltIn">
<var>${USERNAME}</var>
<arg>${element}[First Name]</arg>
<doc>Returns the given values which can then be assigned to a variables.</doc>
<status status="NOT RUN" start="2026-03-04T11:57:45.447499" elapsed="0.003002"/>
</kw>
<status status="NOT RUN" start="2026-03-04T11:57:45.446500" elapsed="0.006001"/>
</branch>
<status status="PASS" start="2026-03-04T11:57:45.446500" elapsed="0.007001"/>
</if>
<var name="${element}">{'Index': '67', 'Customer Id': '2A13F74EAa7DA6c', 'First Name': 'Makayla', 'Last Name': 'Cannon', 'Company': 'Henderson Inc', 'City': 'Georgeport', 'Country': 'New Caledonia', 'Phone 1': '001-215-801-...</var>
<status status="PASS" start="2026-03-04T11:57:45.446500" elapsed="0.007001"/>
</iter>
<iter>
<if>
<branch type="IF" condition="'${element}[First Name]' == 'Sheryl' and '${element}[Last Name]' == 'Baxter'">
<kw name="Set Variable" owner="BuiltIn">
<var>${USERNAME}</var>
<arg>${element}[First Name]</arg>
<doc>Returns the given values which can then be assigned to a variables.</doc>
<status status="NOT RUN" start="2026-03-04T11:57:45.454501" elapsed="0.000000"/>
</kw>
<status status="NOT RUN" start="2026-03-04T11:57:45.454501" elapsed="0.001000"/>
</branch>
<status status="PASS" start="2026-03-04T11:57:45.454501" elapsed="0.001000"/>
</if>
<var name="${element}">{'Index': '68', 'Customer Id': 'a014Ec1b9FccC1E', 'First Name': 'Tom', 'Last Name': 'Alvarado', 'Company': 'Donaldson-Dougherty', 'City': 'South Sophiaberg', 'Country': 'Kiribati', 'Phone 1': '(585)60...</var>
<status status="PASS" start="2026-03-04T11:57:45.454501" elapsed="0.001000"/>
</iter>
<iter>
<if>
<branch type="IF" condition="'${element}[First Name]' == 'Sheryl' and '${element}[Last Name]' == 'Baxter'">
<kw name="Set Variable" owner="BuiltIn">
<var>${USERNAME}</var>
<arg>${element}[First Name]</arg>
<doc>Returns the given values which can then be assigned to a variables.</doc>
<status status="NOT RUN" start="2026-03-04T11:57:45.479057" elapsed="0.001000"/>
</kw>
<status status="NOT RUN" start="2026-03-04T11:57:45.471536" elapsed="0.008521"/>
</branch>
<status status="PASS" start="2026-03-04T11:57:45.471536" elapsed="0.008521"/>
</if>
<var name="${element}">{'Index': '69', 'Customer Id': '421a109cABDf5fa', 'First Name': 'Virginia', 'Last Name': 'Dudley', 'Company': 'Warren Ltd', 'City': 'Hartbury', 'Country': 'French Southern Territories', 'Phone 1': '02...</var>
<status status="PASS" start="2026-03-04T11:57:45.455501" elapsed="0.024556"/>
</iter>
<iter>
<if>
<branch type="IF" condition="'${element}[First Name]' == 'Sheryl' and '${element}[Last Name]' == 'Baxter'">
<kw name="Set Variable" owner="BuiltIn">
<var>${USERNAME}</var>
<arg>${element}[First Name]</arg>
<doc>Returns the given values which can then be assigned to a variables.</doc>
<status status="NOT RUN" start="2026-03-04T11:57:45.483062" elapsed="0.000000"/>
</kw>
<status status="NOT RUN" start="2026-03-04T11:57:45.480057" elapsed="0.003005"/>
</branch>
<status status="PASS" start="2026-03-04T11:57:45.480057" elapsed="0.003999"/>
</if>
<var name="${element}">{'Index': '70', 'Customer Id': 'CC68FD1D3Bbbf22', 'First Name': 'Riley', 'Last Name': 'Good', 'Company': 'Wade PLC', 'City': 'Erikaville', 'Country': 'Canada', 'Phone 1': '6977745822', 'Phone 2': '855...</var>
<status status="PASS" start="2026-03-04T11:57:45.480057" elapsed="0.003999"/>
</iter>
<iter>
<if>
<branch type="IF" condition="'${element}[First Name]' == 'Sheryl' and '${element}[Last Name]' == 'Baxter'">
<kw name="Set Variable" owner="BuiltIn">
<var>${USERNAME}</var>
<arg>${element}[First Name]</arg>
<doc>Returns the given values which can then be assigned to a variables.</doc>
<status status="NOT RUN" start="2026-03-04T11:57:45.488056" elapsed="0.018011"/>
</kw>
<status status="NOT RUN" start="2026-03-04T11:57:45.485057" elapsed="0.021010"/>
</branch>
<status status="PASS" start="2026-03-04T11:57:45.485057" elapsed="0.022010"/>
</if>
<var name="${element}">{'Index': '71', 'Customer Id': 'CBCd2Ac8E3eBDF9', 'First Name': 'Alexandria', 'Last Name': 'Buck', 'Company': 'Keller-Coffey', 'City': 'Nicolasfort', 'Country': 'Iran', 'Phone 1': '078-900-4760x76668'...</var>
<status status="PASS" start="2026-03-04T11:57:45.485057" elapsed="0.022010"/>
</iter>
<iter>
<if>
<branch type="IF" condition="'${element}[First Name]' == 'Sheryl' and '${element}[Last Name]' == 'Baxter'">
<kw name="Set Variable" owner="BuiltIn">
<var>${USERNAME}</var>
<arg>${element}[First Name]</arg>
<doc>Returns the given values which can then be assigned to a variables.</doc>
<status status="NOT RUN" start="2026-03-04T11:57:45.536099" elapsed="0.001998"/>
</kw>
[...]
<test id="s1-s3-s3-t1" name="Full forms" line="40">
<kw name="Open the Browser">
<kw name="Open Browser" owner="RPA.Browser.Selenium">
<msg time="2026-03-04T11:57:44.758435" level="INFO">Opening browser 'chrome' to base url 'C:/Users/GENIUS/IdeaProjects/ExoRoboframework/File/html-application-form.html'.</msg>
<arg>C:/Users/GENIUS/IdeaProjects/ExoRoboframework/File/html-application-form.html</arg>
<arg>chrome</arg>
<doc>Opens a new browser instance to the optional ``url``.</doc>
<status status="PASS" start="2026-03-04T11:57:44.757435" elapsed="2.601640"/>
</kw>
<doc>Remplir
Lancer le navigateur</doc>
<status status="PASS" start="2026-03-04T11:57:44.756436" elapsed="2.602639"/>
</kw>
<kw name="Envoyer les données">
<kw name="Input Text" owner="RPA.Browser.Selenium">
<msg time="2026-03-04T11:57:47.361076" level="INFO">Typing text 'andou' into text field 'css:#firstname'.</msg>
<arg>css:#firstname</arg>
<arg>${firstname}</arg>
<doc>Types the given ``text`` into the text field identified by ``locator``.</doc>
<status status="PASS" start="2026-03-04T11:57:47.360076" elapsed="0.085512"/>
</kw>
<kw name="Input Text" owner="RPA.Browser.Selenium">
<msg time="2026-03-04T11:57:47.446588" level="INFO">Typing text 'emmanuel' into text field 'id=lastname'.</msg>
<arg>id=lastname</arg>
<arg>${lastname}</arg>
<doc>Types the given ``text`` into the text field identified by ``locator``.</doc>
<status status="PASS" start="2026-03-04T11:57:47.445588" elapsed="0.079153"/>
</kw>
<kw name="Input Text" owner="RPA.Browser.Selenium">
<msg time="2026-03-04T11:57:47.525740" level="INFO">Typing text 'andouemmanuel@gmail.com' into text field 'id=email'.</msg>
<arg>id=email</arg>
<arg>${email}</arg>
<doc>Types the given ``text`` into the text field identified by ``locator``.</doc>
<status status="PASS" start="2026-03-04T11:57:47.524741" elapsed="0.080023"/>
</kw>
<kw name="Wait Until Element Is Visible" owner="RPA.Browser.Selenium">
<arg>id=lastname</arg>
<doc>Waits until the element ``locator`` is visible.</doc>
<status status="PASS" start="2026-03-04T11:57:47.604764" elapsed="0.023592"/>
</kw>
<kw name="Select From List By Value" owner="RPA.Browser.Selenium">
<msg time="2026-03-04T11:57:47.629863" level="INFO">Selecting options from selection list 'id=occupation' by value others.</msg>
<arg>id=occupation</arg>
<arg>others</arg>
<doc>Selects options from selection list ``locator`` by ``values``.</doc>
<status status="PASS" start="2026-03-04T11:57:47.628356" elapsed="0.060786"/>
</kw>
<kw name="Input Text" owner="RPA.Browser.Selenium">
<msg time="2026-03-04T11:57:47.690142" level="INFO">Typing text '33' into text field 'id=areacode'.</msg>
<arg>id=areacode</arg>
<arg>${area}</arg>
<doc>Types the given ``text`` into the text field identified by ``locator``.</doc>
<status status="PASS" start="2026-03-04T11:57:47.690142" elapsed="0.069070"/>
</kw>
<kw name="Input Text" owner="RPA.Browser.Selenium">
<msg time="2026-03-04T11:57:47.759212" level="INFO">Typing text '0678967887' into text field 'id=phone'.</msg>
<arg>id=phone</arg>
<arg>${phone}</arg>
<doc>Types the given ``text`` into the text field identified by ``locator``.</doc>
<status status="PASS" start="2026-03-04T11:57:47.759212" elapsed="0.049567"/>
</kw>
<kw name="Input Text" owner="RPA.Browser.Selenium">
<msg time="2026-03-04T11:57:47.809780" level="INFO">Typing text 'Testeur Auto et Fonctionnelle' into text field 'id=age'.</msg>
<arg>id=age</arg>
<arg>${position}</arg>
<doc>Types the given ``text`` into the text field identified by ``locator``.</doc>
<status status="PASS" start="2026-03-04T11:57:47.808779" elapsed="0.089652"/>
</kw>
<kw name="Press Keys" owner="RPA.Browser.Selenium">
<msg time="2026-03-04T11:57:47.899433" level="INFO">Sending key(s) ('22/09/1967',) to id=dob element.</msg>
<msg time="2026-03-04T11:57:48.180392" level="INFO">Sending keys 22/09/1967</msg>
<arg>id=dob</arg>
<arg>22/09/1967</arg>
<doc>Simulates the user pressing key(s) to an element or on the active browser.</doc>
<status status="PASS" start="2026-03-04T11:57:47.898431" elapsed="0.303071"/>
</kw>
<kw name="Input Text" owner="RPA.Browser.Selenium">
<msg time="2026-03-04T11:57:48.202506" level="INFO">Typing text '47 Boulevard Trouin' into text field 'id=address'.</msg>
<arg>id=address</arg>
<arg>${adress}</arg>
<doc>Types the given ``text`` into the text field identified by ``locator``.</doc>
<status status="PASS" start="2026-03-04T11:57:48.201502" elapsed="0.069582"/>
</kw>
<kw name="Should Not Be Empty" owner="BuiltIn">
<msg time="2026-03-04T11:57:48.272084" level="INFO">Length is 13.</msg>
<arg>css:#lastname</arg>
<doc>Verifies that the given item is not empty.</doc>
<status status="PASS" start="2026-03-04T11:57:48.271084" elapsed="0.001000"/>
</kw>
<kw name="Sleep" owner="BuiltIn">
<msg time="2026-03-04T11:57:53.272366" level="INFO">Slept 5 seconds.</msg>
<arg>5</arg>
<doc>Pauses the test executed for the given time.</doc>
<status status="PASS" start="2026-03-04T11:57:48.272084" elapsed="5.000282"/>
</kw>
<doc>Le formulaire
remplir avec des informations</doc>
<status status="PASS" start="2026-03-04T11:57:47.360076" elapsed="5.912290"/>
</kw>
<status status="PASS" start="2026-03-04T11:57:44.755425" elapsed="8.517449"/>
</test>
<doc>Remmplir Le Formulaire</doc>
<status status="PASS" start="2026-03-04T11:57:44.180972" elapsed="9.091902"/>
</suite>
<suite id="s1-s3-s4" name="Product" source="C:\Users\GENIUS\IdeaProjects\ExoRoboframework\tests\ui\Product.robot">
<test id="s1-s3-s4-t1" name="Login" line="27">
<kw name="Login to website">
<kw name="Open Browser" owner="SeleniumLibrary">
<msg time="2026-03-04T11:57:44.485430" level="INFO">Opening browser 'chrome' to base url 'https://www.saucedemo.com/'.</msg>
<arg>${url}</arg>
<arg>chrome</arg>
<doc>Opens a new browser instance to the optional ``url``.</doc>
<status status="PASS" start="2026-03-04T11:57:44.484434" elapsed="9.727472"/>
</kw>
<kw name="Input Text" owner="SeleniumLibrary">
<msg time="2026-03-04T11:57:54.212907" level="INFO">Typing text 'standard_user' into text field 'id=user-name'.</msg>
<arg>id=user-name</arg>
<arg>${username}</arg>
<doc>Types the given ``text`` into the text field identified by ``locator``.</doc>
<status status="PASS" start="2026-03-04T11:57:54.211906" elapsed="0.214257"/>
</kw>
<kw name="Input Text" owner="SeleniumLibrary">
<msg time="2026-03-04T11:57:54.427157" level="INFO">Typing text 'secret_sauce' into text field 'id=password'.</msg>
<arg>id=password</arg>
<arg>${password}</arg>
<doc>Types the given ``text`` into the text field identified by ``locator``.</doc>
<status status="PASS" start="2026-03-04T11:57:54.426163" elapsed="0.180781"/>
</kw>
<kw name="Should Be Equal" owner="BuiltIn">
<arg>${username}</arg>
<arg>standard_user</arg>
<doc>Fails if the given objects are unequal.</doc>
<status status="PASS" start="2026-03-04T11:57:54.606944" elapsed="0.001007"/>
</kw>
<kw name="Click Button" owner="SeleniumLibrary">
<msg time="2026-03-04T11:57:54.607951" level="INFO">Clicking button 'id=login-button'.</msg>
<arg>id=login-button</arg>
<doc>Clicks the button identified by ``locator``.</doc>
<status status="PASS" start="2026-03-04T11:57:54.607951" elapsed="0.215359"/>
</kw>
<kw name="verify">
<kw name="Get Text" owner="SeleniumLibrary">
<msg time="2026-03-04T11:57:54.878967" level="INFO">${verifyname} = Sauce Labs Backpack</msg>
<var>${verifyname}</var>
<arg>xpath=//div[@class="inventory_item_name "]</arg>
<doc>Returns the text value of the element identified by ``locator``.</doc>
<status status="PASS" start="2026-03-04T11:57:54.823310" elapsed="0.055657"/>
</kw>
<kw name="Should Be Equal As Strings" owner="BuiltIn">
<arg>${verifyname}</arg>
<arg>Sauce Labs Backpack</arg>
<doc>Fails if objects are unequal after converting them to strings.</doc>
<status status="PASS" start="2026-03-04T11:57:54.878967" elapsed="0.000000"/>
</kw>
<status status="PASS" start="2026-03-04T11:57:54.823310" elapsed="0.055657"/>
</kw>
<kw name="Sleep" owner="BuiltIn">
<msg time="2026-03-04T11:57:59.880604" level="INFO">Slept 5 seconds.</msg>
<arg>5</arg>
<doc>Pauses the test executed for the given time.</doc>
<status status="PASS" start="2026-03-04T11:57:54.879976" elapsed="5.000628"/>
</kw>
<kw name="Close Browser" owner="SeleniumLibrary">
<doc>Closes the current browser.</doc>
<status status="PASS" start="2026-03-04T11:57:59.880604" elapsed="2.215087"/>
</kw>
<status status="PASS" start="2026-03-04T11:57:44.483430" elapsed="17.613268"/>
</kw>
<tag>EN-21</tag>
<status status="PASS" start="2026-03-04T11:57:44.482433" elapsed="17.614265"/>
</test>
<status status="PASS" start="2026-03-04T11:57:44.149887" elapsed="17.947802"/>
</suite>
<suite id="s1-s3-s5" name="Tableau" source="C:\Users\GENIUS\IdeaProjects\ExoRoboframework\tests\ui\Tableau.robot">
<test id="s1-s3-s5-t1" name="Tableau" line="11">
<kw name="Open Browser" owner="SeleniumLibrary">
<msg time="2026-03-04T11:57:44.507982" level="INFO">Opening browser 'chrome' to base url 'C:/Users/GENIUS/IdeaProjects/ExoRoboframework/File/index.html'.</msg>
<arg>C:/Users/GENIUS/IdeaProjects/ExoRoboframework/File/index.html</arg>
<arg>chrome</arg>
<doc>Opens a new browser instance to the optional ``url``.</doc>
<status status="PASS" start="2026-03-04T11:57:44.506973" elapsed="7.734700"/>
</kw>
<kw name="Element Should Be Visible" owner="SeleniumLibrary">
<msg time="2026-03-04T11:57:52.302064" level="INFO">Element '//table' is displayed.</msg>
<arg>${table}</arg>
<doc>Verifies that the element identified by ``locator`` is visible.</doc>
<status status="PASS" start="2026-03-04T11:57:52.241673" elapsed="0.060391"/>
</kw>
<kw name="Wait Until Element Is Visible" owner="SeleniumLibrary">
<arg>${table}</arg>
<doc>Waits until the element ``locator`` is visible.</doc>
<status status="PASS" start="2026-03-04T11:57:52.303064" elapsed="0.020043"/>
</kw>
<kw name="Get Text" owner="SeleniumLibrary">
<msg time="2026-03-04T11:57:52.348670" level="INFO">${myvalue} = Product 1</msg>
<var>${myvalue}</var>
<arg>xpath=//table/thead/tr/th[2]</arg>
<doc>Returns the text value of the element identified by ``locator``.</doc>
<status status="PASS" start="2026-03-04T11:57:52.323107" elapsed="0.025563"/>
</kw>
<kw name="Get Text" owner="SeleniumLibrary">
<msg time="2026-03-04T11:57:52.371246" level="INFO">${myvalue2} = Price</msg>
<var>${myvalue2}</var>
<arg>xpath=//table/tbody/tr/td[1]</arg>
<doc>Returns the text value of the element identified by ``locator``.</doc>
<status status="PASS" start="2026-03-04T11:57:52.349671" elapsed="0.021575"/>
</kw>
<kw name="Should Be Equal" owner="BuiltIn">
<arg>${myvalue}</arg>
<arg>Product 1</arg>
<doc>Fails if the given objects are unequal.</doc>
<status status="PASS" start="2026-03-04T11:57:52.371246" elapsed="0.001008"/>
</kw>
<kw name="Should Be Equal" owner="BuiltIn">
<arg>${myvalue2}</arg>
<arg>Price</arg>
<doc>Fails if the given objects are unequal.</doc>
<status status="PASS" start="2026-03-04T11:57:52.372254" elapsed="0.001005"/>
</kw>
<status status="PASS" start="2026-03-04T11:57:44.505465" elapsed="7.867794"/>
</test>
<status status="PASS" start="2026-03-04T11:57:44.168446" elapsed="8.204813"/>
</suite>
<suite id="s1-s3-s6" name="TodoMvc" source="C:\Users\GENIUS\IdeaProjects\ExoRoboframework\tests\ui\TodoMvc.robot">
<test id="s1-s3-s6-t1" name="TodoMvc" line="14">
<kw name="Open Browser" owner="RPA.Browser">
<msg time="2026-03-04T11:57:45.307072" level="INFO">Opening browser 'chrome' to base url 'https://todomvc.com/'.</msg>
<arg>https://todomvc.com/</arg>
<arg>chrome</arg>
<doc>Opens a new browser instance to the optional ``url``.</doc>
<status status="PASS" start="2026-03-04T11:57:45.307072" elapsed="6.054417"/>
</kw>
<kw name="Click Element" owner="RPA.Browser">
<msg time="2026-03-04T11:57:51.362748" level="INFO">Clicking element 'class=link'.</msg>
<arg>class=link</arg>
<doc>Click the element identified by ``locator``.</doc>
<status status="PASS" start="2026-03-04T11:57:51.361489" elapsed="2.115231"/>
</kw>
<kw name="Input Text" owner="RPA.Browser">
<msg time="2026-03-04T11:57:53.476720" level="INFO">Typing text 'Robot Framework' into text field 'class=new-todo'.</msg>
<arg>class=new-todo</arg>
<arg>Robot Framework</arg>
<doc>Types the given ``text`` into the text field identified by ``locator``.</doc>
<status status="PASS" start="2026-03-04T11:57:53.476720" elapsed="0.173514"/>
</kw>
<kw name="Press Keys" owner="RPA.Browser">
<msg time="2026-03-04T11:57:53.651239" level="INFO">Sending key(s) ('ENTER',) to css:.new-todo element.</msg>
<msg time="2026-03-04T11:57:54.008328" level="INFO">Pressing special key ENTER to element.</msg>
<msg time="2026-03-04T11:57:54.009328" level="INFO">Releasing special key ENTER.</msg>
<arg>css:.new-todo</arg>
<arg>ENTER</arg>
<doc>Simulates the user pressing key(s) to an element or on the active browser.</doc>
<status status="PASS" start="2026-03-04T11:57:53.650234" elapsed="0.409630"/>
</kw>
<kw name="Input Text" owner="RPA.Browser">
<msg time="2026-03-04T11:57:54.061378" level="INFO">Typing text 'Selenium' into text field 'class=new-todo'.</msg>
<arg>class=new-todo</arg>
<arg>Selenium</arg>
<doc>Types the given ``text`` into the text field identified by ``locator``.</doc>
<status status="PASS" start="2026-03-04T11:57:54.059864" elapsed="0.147044"/>
</kw>
<kw name="Press Keys" owner="RPA.Browser">
<msg time="2026-03-04T11:57:54.207909" level="INFO">Sending key(s) ('ENTER',) to css=.new-todo element.</msg>
<msg time="2026-03-04T11:57:54.509904" level="INFO">Pressing special key ENTER to element.</msg>
<msg time="2026-03-04T11:57:54.509904" level="INFO">Releasing special key ENTER.</msg>
<arg>css=.new-todo</arg>
<arg>ENTER</arg>
<doc>Simulates the user pressing key(s) to an element or on the active browser.</doc>
<status status="PASS" start="2026-03-04T11:57:54.206908" elapsed="0.317984"/>
</kw>
<kw name="Click Element" owner="RPA.Browser">
<msg time="2026-03-04T11:57:54.525897" level="INFO">Clicking element 'class=toggle'.</msg>
<arg>class=toggle</arg>
<doc>Click the element identified by ``locator``.</doc>
<status status="PASS" start="2026-03-04T11:57:54.525897" elapsed="0.124072"/>
</kw>
<kw name="Get Text" owner="RPA.Browser">
<msg time="2026-03-04T11:57:54.687914" level="INFO">${biil} = 1 item left!</msg>
<var>${biil}</var>
<arg>xpath=//span[@class="todo-count"]</arg>
<doc>Returns the text value of the element identified by ``locator``.</doc>
<status status="PASS" start="2026-03-04T11:57:54.650975" elapsed="0.036939"/>
</kw>
<if>
<branch type="IF" condition="'${biil}' == '1 item left!'">
<kw name="Should Be Equal" owner="BuiltIn">
<arg>${biil}</arg>
<arg>${myvariable}</arg>
<doc>Fails if the given objects are unequal.</doc>
<status status="PASS" start="2026-03-04T11:57:54.688912" elapsed="0.001000"/>
</kw>
<status status="PASS" start="2026-03-04T11:57:54.688912" elapsed="0.001000"/>
</branch>
<branch type="ELSE">
<kw name="Log" owner="BuiltIn">
<arg>il ne sont pas egaux</arg>
<doc>Logs the given message with the given level.</doc>
<status status="NOT RUN" start="2026-03-04T11:57:54.689912" elapsed="0.000000"/>
</kw>
<status status="NOT RUN" start="2026-03-04T11:57:54.689912" elapsed="0.000000"/>
</branch>
<status status="PASS" start="2026-03-04T11:57:54.688912" elapsed="0.001000"/>
</if>
<status status="PASS" start="2026-03-04T11:57:45.305073" elapsed="9.384839"/>
</test>
<status status="PASS" start="2026-03-04T11:57:44.177963" elapsed="10.512948"/>
</suite>
<suite id="s1-s3-s7" name="VerifyTableau" source="C:\Users\GENIUS\IdeaProjects\ExoRoboframework\tests\ui\VerifyTableau.robot">
<test id="s1-s3-s7-t1" name="Launch" line="19">
<kw name="Login to website">
<kw name="Open Browser" owner="SeleniumLibrary">
<msg time="2026-03-04T11:57:44.464371" level="INFO">Opening browser 'chrome' to base url 'C:/Users/GENIUS/IdeaProjects/ExoRoboframework/File/index.html'.</msg>
<arg>${url}</arg>
<arg>chrome</arg>
<doc>Opens a new browser instance to the optional ``url``.</doc>
<status status="PASS" start="2026-03-04T11:57:44.464371" elapsed="1.589638"/>
</kw>
<kw name="Get WebElements" owner="SeleniumLibrary">
<msg time="2026-03-04T11:57:46.175608" level="INFO">@{elements} = [ ]</msg>
<var>@{elements}</var>
<arg>xpath=//h2[@class="dolor_text"]</arg>
<doc>Returns a list of WebElement objects matching the ``locator``.</doc>
<status status="PASS" start="2026-03-04T11:57:46.054009" elapsed="0.121599"/>
</kw>
<for flavor="IN">
<iter>
<kw name="Get Text" owner="SeleniumLibrary">
<var>${text}</var>
<arg>${element}</arg>
<doc>Returns the text value of the element identified by ``locator``.</doc>
<status status="NOT RUN" start="2026-03-04T11:57:46.176610" elapsed="0.000000"/>
</kw>
<kw name="Log" owner="BuiltIn">
<arg>${text}</arg>
<doc>Logs the given message with the given level.</doc>
<status status="NOT RUN" start="2026-03-04T11:57:46.176610" elapsed="0.000998"/>
</kw>
<var name="${element}"/>
<status status="NOT RUN" start="2026-03-04T11:57:46.176610" elapsed="0.000998"/>
</iter>
<var>${element}</var>
<value>@{elements}</value>
<status status="NOT RUN" start="2026-03-04T11:57:46.175608" elapsed="0.002000"/>
</for>
<status status="PASS" start="2026-03-04T11:57:44.462373" elapsed="1.715235"/>
</kw>
<tag>EN-21</tag>
<status status="PASS" start="2026-03-04T11:57:44.457856" elapsed="1.719752"/>
</test>
<status status="PASS" start="2026-03-04T11:57:44.144878" elapsed="2.033730"/>
</suite>
<status status="PASS" start="2026-03-04T11:57:44.140000" elapsed="17.958000"/>
</suite>
<doc>[https://pabot.org/?ref=log|Pabot] result from 10 executions.</doc>
<status status="FAIL" start="2026-03-04T11:57:44.116000" elapsed="17.984000"/>
</suite>
<statistics>
<total>
<stat pass="9" fail="2" skip="0">All Tests</stat>
</total>
<tag>
<stat pass="3" fail="0" skip="0">EN-21</stat>
</tag>
<suite>
<stat name="Tests" id="s1" pass="9" fail="2" skip="0">Tests</stat>
<stat name="Api" id="s1-s1" pass="1" fail="1" skip="0">Tests.Api</stat>
<stat name="CreateCommande" id="s1-s1-s1" pass="0" fail="1" skip="0">Tests.Api.CreateCommande</stat>
<stat name="Readfile" id="s1-s1-s2" pass="1" fail="0" skip="0">Tests.Api.Readfile</stat>
<stat name="Intermediaire" id="s1-s2" pass="1" fail="1" skip="0">Tests.Intermediaire</stat>
<stat name="Exo" id="s1-s2-s1" pass="1" fail="1" skip="0">Tests.Intermediaire.Exo</stat>
<stat name="Ui" id="s1-s3" pass="7" fail="0" skip="0">Tests.Ui</stat>
<stat name="Data-Driven Testing" id="s1-s3-s1" pass="1" fail="0" skip="0">Tests.Ui.Data-Driven Testing</stat>
<stat name="Excelmanipulation" id="s1-s3-s2" pass="1" fail="0" skip="0">Tests.Ui.Excelmanipulation</stat>
<stat name="Forms" id="s1-s3-s3" pass="1" fail="0" skip="0">Tests.Ui.Forms</stat>
<stat name="Product" id="s1-s3-s4" pass="1" fail="0" skip="0">Tests.Ui.Product</stat>
<stat name="Tableau" id="s1-s3-s5" pass="1" fail="0" skip="0">Tests.Ui.Tableau</stat>
<stat name="TodoMvc" id="s1-s3-s6" pass="1" fail="0" skip="0">Tests.Ui.TodoMvc</stat>
<stat name="VerifyTableau" id="s1-s3-s7" pass="1" fail="0" skip="0">Tests.Ui.VerifyTableau</stat>
</suite>
</statistics>
<errors>
<msg time="2026-03-04T11:57:45.438981" level="WARN">Keyword 'RPA.HTTP.To Json' is deprecated. Please use ${resp.json()} instead. Have a look at the improved HTML output as pretty printing replacement.</msg>
<msg time="2026-03-04T11:57:45.440981" level="WARN">Keyword 'RPA.HTTP.To Json' is deprecated. Please use ${resp.json()} instead. Have a look at the improved HTML output as pretty printing replacement.</msg>
<msg time="2026-03-04T11:57:45.082597" level="WARN">This is a deprecated import that will be removed in favor of RPA.Browser.Selenium</msg>
<msg time="2026-03-04T11:57:45.252456" level="WARN">Keyword 'RequestsLibrary.To Json' is deprecated. Please use ${resp.json()} instead. Have a look at the improved HTML output as pretty printing replacement.</msg>
<msg time="2026-03-04T11:57:44.660423" level="WARN">This is a deprecated import that will be removed in favor of RPA.Browser.Selenium</msg>
</errors>
</robot>
